This is pdfTeX, Version 3.141592653-2.6-1.40.25 (MiKTeX 24.1) (preloaded format=pdflatex 2025.3.9)  29 DEC 2025 18:54
entering extended mode
 restricted \write18 enabled.
 file:line:error style messages enabled.
 %&-line parsing enabled.
**c:/Users/dany2/OneDrive/Desktop/UniSassari/Appunti_latex/Appunti_Algoritmi_Strutture_Dati/main_document/main.tex
(c:/Users/dany2/OneDrive/Desktop/UniSassari/Appunti_latex/Appunti_Algoritmi_Strutture_Dati/main_document/main.tex
LaTeX2e <2023-11-01> patch level 1
L3 programming layer <2024-01-04>
(C:\Users\dany2\AppData\Local\Programs\MiKTeX\tex/latex/base\article.cls
Document Class: article 2023/05/17 v1.4n Standard LaTeX document class
(C:\Users\dany2\AppData\Local\Programs\MiKTeX\tex/latex/base\size12.clo
File: size12.clo 2023/05/17 v1.4n Standard LaTeX file (size option)
)
\c@part=\count187
\c@section=\count188
\c@subsection=\count189
\c@subsubsection=\count190
\c@paragraph=\count191
\c@subparagraph=\count192
\c@figure=\count193
\c@table=\count194
\abovecaptionskip=\skip48
\belowcaptionskip=\skip49
\bibindent=\dimen140
) (../packages/packages.tex (C:\Users\dany2\AppData\Local\Programs\MiKTeX\tex/latex/base\inputenc.sty
Package: inputenc 2021/02/14 v1.3d Input encoding file
\inpenc@prehook=\toks17
\inpenc@posthook=\toks18
) (C:\Users\dany2\AppData\Local\Programs\MiKTeX\tex/latex/base\fontenc.sty
Package: fontenc 2021/04/29 v2.0v Standard LaTeX package
) (C:\Users\dany2\AppData\Local\Programs\MiKTeX\tex/latex/lm\lmodern.sty
Package: lmodern 2015/05/01 v1.6.1 Latin Modern Fonts
LaTeX Font Info:    Overwriting symbol font `operators' in version `normal'
(Font)                  OT1/cmr/m/n --> OT1/lmr/m/n on input line 22.
LaTeX Font Info:    Overwriting symbol font `letters' in version `normal'
(Font)                  OML/cmm/m/it --> OML/lmm/m/it on input line 23.
LaTeX Font Info:    Overwriting symbol font `symbols' in version `normal'
(Font)                  OMS/cmsy/m/n --> OMS/lmsy/m/n on input line 24.
LaTeX Font Info:    Overwriting symbol font `largesymbols' in version `normal'
(Font)                  OMX/cmex/m/n --> OMX/lmex/m/n on input line 25.
LaTeX Font Info:    Overwriting symbol font `operators' in version `bold'
(Font)                  OT1/cmr/bx/n --> OT1/lmr/bx/n on input line 26.
LaTeX Font Info:    Overwriting symbol font `letters' in version `bold'
(Font)                  OML/cmm/b/it --> OML/lmm/b/it on input line 27.
LaTeX Font Info:    Overwriting symbol font `symbols' in version `bold'
(Font)                  OMS/cmsy/b/n --> OMS/lmsy/b/n on input line 28.
LaTeX Font Info:    Overwriting symbol font `largesymbols' in version `bold'
(Font)                  OMX/cmex/m/n --> OMX/lmex/m/n on input line 29.
LaTeX Font Info:    Overwriting math alphabet `\mathbf' in version `normal'
(Font)                  OT1/cmr/bx/n --> OT1/lmr/bx/n on input line 31.
LaTeX Font Info:    Overwriting math alphabet `\mathsf' in version `normal'
(Font)                  OT1/cmss/m/n --> OT1/lmss/m/n on input line 32.
LaTeX Font Info:    Overwriting math alphabet `\mathit' in version `normal'
(Font)                  OT1/cmr/m/it --> OT1/lmr/m/it on input line 33.
LaTeX Font Info:    Overwriting math alphabet `\mathtt' in version `normal'
(Font)                  OT1/cmtt/m/n --> OT1/lmtt/m/n on input line 34.
LaTeX Font Info:    Overwriting math alphabet `\mathbf' in version `bold'
(Font)                  OT1/cmr/bx/n --> OT1/lmr/bx/n on input line 35.
LaTeX Font Info:    Overwriting math alphabet `\mathsf' in version `bold'
(Font)                  OT1/cmss/bx/n --> OT1/lmss/bx/n on input line 36.
LaTeX Font Info:    Overwriting math alphabet `\mathit' in version `bold'
(Font)                  OT1/cmr/bx/it --> OT1/lmr/bx/it on input line 37.
LaTeX Font Info:    Overwriting math alphabet `\mathtt' in version `bold'
(Font)                  OT1/cmtt/m/n --> OT1/lmtt/m/n on input line 38.
) (C:\Users\dany2\AppData\Local\Programs\MiKTeX\tex/latex/graphics\graphicx.sty
Package: graphicx 2021/09/16 v1.2d Enhanced LaTeX Graphics (DPC,SPQR)
 (C:\Users\dany2\AppData\Local\Programs\MiKTeX\tex/latex/graphics\keyval.sty
Package: keyval 2022/05/29 v1.15 key=value parser (DPC)
\KV@toks@=\toks19
) (C:\Users\dany2\AppData\Local\Programs\MiKTeX\tex/latex/graphics\graphics.sty
Package: graphics 2022/03/10 v1.4e Standard LaTeX Graphics (DPC,SPQR)
 (C:\Users\dany2\AppData\Local\Programs\MiKTeX\tex/latex/graphics\trig.sty
Package: trig 2021/08/11 v1.11 sin cos tan (DPC)
) (C:\Users\dany2\AppData\Local\Programs\MiKTeX\tex/latex/graphics-cfg\graphics.cfg
File: graphics.cfg 2016/06/04 v1.11 sample graphics configuration
)
Package graphics Info: Driver file: pdftex.def on input line 107.
 (C:\Users\dany2\AppData\Local\Programs\MiKTeX\tex/latex/graphics-def\pdftex.def
File: pdftex.def 2022/09/22 v1.2b Graphics/color driver for pdftex
))
\Gin@req@height=\dimen141
\Gin@req@width=\dimen142
) (C:\Users\dany2\AppData\Local\Programs\MiKTeX\tex/latex/psnfss\charter.sty
Package: charter 2020/03/25 PSNFSS-v9.3 (P.Dyballa) 
) (C:\Users\dany2\AppData\Local\Programs\MiKTeX\tex/latex/microtype\microtype.sty
Package: microtype 2025/02/11 v3.2a Micro-typographical refinements (RS)
 (C:\Users\dany2\AppData\Local\Programs\MiKTeX\tex/latex/etoolbox\etoolbox.sty
Package: etoolbox 2020/10/05 v2.5k e-TeX tools for LaTeX (JAW)
\etb@tempcnta=\count195
)
\MT@toks=\toks20
\MT@tempbox=\box51
\MT@count=\count196
LaTeX Info: Redefining \noprotrusionifhmode on input line 1087.
LaTeX Info: Redefining \leftprotrusion on input line 1088.
\MT@prot@toks=\toks21
LaTeX Info: Redefining \rightprotrusion on input line 1107.
LaTeX Info: Redefining \textls on input line 1449.
\MT@outer@kern=\dimen143
LaTeX Info: Redefining \microtypecontext on input line 2053.
LaTeX Info: Redefining \textmicrotypecontext on input line 2070.
\MT@listname@count=\count197
 (C:\Users\dany2\AppData\Local\Programs\MiKTeX\tex/latex/microtype\microtype-pdftex.def
File: microtype-pdftex.def 2025/02/11 v3.2a Definitions specific to pdftex (RS)
LaTeX Info: Redefining \lsstyle on input line 944.
LaTeX Info: Redefining \lslig on input line 944.
\MT@outer@space=\skip50
)
Package microtype Info: Loading configuration file microtype.cfg.
 (C:\Users\dany2\AppData\Local\Programs\MiKTeX\tex/latex/microtype\microtype.cfg
File: microtype.cfg 2025/02/11 v3.2a microtype main configuration file (RS)
)
LaTeX Info: Redefining \microtypesetup on input line 3065.
) (C:\Users\dany2\AppData\Local\Programs\MiKTeX\tex/latex/titling\titling.sty
Package: titling 2009/09/04 v2.1d maketitle typesetting
\thanksmarkwidth=\skip51
\thanksmargin=\skip52
\droptitle=\skip53
) (C:\Users\dany2\AppData\Local\Programs\MiKTeX\tex/latex/geometry\geometry.sty
Package: geometry 2020/01/02 v5.9 Page Geometry
 (C:\Users\dany2\AppData\Local\Programs\MiKTeX\tex/generic/iftex\ifvtex.sty
Package: ifvtex 2019/10/25 v1.7 ifvtex legacy package. Use iftex instead.
 (C:\Users\dany2\AppData\Local\Programs\MiKTeX\tex/generic/iftex\iftex.sty
Package: iftex 2022/02/03 v1.0f TeX engine tests
))
\Gm@cnth=\count198
\Gm@cntv=\count199
\c@Gm@tempcnt=\count266
\Gm@bindingoffset=\dimen144
\Gm@wd@mp=\dimen145
\Gm@odd@mp=\dimen146
\Gm@even@mp=\dimen147
\Gm@layoutwidth=\dimen148
\Gm@layoutheight=\dimen149
\Gm@layouthoffset=\dimen150
\Gm@layoutvoffset=\dimen151
\Gm@dimlist=\toks22
 (C:\Users\dany2\AppData\Local\Programs\MiKTeX\tex/latex/geometry\geometry.cfg)) (C:\Users\dany2\AppData\Local\Programs\MiKTeX\tex/latex/setspace\setspace.sty
Package: setspace 2022/12/04 v6.7b set line spacing
) (C:\Users\dany2\AppData\Local\Programs\MiKTeX\tex/latex/enumitem\enumitem.sty
Package: enumitem 2025/02/06 v3.11 Customized lists
\labelindent=\skip54
\enit@outerparindent=\dimen152
\enit@toks=\toks23
\enit@inbox=\box52
\enit@count@id=\count267
\enitdp@description=\count268
) (C:\Users\dany2\AppData\Local\Programs\MiKTeX\tex/latex/float\float.sty
Package: float 2001/11/08 v1.3d Float enhancements (AL)
\c@float@type=\count269
\float@exts=\toks24
\float@box=\box53
\@float@everytoks=\toks25
\@floatcapt=\box54
) (C:\Users\dany2\AppData\Local\Programs\MiKTeX\tex/latex/wrapfig\wrapfig.sty
\wrapoverhang=\dimen153
\WF@size=\dimen154
\c@WF@wrappedlines=\count270
\WF@box=\box55
\WF@everypar=\toks26
Package: wrapfig 2003/01/31  v 3.6
) (C:\Users\dany2\AppData\Local\Programs\MiKTeX\tex/latex/subfig\subfig.sty
Package: subfig 2005/06/28 ver: 1.3 subfig package
 (C:\Users\dany2\AppData\Local\Programs\MiKTeX\tex/latex/caption\caption.sty
Package: caption 2023/08/05 v3.6o Customizing captions (AR)
 (C:\Users\dany2\AppData\Local\Programs\MiKTeX\tex/latex/caption\caption3.sty
Package: caption3 2023/07/31 v2.4d caption3 kernel (AR)
\caption@tempdima=\dimen155
\captionmargin=\dimen156
\caption@leftmargin=\dimen157
\caption@rightmargin=\dimen158
\caption@width=\dimen159
\caption@indent=\dimen160
\caption@parindent=\dimen161
\caption@hangindent=\dimen162
Package caption Info: Standard document class detected.
)
\c@caption@flags=\count271
\c@continuedfloat=\count272
Package caption Info: float package is loaded.
Package caption Info: wrapfig package is loaded.
)
\c@KVtest=\count273
\sf@farskip=\skip55
\sf@captopadj=\dimen163
\sf@capskip=\skip56
\sf@nearskip=\skip57
\c@subfigure=\count274
\c@subfigure@save=\count275
\c@lofdepth=\count276
\c@subtable=\count277
\c@subtable@save=\count278
\c@lotdepth=\count279
\sf@top=\skip58
\sf@bottom=\skip59
) (C:\Users\dany2\AppData\Local\Programs\MiKTeX\tex/latex/tools\xr.sty
Package: xr 2023-07-04 v5.06 eXternal References (DPC)
) (C:\Users\dany2\AppData\Local\Programs\MiKTeX\tex/latex/hyperref\hyperref.sty
Package: hyperref 2023-11-26 v7.01g Hypertext links for LaTeX
 (C:\Users\dany2\AppData\Local\Programs\MiKTeX\tex/generic/infwarerr\infwarerr.sty
Package: infwarerr 2019/12/03 v1.5 Providing info/warning/error messages (HO)
) (C:\Users\dany2\AppData\Local\Programs\MiKTeX\tex/latex/kvsetkeys\kvsetkeys.sty
Package: kvsetkeys 2022-10-05 v1.19 Key value parser (HO)
) (C:\Users\dany2\AppData\Local\Programs\MiKTeX\tex/generic/kvdefinekeys\kvdefinekeys.sty
Package: kvdefinekeys 2019-12-19 v1.6 Define keys (HO)
) (C:\Users\dany2\AppData\Local\Programs\MiKTeX\tex/generic/pdfescape\pdfescape.sty
Package: pdfescape 2019/12/09 v1.15 Implements pdfTeX's escape features (HO)
 (C:\Users\dany2\AppData\Local\Programs\MiKTeX\tex/generic/ltxcmds\ltxcmds.sty
Package: ltxcmds 2023-12-04 v1.26 LaTeX kernel commands for general use (HO)
) (C:\Users\dany2\AppData\Local\Programs\MiKTeX\tex/generic/pdftexcmds\pdftexcmds.sty
Package: pdftexcmds 2020-06-27 v0.33 Utility functions of pdfTeX for LuaTeX (HO)
Package pdftexcmds Info: \pdf@primitive is available.
Package pdftexcmds Info: \pdf@ifprimitive is available.
Package pdftexcmds Info: \pdfdraftmode found.
)) (C:\Users\dany2\AppData\Local\Programs\MiKTeX\tex/latex/hycolor\hycolor.sty
Package: hycolor 2020-01-27 v1.10 Color options for hyperref/bookmark (HO)
) (C:\Users\dany2\AppData\Local\Programs\MiKTeX\tex/latex/letltxmacro\letltxmacro.sty
Package: letltxmacro 2019/12/03 v1.6 Let assignment for LaTeX macros (HO)
) (C:\Users\dany2\AppData\Local\Programs\MiKTeX\tex/latex/auxhook\auxhook.sty
Package: auxhook 2019-12-17 v1.6 Hooks for auxiliary files (HO)
) (C:\Users\dany2\AppData\Local\Programs\MiKTeX\tex/latex/hyperref\nameref.sty
Package: nameref 2023-11-26 v2.56 Cross-referencing by name of section
 (C:\Users\dany2\AppData\Local\Programs\MiKTeX\tex/latex/refcount\refcount.sty
Package: refcount 2019/12/15 v3.6 Data extraction from label references (HO)
) (C:\Users\dany2\AppData\Local\Programs\MiKTeX\tex/generic/gettitlestring\gettitlestring.sty
Package: gettitlestring 2019/12/15 v1.6 Cleanup title references (HO)
 (C:\Users\dany2\AppData\Local\Programs\MiKTeX\tex/latex/kvoptions\kvoptions.sty
Package: kvoptions 2022-06-15 v3.15 Key value format for package options (HO)
))
\c@section@level=\count280
)
\@linkdim=\dimen164
\Hy@linkcounter=\count281
\Hy@pagecounter=\count282
 (C:\Users\dany2\AppData\Local\Programs\MiKTeX\tex/latex/hyperref\pd1enc.def
File: pd1enc.def 2023-11-26 v7.01g Hyperref: PDFDocEncoding definition (HO)
Now handling font encoding PD1 ...
... no UTF-8 mapping file for font encoding PD1
) (C:\Users\dany2\AppData\Local\Programs\MiKTeX\tex/generic/intcalc\intcalc.sty
Package: intcalc 2019/12/15 v1.3 Expandable calculations with integers (HO)
)
\Hy@SavedSpaceFactor=\count283
 (C:\Users\dany2\AppData\Local\Programs\MiKTeX\tex/latex/hyperref\puenc.def
File: puenc.def 2023-11-26 v7.01g Hyperref: PDF Unicode definition (HO)
Now handling font encoding PU ...
... no UTF-8 mapping file for font encoding PU
)
Package hyperref Info: Hyper figures OFF on input line 4181.
Package hyperref Info: Link nesting OFF on input line 4186.
Package hyperref Info: Hyper index ON on input line 4189.
Package hyperref Info: Plain pages OFF on input line 4196.
Package hyperref Info: Backreferencing OFF on input line 4201.
Package hyperref Info: Implicit mode ON; LaTeX internals redefined.
Package hyperref Info: Bookmarks ON on input line 4448.
\c@Hy@tempcnt=\count284
 (C:\Users\dany2\AppData\Local\Programs\MiKTeX\tex/latex/url\url.sty
\Urlmuskip=\muskip16
Package: url 2013/09/16  ver 3.4  Verb mode for urls, etc.
)
LaTeX Info: Redefining \url on input line 4786.
\XeTeXLinkMargin=\dimen165
 (C:\Users\dany2\AppData\Local\Programs\MiKTeX\tex/generic/bitset\bitset.sty
Package: bitset 2019/12/09 v1.3 Handle bit-vector datatype (HO)
 (C:\Users\dany2\AppData\Local\Programs\MiKTeX\tex/generic/bigintcalc\bigintcalc.sty
Package: bigintcalc 2019/12/15 v1.5 Expandable calculations on big integers (HO)
))
\Fld@menulength=\count285
\Field@Width=\dimen166
\Fld@charsize=\dimen167
Package hyperref Info: Hyper figures OFF on input line 6065.
Package hyperref Info: Link nesting OFF on input line 6070.
Package hyperref Info: Hyper index ON on input line 6073.
Package hyperref Info: backreferencing OFF on input line 6080.
Package hyperref Info: Link coloring OFF on input line 6085.
Package hyperref Info: Link coloring with OCG OFF on input line 6090.
Package hyperref Info: PDF/A mode OFF on input line 6095.
 (C:\Users\dany2\AppData\Local\Programs\MiKTeX\tex/latex/base\atbegshi-ltx.sty
Package: atbegshi-ltx 2021/01/10 v1.0c Emulation of the original atbegshi
package with kernel methods
)
\Hy@abspage=\count286
\c@Item=\count287
\c@Hfootnote=\count288
)
Package hyperref Info: Driver (autodetected): hpdftex.
 (C:\Users\dany2\AppData\Local\Programs\MiKTeX\tex/latex/hyperref\hpdftex.def
File: hpdftex.def 2023-11-26 v7.01g Hyperref driver for pdfTeX
 (C:\Users\dany2\AppData\Local\Programs\MiKTeX\tex/latex/base\atveryend-ltx.sty
Package: atveryend-ltx 2020/08/19 v1.0a Emulation of the original atveryend package
with kernel methods
)
\Fld@listcount=\count289
\c@bookmark@seq@number=\count290
 (C:\Users\dany2\AppData\Local\Programs\MiKTeX\tex/latex/rerunfilecheck\rerunfilecheck.sty
Package: rerunfilecheck 2022-07-10 v1.10 Rerun checks for auxiliary files (HO)
 (C:\Users\dany2\AppData\Local\Programs\MiKTeX\tex/generic/uniquecounter\uniquecounter.sty
Package: uniquecounter 2019/12/15 v1.4 Provide unlimited unique counter (HO)
)
Package uniquecounter Info: New unique counter `rerunfilecheck' on input line 285.
)
\Hy@SectionHShift=\skip60
) (C:\Users\dany2\AppData\Local\Programs\MiKTeX\tex/latex/booktabs\booktabs.sty
Package: booktabs 2020/01/12 v1.61803398 Publication quality tables
\heavyrulewidth=\dimen168
\lightrulewidth=\dimen169
\cmidrulewidth=\dimen170
\belowrulesep=\dimen171
\belowbottomsep=\dimen172
\aboverulesep=\dimen173
\abovetopsep=\dimen174
\cmidrulesep=\dimen175
\cmidrulekern=\dimen176
\defaultaddspace=\dimen177
\@cmidla=\count291
\@cmidlb=\count292
\@aboverulesep=\dimen178
\@belowrulesep=\dimen179
\@thisruleclass=\count293
\@lastruleclass=\count294
\@thisrulewidth=\dimen180
) (C:\Users\dany2\AppData\Local\Programs\MiKTeX\tex/latex/tools\array.sty
Package: array 2023/10/16 v2.5g Tabular extension package (FMi)
\col@sep=\dimen181
\ar@mcellbox=\box56
\extrarowheight=\dimen182
\NC@list=\toks27
\extratabsurround=\skip61
\backup@length=\skip62
\ar@cellbox=\box57
) (C:\Users\dany2\AppData\Local\Programs\MiKTeX\tex/latex/tools\tabularx.sty
Package: tabularx 2023/07/08 v2.11c `tabularx' package (DPC)
\TX@col@width=\dimen183
\TX@old@table=\dimen184
\TX@old@col=\dimen185
\TX@target=\dimen186
\TX@delta=\dimen187
\TX@cols=\count295
\TX@ftn=\toks28
) (C:\Users\dany2\AppData\Local\Programs\MiKTeX\tex/latex/placeins\placeins.sty
Package: placeins 2005/04/18  v 2.2
) (C:\Users\dany2\AppData\Local\Programs\MiKTeX\tex/latex/colortbl\colortbl.sty
Package: colortbl 2024/07/06 v1.0i Color table columns (DPC)
 (C:\Users\dany2\AppData\Local\Programs\MiKTeX\tex/latex/graphics\color.sty
Package: color 2022/01/06 v1.3d Standard LaTeX Color (DPC)
 (C:\Users\dany2\AppData\Local\Programs\MiKTeX\tex/latex/graphics-cfg\color.cfg
File: color.cfg 2016/01/02 v1.6 sample color configuration
)
Package color Info: Driver file: pdftex.def on input line 149.
 (C:\Users\dany2\AppData\Local\Programs\MiKTeX\tex/latex/graphics\mathcolor.ltx))
\everycr=\toks29
\minrowclearance=\skip63
\rownum=\count296
) (C:\Users\dany2\AppData\Local\Programs\MiKTeX\tex/latex/pgf/frontendlayer\tikz.sty (C:\Users\dany2\AppData\Local\Programs\MiKTeX\tex/latex/pgf/basiclayer\pgf.sty (C:\Users\dany2\AppData\Local\Programs\MiKTeX\tex/latex/pgf/utilities\pgfrcs.sty (C:\Users\dany2\AppData\Local\Programs\MiKTeX\tex/generic/pgf/utilities\pgfutil-common.tex
\pgfutil@everybye=\toks30
\pgfutil@tempdima=\dimen188
\pgfutil@tempdimb=\dimen189
) (C:\Users\dany2\AppData\Local\Programs\MiKTeX\tex/generic/pgf/utilities\pgfutil-latex.def
\pgfutil@abb=\box58
) (C:\Users\dany2\AppData\Local\Programs\MiKTeX\tex/generic/pgf/utilities\pgfrcs.code.tex (C:\Users\dany2\AppData\Local\Programs\MiKTeX\tex/generic/pgf\pgf.revision.tex)
Package: pgfrcs 2023-01-15 v3.1.10 (3.1.10)
))
Package: pgf 2023-01-15 v3.1.10 (3.1.10)
 (C:\Users\dany2\AppData\Local\Programs\MiKTeX\tex/latex/pgf/basiclayer\pgfcore.sty (C:\Users\dany2\AppData\Local\Programs\MiKTeX\tex/latex/pgf/systemlayer\pgfsys.sty (C:\Users\dany2\AppData\Local\Programs\MiKTeX\tex/generic/pgf/systemlayer\pgfsys.code.tex
Package: pgfsys 2023-01-15 v3.1.10 (3.1.10)
 (C:\Users\dany2\AppData\Local\Programs\MiKTeX\tex/generic/pgf/utilities\pgfkeys.code.tex
\pgfkeys@pathtoks=\toks31
\pgfkeys@temptoks=\toks32
 (C:\Users\dany2\AppData\Local\Programs\MiKTeX\tex/generic/pgf/utilities\pgfkeyslibraryfiltered.code.tex
\pgfkeys@tmptoks=\toks33
))
\pgf@x=\dimen190
\pgf@y=\dimen191
\pgf@xa=\dimen192
\pgf@ya=\dimen193
\pgf@xb=\dimen194
\pgf@yb=\dimen195
\pgf@xc=\dimen196
\pgf@yc=\dimen197
\pgf@xd=\dimen198
\pgf@yd=\dimen199
\w@pgf@writea=\write3
\r@pgf@reada=\read2
\c@pgf@counta=\count297
\c@pgf@countb=\count298
\c@pgf@countc=\count299
\c@pgf@countd=\count300
\t@pgf@toka=\toks34
\t@pgf@tokb=\toks35
\t@pgf@tokc=\toks36
\pgf@sys@id@count=\count301
 (C:\Users\dany2\AppData\Local\Programs\MiKTeX\tex/generic/pgf/systemlayer\pgf.cfg
File: pgf.cfg 2023-01-15 v3.1.10 (3.1.10)
)
Driver file for pgf: pgfsys-pdftex.def
 (C:\Users\dany2\AppData\Local\Programs\MiKTeX\tex/generic/pgf/systemlayer\pgfsys-pdftex.def
File: pgfsys-pdftex.def 2023-01-15 v3.1.10 (3.1.10)
 (C:\Users\dany2\AppData\Local\Programs\MiKTeX\tex/generic/pgf/systemlayer\pgfsys-common-pdf.def
File: pgfsys-common-pdf.def 2023-01-15 v3.1.10 (3.1.10)
))) (C:\Users\dany2\AppData\Local\Programs\MiKTeX\tex/generic/pgf/systemlayer\pgfsyssoftpath.code.tex
File: pgfsyssoftpath.code.tex 2023-01-15 v3.1.10 (3.1.10)
\pgfsyssoftpath@smallbuffer@items=\count302
\pgfsyssoftpath@bigbuffer@items=\count303
) (C:\Users\dany2\AppData\Local\Programs\MiKTeX\tex/generic/pgf/systemlayer\pgfsysprotocol.code.tex
File: pgfsysprotocol.code.tex 2023-01-15 v3.1.10 (3.1.10)
)) (C:\Users\dany2\AppData\Local\Programs\MiKTeX\tex/latex/xcolor\xcolor.sty
Package: xcolor 2023/11/15 v3.01 LaTeX color extensions (UK)
 (C:\Users\dany2\AppData\Local\Programs\MiKTeX\tex/latex/graphics-cfg\color.cfg
File: color.cfg 2016/01/02 v1.6 sample color configuration
)
Package xcolor Info: Driver file: pdftex.def on input line 274.
LaTeX Info: Redefining \color on input line 758.
 (C:\Users\dany2\AppData\Local\Programs\MiKTeX\tex/latex/graphics\mathcolor.ltx)
Package xcolor Info: Model `cmy' substituted by `cmy0' on input line 1350.
Package xcolor Info: Model `hsb' substituted by `rgb' on input line 1354.
Package xcolor Info: Model `RGB' extended on input line 1366.
Package xcolor Info: Model `HTML' substituted by `rgb' on input line 1368.
Package xcolor Info: Model `Hsb' substituted by `hsb' on input line 1369.
Package xcolor Info: Model `tHsb' substituted by `hsb' on input line 1370.
Package xcolor Info: Model `HSB' substituted by `hsb' on input line 1371.
Package xcolor Info: Model `Gray' substituted by `gray' on input line 1372.
Package xcolor Info: Model `wave' substituted by `hsb' on input line 1373.
) (C:\Users\dany2\AppData\Local\Programs\MiKTeX\tex/generic/pgf/basiclayer\pgfcore.code.tex
Package: pgfcore 2023-01-15 v3.1.10 (3.1.10)
 (C:\Users\dany2\AppData\Local\Programs\MiKTeX\tex/generic/pgf/math\pgfmath.code.tex (C:\Users\dany2\AppData\Local\Programs\MiKTeX\tex/generic/pgf/math\pgfmathutil.code.tex) (C:\Users\dany2\AppData\Local\Programs\MiKTeX\tex/generic/pgf/math\pgfmathparser.code.tex
\pgfmath@dimen=\dimen256
\pgfmath@count=\count304
\pgfmath@box=\box59
\pgfmath@toks=\toks37
\pgfmath@stack@operand=\toks38
\pgfmath@stack@operation=\toks39
) (C:\Users\dany2\AppData\Local\Programs\MiKTeX\tex/generic/pgf/math\pgfmathfunctions.code.tex) (C:\Users\dany2\AppData\Local\Programs\MiKTeX\tex/generic/pgf/math\pgfmathfunctions.basic.code.tex) (C:\Users\dany2\AppData\Local\Programs\MiKTeX\tex/generic/pgf/math\pgfmathfunctions.trigonometric.code.tex) (C:\Users\dany2\AppData\Local\Programs\MiKTeX\tex/generic/pgf/math\pgfmathfunctions.random.code.tex) (C:\Users\dany2\AppData\Local\Programs\MiKTeX\tex/generic/pgf/math\pgfmathfunctions.comparison.code.tex) (C:\Users\dany2\AppData\Local\Programs\MiKTeX\tex/generic/pgf/math\pgfmathfunctions.base.code.tex) (C:\Users\dany2\AppData\Local\Programs\MiKTeX\tex/generic/pgf/math\pgfmathfunctions.round.code.tex) (C:\Users\dany2\AppData\Local\Programs\MiKTeX\tex/generic/pgf/math\pgfmathfunctions.misc.code.tex) (C:\Users\dany2\AppData\Local\Programs\MiKTeX\tex/generic/pgf/math\pgfmathfunctions.integerarithmetics.code.tex) (C:\Users\dany2\AppData\Local\Programs\MiKTeX\tex/generic/pgf/math\pgfmathcalc.code.tex) (C:\Users\dany2\AppData\Local\Programs\MiKTeX\tex/generic/pgf/math\pgfmathfloat.code.tex
\c@pgfmathroundto@lastzeros=\count305
)) (C:\Users\dany2\AppData\Local\Programs\MiKTeX\tex/generic/pgf/math\pgfint.code.tex) (C:\Users\dany2\AppData\Local\Programs\MiKTeX\tex/generic/pgf/basiclayer\pgfcorepoints.code.tex
File: pgfcorepoints.code.tex 2023-01-15 v3.1.10 (3.1.10)
\pgf@picminx=\dimen257
\pgf@picmaxx=\dimen258
\pgf@picminy=\dimen259
\pgf@picmaxy=\dimen260
\pgf@pathminx=\dimen261
\pgf@pathmaxx=\dimen262
\pgf@pathminy=\dimen263
\pgf@pathmaxy=\dimen264
\pgf@xx=\dimen265
\pgf@xy=\dimen266
\pgf@yx=\dimen267
\pgf@yy=\dimen268
\pgf@zx=\dimen269
\pgf@zy=\dimen270
) (C:\Users\dany2\AppData\Local\Programs\MiKTeX\tex/generic/pgf/basiclayer\pgfcorepathconstruct.code.tex
File: pgfcorepathconstruct.code.tex 2023-01-15 v3.1.10 (3.1.10)
\pgf@path@lastx=\dimen271
\pgf@path@lasty=\dimen272
) (C:\Users\dany2\AppData\Local\Programs\MiKTeX\tex/generic/pgf/basiclayer\pgfcorepathusage.code.tex
File: pgfcorepathusage.code.tex 2023-01-15 v3.1.10 (3.1.10)
\pgf@shorten@end@additional=\dimen273
\pgf@shorten@start@additional=\dimen274
) (C:\Users\dany2\AppData\Local\Programs\MiKTeX\tex/generic/pgf/basiclayer\pgfcorescopes.code.tex
File: pgfcorescopes.code.tex 2023-01-15 v3.1.10 (3.1.10)
\pgfpic=\box60
\pgf@hbox=\box61
\pgf@layerbox@main=\box62
\pgf@picture@serial@count=\count306
) (C:\Users\dany2\AppData\Local\Programs\MiKTeX\tex/generic/pgf/basiclayer\pgfcoregraphicstate.code.tex
File: pgfcoregraphicstate.code.tex 2023-01-15 v3.1.10 (3.1.10)
\pgflinewidth=\dimen275
) (C:\Users\dany2\AppData\Local\Programs\MiKTeX\tex/generic/pgf/basiclayer\pgfcoretransformations.code.tex
File: pgfcoretransformations.code.tex 2023-01-15 v3.1.10 (3.1.10)
\pgf@pt@x=\dimen276
\pgf@pt@y=\dimen277
\pgf@pt@temp=\dimen278
) (C:\Users\dany2\AppData\Local\Programs\MiKTeX\tex/generic/pgf/basiclayer\pgfcorequick.code.tex
File: pgfcorequick.code.tex 2023-01-15 v3.1.10 (3.1.10)
) (C:\Users\dany2\AppData\Local\Programs\MiKTeX\tex/generic/pgf/basiclayer\pgfcoreobjects.code.tex
File: pgfcoreobjects.code.tex 2023-01-15 v3.1.10 (3.1.10)
) (C:\Users\dany2\AppData\Local\Programs\MiKTeX\tex/generic/pgf/basiclayer\pgfcorepathprocessing.code.tex
File: pgfcorepathprocessing.code.tex 2023-01-15 v3.1.10 (3.1.10)
) (C:\Users\dany2\AppData\Local\Programs\MiKTeX\tex/generic/pgf/basiclayer\pgfcorearrows.code.tex
File: pgfcorearrows.code.tex 2023-01-15 v3.1.10 (3.1.10)
\pgfarrowsep=\dimen279
) (C:\Users\dany2\AppData\Local\Programs\MiKTeX\tex/generic/pgf/basiclayer\pgfcoreshade.code.tex
File: pgfcoreshade.code.tex 2023-01-15 v3.1.10 (3.1.10)
\pgf@max=\dimen280
\pgf@sys@shading@range@num=\count307
\pgf@shadingcount=\count308
) (C:\Users\dany2\AppData\Local\Programs\MiKTeX\tex/generic/pgf/basiclayer\pgfcoreimage.code.tex
File: pgfcoreimage.code.tex 2023-01-15 v3.1.10 (3.1.10)
) (C:\Users\dany2\AppData\Local\Programs\MiKTeX\tex/generic/pgf/basiclayer\pgfcoreexternal.code.tex
File: pgfcoreexternal.code.tex 2023-01-15 v3.1.10 (3.1.10)
\pgfexternal@startupbox=\box63
) (C:\Users\dany2\AppData\Local\Programs\MiKTeX\tex/generic/pgf/basiclayer\pgfcorelayers.code.tex
File: pgfcorelayers.code.tex 2023-01-15 v3.1.10 (3.1.10)
) (C:\Users\dany2\AppData\Local\Programs\MiKTeX\tex/generic/pgf/basiclayer\pgfcoretransparency.code.tex
File: pgfcoretransparency.code.tex 2023-01-15 v3.1.10 (3.1.10)
) (C:\Users\dany2\AppData\Local\Programs\MiKTeX\tex/generic/pgf/basiclayer\pgfcorepatterns.code.tex
File: pgfcorepatterns.code.tex 2023-01-15 v3.1.10 (3.1.10)
) (C:\Users\dany2\AppData\Local\Programs\MiKTeX\tex/generic/pgf/basiclayer\pgfcorerdf.code.tex
File: pgfcorerdf.code.tex 2023-01-15 v3.1.10 (3.1.10)
))) (C:\Users\dany2\AppData\Local\Programs\MiKTeX\tex/generic/pgf/modules\pgfmoduleshapes.code.tex
File: pgfmoduleshapes.code.tex 2023-01-15 v3.1.10 (3.1.10)
\pgfnodeparttextbox=\box64
)
(C:\Users\dany2\AppData\Local\Programs\MiKTeX\tex/generic/pgf/modules\pgfmoduleplot.code.tex
File: pgfmoduleplot.code.tex 2023-01-15 v3.1.10 (3.1.10)
) (C:\Users\dany2\AppData\Local\Programs\MiKTeX\tex/latex/pgf/compatibility\pgfcomp-version-0-65.sty
Package: pgfcomp-version-0-65 2023-01-15 v3.1.10 (3.1.10)
\pgf@nodesepstart=\dimen281
\pgf@nodesepend=\dimen282
) (C:\Users\dany2\AppData\Local\Programs\MiKTeX\tex/latex/pgf/compatibility\pgfcomp-version-1-18.sty
Package: pgfcomp-version-1-18 2023-01-15 v3.1.10 (3.1.10)
)) (C:\Users\dany2\AppData\Local\Programs\MiKTeX\tex/latex/pgf/utilities\pgffor.sty (C:\Users\dany2\AppData\Local\Programs\MiKTeX\tex/latex/pgf/utilities\pgfkeys.sty (C:\Users\dany2\AppData\Local\Programs\MiKTeX\tex/generic/pgf/utilities\pgfkeys.code.tex)) (C:\Users\dany2\AppData\Local\Programs\MiKTeX\tex/latex/pgf/math\pgfmath.sty (C:\Users\dany2\AppData\Local\Programs\MiKTeX\tex/generic/pgf/math\pgfmath.code.tex)) (C:\Users\dany2\AppData\Local\Programs\MiKTeX\tex/generic/pgf/utilities\pgffor.code.tex
Package: pgffor 2023-01-15 v3.1.10 (3.1.10)
\pgffor@iter=\dimen283
\pgffor@skip=\dimen284
\pgffor@stack=\toks40
\pgffor@toks=\toks41
)) (C:\Users\dany2\AppData\Local\Programs\MiKTeX\tex/generic/pgf/frontendlayer/tikz\tikz.code.tex
Package: tikz 2023-01-15 v3.1.10 (3.1.10)
 (C:\Users\dany2\AppData\Local\Programs\MiKTeX\tex/generic/pgf/libraries\pgflibraryplothandlers.code.tex
File: pgflibraryplothandlers.code.tex 2023-01-15 v3.1.10 (3.1.10)
\pgf@plot@mark@count=\count309
\pgfplotmarksize=\dimen285
)
\tikz@lastx=\dimen286
\tikz@lasty=\dimen287
\tikz@lastxsaved=\dimen288
\tikz@lastysaved=\dimen289
\tikz@lastmovetox=\dimen290
\tikz@lastmovetoy=\dimen291
\tikzleveldistance=\dimen292
\tikzsiblingdistance=\dimen293
\tikz@figbox=\box65
\tikz@figbox@bg=\box66
\tikz@tempbox=\box67
\tikz@tempbox@bg=\box68
\tikztreelevel=\count310
\tikznumberofchildren=\count311
\tikznumberofcurrentchild=\count312
\tikz@fig@count=\count313
 (C:\Users\dany2\AppData\Local\Programs\MiKTeX\tex/generic/pgf/modules\pgfmodulematrix.code.tex
File: pgfmodulematrix.code.tex 2023-01-15 v3.1.10 (3.1.10)
\pgfmatrixcurrentrow=\count314
\pgfmatrixcurrentcolumn=\count315
\pgf@matrix@numberofcolumns=\count316
)
\tikz@expandcount=\count317
 (C:\Users\dany2\AppData\Local\Programs\MiKTeX\tex/generic/pgf/frontendlayer/tikz/libraries\tikzlibrarytopaths.code.tex
File: tikzlibrarytopaths.code.tex 2023-01-15 v3.1.10 (3.1.10)
))) (C:\Users\dany2\AppData\Local\Programs\MiKTeX\tex/generic/pgf/frontendlayer/tikz/libraries\tikzlibrarypositioning.code.tex
File: tikzlibrarypositioning.code.tex 2023-01-15 v3.1.10 (3.1.10)
) (C:\Users\dany2\AppData\Local\Programs\MiKTeX\tex/generic/pgf/frontendlayer/tikz/libraries\tikzlibraryshapes.geometric.code.tex
File: tikzlibraryshapes.geometric.code.tex 2023-01-15 v3.1.10 (3.1.10)
 (C:\Users\dany2\AppData\Local\Programs\MiKTeX\tex/generic/pgf/libraries/shapes\pgflibraryshapes.geometric.code.tex
File: pgflibraryshapes.geometric.code.tex 2023-01-15 v3.1.10 (3.1.10)
)) (C:\Users\dany2\AppData\Local\Programs\MiKTeX\tex/latex/amsfonts\amssymb.sty
Package: amssymb 2013/01/14 v3.01 AMS font symbols
 (C:\Users\dany2\AppData\Local\Programs\MiKTeX\tex/latex/amsfonts\amsfonts.sty
Package: amsfonts 2013/01/14 v3.01 Basic AMSFonts support
\@emptytoks=\toks42
\symAMSa=\mathgroup4
\symAMSb=\mathgroup5
LaTeX Font Info:    Redeclaring math symbol \hbar on input line 98.
LaTeX Font Info:    Overwriting math alphabet `\mathfrak' in version `bold'
(Font)                  U/euf/m/n --> U/euf/b/n on input line 106.
)) (C:\Users\dany2\AppData\Local\Programs\MiKTeX\tex/latex/changepage\changepage.sty
Package: changepage 2009/10/20 v1.0c check page and change page layout
\c@cp@cntr=\count318
\cp@tempcnt=\count319
) (C:\Users\dany2\AppData\Local\Programs\MiKTeX\tex/latex/algorithms\algorithm.sty
Package: algorithm 2009/08/24 v0.1 Document Style `algorithm' - floating environment
 (C:\Users\dany2\AppData\Local\Programs\MiKTeX\tex/latex/base\ifthen.sty
Package: ifthen 2022/04/13 v1.1d Standard LaTeX ifthen package (DPC)
)
\@float@every@algorithm=\toks43
\c@algorithm=\count320
) (C:\Users\dany2\AppData\Local\Programs\MiKTeX\tex/latex/algorithmicx\algpseudocode.sty
Package: algpseudocode 
 (C:\Users\dany2\AppData\Local\Programs\MiKTeX\tex/latex/algorithmicx\algorithmicx.sty
Package: algorithmicx 2005/04/27 v1.2 Algorithmicx

Document Style algorithmicx 1.2 - a greatly improved `algorithmic' style
\c@ALG@line=\count321
\c@ALG@rem=\count322
\c@ALG@nested=\count323
\ALG@tlm=\skip64
\ALG@thistlm=\skip65
\c@ALG@Lnr=\count324
\c@ALG@blocknr=\count325
\c@ALG@storecount=\count326
\c@ALG@tmpcounter=\count327
\ALG@tmplength=\skip66
)
Document Style - pseudocode environments for use with the `algorithmicx' style
) (C:\Users\dany2\AppData\Local\Programs\MiKTeX\tex/latex/amsmath\amsmath.sty
Package: amsmath 2023/05/13 v2.17o AMS math features
\@mathmargin=\skip67

For additional information on amsmath, use the `?' option.
(C:\Users\dany2\AppData\Local\Programs\MiKTeX\tex/latex/amsmath\amstext.sty
Package: amstext 2021/08/26 v2.01 AMS text
 (C:\Users\dany2\AppData\Local\Programs\MiKTeX\tex/latex/amsmath\amsgen.sty
File: amsgen.sty 1999/11/30 v2.0 generic functions
\@emptytoks=\toks44
\ex@=\dimen294
)) (C:\Users\dany2\AppData\Local\Programs\MiKTeX\tex/latex/amsmath\amsbsy.sty
Package: amsbsy 1999/11/29 v1.2d Bold Symbols
\pmbraise@=\dimen295
) (C:\Users\dany2\AppData\Local\Programs\MiKTeX\tex/latex/amsmath\amsopn.sty
Package: amsopn 2022/04/08 v2.04 operator names
)
\inf@bad=\count328
LaTeX Info: Redefining \frac on input line 234.
\uproot@=\count329
\leftroot@=\count330
LaTeX Info: Redefining \overline on input line 399.
LaTeX Info: Redefining \colon on input line 410.
\classnum@=\count331
\DOTSCASE@=\count332
LaTeX Info: Redefining \ldots on input line 496.
LaTeX Info: Redefining \dots on input line 499.
LaTeX Info: Redefining \cdots on input line 620.
\Mathstrutbox@=\box69
\strutbox@=\box70
LaTeX Info: Redefining \big on input line 722.
LaTeX Info: Redefining \Big on input line 723.
LaTeX Info: Redefining \bigg on input line 724.
LaTeX Info: Redefining \Bigg on input line 725.
\big@size=\dimen296
LaTeX Font Info:    Redeclaring font encoding OML on input line 743.
LaTeX Font Info:    Redeclaring font encoding OMS on input line 744.
\macc@depth=\count333
LaTeX Info: Redefining \bmod on input line 905.
LaTeX Info: Redefining \pmod on input line 910.
LaTeX Info: Redefining \smash on input line 940.
LaTeX Info: Redefining \relbar on input line 970.
LaTeX Info: Redefining \Relbar on input line 971.
\c@MaxMatrixCols=\count334
\dotsspace@=\muskip17
\c@parentequation=\count335
\dspbrk@lvl=\count336
\tag@help=\toks45
\row@=\count337
\column@=\count338
\maxfields@=\count339
\andhelp@=\toks46
\eqnshift@=\dimen297
\alignsep@=\dimen298
\tagshift@=\dimen299
\tagwidth@=\dimen300
\totwidth@=\dimen301
\lineht@=\dimen302
\@envbody=\toks47
\multlinegap=\skip68
\multlinetaggap=\skip69
\mathdisplay@stack=\toks48
LaTeX Info: Redefining \[ on input line 2953.
LaTeX Info: Redefining \] on input line 2954.
) (C:\Users\dany2\AppData\Local\Programs\MiKTeX\tex/latex/mathtools\mathtools.sty
Package: mathtools 2024/10/04 v1.31 mathematical typesetting tools
 (C:\Users\dany2\AppData\Local\Programs\MiKTeX\tex/latex/tools\calc.sty
Package: calc 2023/07/08 v4.3 Infix arithmetic (KKT,FJ)
\calc@Acount=\count340
\calc@Bcount=\count341
\calc@Adimen=\dimen303
\calc@Bdimen=\dimen304
\calc@Askip=\skip70
\calc@Bskip=\skip71
LaTeX Info: Redefining \setlength on input line 80.
LaTeX Info: Redefining \addtolength on input line 81.
\calc@Ccount=\count342
\calc@Cskip=\skip72
) (C:\Users\dany2\AppData\Local\Programs\MiKTeX\tex/latex/mathtools\mhsetup.sty
Package: mhsetup 2021/03/18 v1.4 programming setup (MH)
)
\g_MT_multlinerow_int=\count343
\l_MT_multwidth_dim=\dimen305
\origjot=\skip73
\l_MT_shortvdotswithinadjustabove_dim=\dimen306
\l_MT_shortvdotswithinadjustbelow_dim=\dimen307
\l_MT_above_intertext_sep=\dimen308
\l_MT_below_intertext_sep=\dimen309
\l_MT_above_shortintertext_sep=\dimen310
\l_MT_below_shortintertext_sep=\dimen311
\xmathstrut@box=\box71
\xmathstrut@dim=\dimen312
) (C:\Users\dany2\AppData\Local\Programs\MiKTeX\tex/latex/tcolorbox\tcolorbox.sty
Package: tcolorbox 2024/01/10 version 6.2.0 text color boxes
 (C:\Users\dany2\AppData\Local\Programs\MiKTeX\tex/latex/tools\verbatim.sty
Package: verbatim 2023-11-06 v1.5v LaTeX2e package for verbatim enhancements
\every@verbatim=\toks49
\verbatim@line=\toks50
\verbatim@in@stream=\read3
) (C:\Users\dany2\AppData\Local\Programs\MiKTeX\tex/latex/environ\environ.sty
Package: environ 2014/05/04 v0.3 A new way to define environments
 (C:\Users\dany2\AppData\Local\Programs\MiKTeX\tex/latex/trimspaces\trimspaces.sty
Package: trimspaces 2009/09/17 v1.1 Trim spaces around a token list
))
\tcb@titlebox=\box72
\tcb@upperbox=\box73
\tcb@lowerbox=\box74
\tcb@phantombox=\box75
\c@tcbbreakpart=\count344
\c@tcblayer=\count345
\c@tcolorbox@number=\count346
\l__tcobox_tmpa_box=\box76
\l__tcobox_tmpa_dim=\dimen313
\tcb@temp=\box77
\tcb@temp=\box78
\tcb@temp=\box79
\tcb@temp=\box80
 (C:\Users\dany2\AppData\Local\Programs\MiKTeX\tex/latex/tcolorbox\tcbraster.code.tex
Library (tcolorbox): 'tcbraster.code.tex' version '6.2.0'
\c@tcbrastercolumn=\count347
\c@tcbrasterrow=\count348
\c@tcbrasternum=\count349
\c@tcbraster=\count350
) (C:\Users\dany2\AppData\Local\Programs\MiKTeX\tex/latex/tcolorbox\tcbskins.code.tex
Library (tcolorbox): 'tcbskins.code.tex' version '6.2.0'
(C:\Users\dany2\AppData\Local\Programs\MiKTeX\tex/latex/tikzfill\tikzfill.image.sty
Package: tikzfill.image 2023/08/08 v1.0.1 Image filling library for TikZ
 (C:\Users\dany2\AppData\Local\Programs\MiKTeX\tex/latex/tikzfill\tikzfill-common.sty
Package: tikzfill-common 2023/08/08 v1.0.1 Auxiliary code for tikzfill
) (C:\Users\dany2\AppData\Local\Programs\MiKTeX\tex/latex/tikzfill\tikzlibraryfill.image.code.tex
File: tikzlibraryfill.image.code.tex 2023/08/08 v1.0.1 Image filling library
\l__tikzfill_img_box=\box81
)) (C:\Users\dany2\AppData\Local\Programs\MiKTeX\tex/latex/tcolorbox\tcbskinsjigsaw.code.tex
Library (tcolorbox): 'tcbskinsjigsaw.code.tex' version '6.2.0'
)) (C:\Users\dany2\AppData\Local\Programs\MiKTeX\tex/latex/tcolorbox\tcbbreakable.code.tex
Library (tcolorbox): 'tcbbreakable.code.tex' version '6.2.0'
(C:\Users\dany2\AppData\Local\Programs\MiKTeX\tex/latex/pdfcol\pdfcol.sty
Package: pdfcol 2022-09-21 v1.7 Handle new color stacks for pdfTeX (HO)
)
Package pdfcol Info: New color stack `tcb@breakable' = 1 on input line 23.
\tcb@testbox=\box82
\tcb@totalupperbox=\box83
\tcb@totallowerbox=\box84
) (C:\Users\dany2\AppData\Local\Programs\MiKTeX\tex/latex/tcolorbox\tcbhooks.code.tex
Library (tcolorbox): 'tcbhooks.code.tex' version '6.2.0'
) (C:\Users\dany2\AppData\Local\Programs\MiKTeX\tex/latex/tcolorbox\tcbtheorems.code.tex
Library (tcolorbox): 'tcbtheorems.code.tex' version '6.2.0'
) (C:\Users\dany2\AppData\Local\Programs\MiKTeX\tex/latex/tcolorbox\tcbfitting.code.tex
Library (tcolorbox): 'tcbfitting.code.tex' version '6.2.0'
\tcbfitdim=\dimen314
\tcb@lowerfitdim=\dimen315
\tcb@upperfitdim=\dimen316
\tcb@cur@hbadness=\count351
) (C:\Users\dany2\AppData\Local\Programs\MiKTeX\tex/latex/tcolorbox\tcblistingsutf8.code.tex
Library (tcolorbox): 'tcblistingsutf8.code.tex' version '6.2.0'
(C:\Users\dany2\AppData\Local\Programs\MiKTeX\tex/latex/tcolorbox\tcblistings.code.tex
Library (tcolorbox): 'tcblistings.code.tex' version '6.2.0'
(C:\Users\dany2\AppData\Local\Programs\MiKTeX\tex/latex/listings\listings.sty
\lst@mode=\count352
\lst@gtempboxa=\box85
\lst@token=\toks51
\lst@length=\count353
\lst@currlwidth=\dimen317
\lst@column=\count354
\lst@pos=\count355
\lst@lostspace=\dimen318
\lst@width=\dimen319
\lst@newlines=\count356
\lst@lineno=\count357
\lst@maxwidth=\dimen320
 (C:\Users\dany2\AppData\Local\Programs\MiKTeX\tex/latex/listings\lstmisc.sty
File: lstmisc.sty 2023/02/27 1.9 (Carsten Heinz)
\c@lstnumber=\count358
\lst@skipnumbers=\count359
\lst@framebox=\box86
) (C:\Users\dany2\AppData\Local\Programs\MiKTeX\tex/latex/listings\listings.cfg
File: listings.cfg 2023/02/27 1.9 listings configuration
))
Package: listings 2023/02/27 1.9 (Carsten Heinz)
 (C:\Users\dany2\AppData\Local\Programs\MiKTeX\tex/latex/tcolorbox\tcblistingscore.code.tex
Library (tcolorbox): 'tcblistingscore.code.tex' version '6.2.0'
(C:\Users\dany2\AppData\Local\Programs\MiKTeX\tex/latex/tcolorbox\tcbprocessing.code.tex
Library (tcolorbox): 'tcbprocessing.code.tex' version '6.2.0'
)
\c@tcblisting=\count360
)) (C:\Users\dany2\AppData\Local\Programs\MiKTeX\tex/latex/listingsutf8\listingsutf8.sty
Package: listingsutf8 2019-12-10 v1.5 Allow UTF-8 in listings input (HO)
 (C:\Users\dany2\AppData\Local\Programs\MiKTeX\tex/generic/stringenc\stringenc.sty
Package: stringenc 2019/11/29 v1.12 Convert strings between diff. encodings (HO)
))) (C:\Users\dany2\AppData\Local\Programs\MiKTeX\tex/latex/tcolorbox\tcbexternal.code.tex
Library (tcolorbox): 'tcbexternal.code.tex' version '6.2.0'
) (C:\Users\dany2\AppData\Local\Programs\MiKTeX\tex/latex/tcolorbox\tcbmagazine.code.tex
Library (tcolorbox): 'tcbmagazine.code.tex' version '6.2.0'
) (C:\Users\dany2\AppData\Local\Programs\MiKTeX\tex/latex/tcolorbox\tcbvignette.code.tex
Library (tcolorbox): 'tcbvignette.code.tex' version '6.2.0'
(C:\Users\dany2\AppData\Local\Programs\MiKTeX\tex/generic/pgf/frontendlayer/tikz/libraries\tikzlibraryfadings.code.tex
File: tikzlibraryfadings.code.tex 2023-01-15 v3.1.10 (3.1.10)
 (C:\Users\dany2\AppData\Local\Programs\MiKTeX\tex/generic/pgf/libraries\pgflibraryfadings.code.tex
File: pgflibraryfadings.code.tex 2023-01-15 v3.1.10 (3.1.10)
))) (C:\Users\dany2\AppData\Local\Programs\MiKTeX\tex/latex/tcolorbox\tcbposter.code.tex
Library (tcolorbox): 'tcbposter.code.tex' version '6.2.0'
)) (C:\Users\dany2\AppData\Local\Programs\MiKTeX\tex/latex/subfiles\subfiles.sty
Package: subfiles 2020/11/14 v2.2 Multi-file projects (package)
 (C:\Users\dany2\AppData\Local\Programs\MiKTeX\tex/latex/import\import.sty
Package: import 2020/04/01  v 6.2
)))
LaTeX Font Info:    Trying to load font information for T1+bch on input line 4.
 (C:\Users\dany2\AppData\Local\Programs\MiKTeX\tex/latex/psnfss\t1bch.fd
File: t1bch.fd 2004/10/18 font definitions for T1/bch.
) (C:\Users\dany2\AppData\Local\Programs\MiKTeX\tex/latex/l3backend\l3backend-pdftex.def
File: l3backend-pdftex.def 2024-01-04 L3 backend support: PDF output (pdfTeX)
\l__color_backend_stack_int=\count361
\l__pdf_internal_box=\box87
) (main.aux)
\openout1 = `main.aux'.

LaTeX Font Info:    Checking defaults for OML/cmm/m/it on input line 4.
LaTeX Font Info:    ... okay on input line 4.
LaTeX Font Info:    Checking defaults for OMS/cmsy/m/n on input line 4.
LaTeX Font Info:    ... okay on input line 4.
LaTeX Font Info:    Checking defaults for OT1/cmr/m/n on input line 4.
LaTeX Font Info:    ... okay on input line 4.
LaTeX Font Info:    Checking defaults for T1/cmr/m/n on input line 4.
LaTeX Font Info:    ... okay on input line 4.
LaTeX Font Info:    Checking defaults for TS1/cmr/m/n on input line 4.
LaTeX Font Info:    ... okay on input line 4.
LaTeX Font Info:    Checking defaults for OMX/cmex/m/n on input line 4.
LaTeX Font Info:    ... okay on input line 4.
LaTeX Font Info:    Checking defaults for U/cmr/m/n on input line 4.
LaTeX Font Info:    ... okay on input line 4.
LaTeX Font Info:    Checking defaults for PD1/pdf/m/n on input line 4.
LaTeX Font Info:    ... okay on input line 4.
LaTeX Font Info:    Checking defaults for PU/pdf/m/n on input line 4.
LaTeX Font Info:    ... okay on input line 4.
 (C:\Users\dany2\AppData\Local\Programs\MiKTeX\tex/context/base/mkii\supp-pdf.mkii
[Loading MPS to PDF converter (version 2006.09.02).]
\scratchcounter=\count362
\scratchdimen=\dimen321
\scratchbox=\box88
\nofMPsegments=\count363
\nofMParguments=\count364
\everyMPshowfont=\toks52
\MPscratchCnt=\count365
\MPscratchDim=\dimen322
\MPnumerator=\count366
\makeMPintoPDFobject=\count367
\everyMPtoPDFconversion=\toks53
) (C:\Users\dany2\AppData\Local\Programs\MiKTeX\tex/latex/epstopdf-pkg\epstopdf-base.sty
Package: epstopdf-base 2020-01-24 v2.11 Base part for package epstopdf
Package epstopdf-base Info: Redefining graphics rule for `.eps' on input line 485.
 (C:\Users\dany2\AppData\Local\Programs\MiKTeX\tex/latex/00miktex\epstopdf-sys.cfg
File: epstopdf-sys.cfg 2021/03/18 v2.0 Configuration of epstopdf for MiKTeX
))
LaTeX Info: Redefining \microtypecontext on input line 4.
Package microtype Info: Applying patch `item' on input line 4.
Package microtype Info: Applying patch `toc' on input line 4.
Package microtype Info: Applying patch `eqnum' on input line 4.
Package microtype Info: Applying patch `footnote' on input line 4.
Package microtype Info: Applying patch `verbatim' on input line 4.
LaTeX Info: Redefining \microtypesetup on input line 4.
Package microtype Info: Generating PDF output.
Package microtype Info: Character protrusion enabled (level 2).
Package microtype Info: Using default protrusion set `alltext'.
Package microtype Info: Automatic font expansion enabled (level 2),
(microtype)             stretch: 20, shrink: 20, step: 1, non-selected.
Package microtype Info: Using default expansion set `alltext-nott'.
LaTeX Info: Redefining \showhyphens on input line 4.
Package microtype Info: No adjustment of tracking.
Package microtype Info: No adjustment of interword spacing.
Package microtype Info: No adjustment of character kerning.
 (C:\Users\dany2\AppData\Local\Programs\MiKTeX\tex/latex/microtype\mt-bch.cfg
File: mt-bch.cfg 2007/03/03 v1.5 microtype config. file: Bitstream Charter (RS)
)
*geometry* driver: auto-detecting
*geometry* detected driver: pdftex
*geometry* verbose mode - [ preamble ] result:
* driver: pdftex
* paper: a4paper
* layout: <same size as paper>
* layoutoffset:(h,v)=(0.0pt,0.0pt)
* modes: 
* h-part:(L,W,R)=(56.9055pt, 483.69687pt, 56.9055pt)
* v-part:(T,H,B)=(56.9055pt, 731.23584pt, 56.9055pt)
* \paperwidth=597.50787pt
* \paperheight=845.04684pt
* \textwidth=483.69687pt
* \textheight=731.23584pt
* \oddsidemargin=-15.36449pt
* \evensidemargin=-15.36449pt
* \topmargin=-52.36449pt
* \headheight=12.0pt
* \headsep=25.0pt
* \topskip=12.0pt
* \footskip=30.0pt
* \marginparwidth=35.0pt
* \marginparsep=10.0pt
* \columnsep=10.0pt
* \skip\footins=10.8pt plus 4.0pt minus 2.0pt
* \hoffset=0.0pt
* \voffset=0.0pt
* \mag=1000
* \@twocolumnfalse
* \@twosidefalse
* \@mparswitchfalse
* \@reversemarginfalse
* (1in=72.27pt=25.4mm, 1cm=28.453pt)

Package caption Info: Begin \AtBeginDocument code.
Package caption Info: subfig package v1.3 is loaded.
Package caption Info: changepage package is loaded.
\caption@adjustwidth@hsize=\dimen323
\caption@adjustwidth@linewidth=\dimen324
Package caption Info: hyperref package is loaded.
Package caption Info: listings package is loaded.
Package caption Info: End \AtBeginDocument code.
Package hyperref Info: Link coloring OFF on input line 4.
(main.out) (main.out)
\@outlinefile=\write4
\openout4 = `main.out'.

\c@lstlisting=\count368
 (../chapters/index/index.tex (main.toc
LaTeX Font Info:    Trying to load font information for OT1+lmr on input line 2.
 (C:\Users\dany2\AppData\Local\Programs\MiKTeX\tex/latex/lm\ot1lmr.fd
File: ot1lmr.fd 2015/05/01 v1.6.1 Font defs for Latin Modern
) (C:\Users\dany2\AppData\Local\Programs\MiKTeX\tex/latex/microtype\mt-cmr.cfg
File: mt-cmr.cfg 2013/05/19 v2.2 microtype config. file: Computer Modern Roman (RS)
)
LaTeX Font Info:    Trying to load font information for OML+lmm on input line 2.
 (C:\Users\dany2\AppData\Local\Programs\MiKTeX\tex/latex/lm\omllmm.fd
File: omllmm.fd 2015/05/01 v1.6.1 Font defs for Latin Modern
)
LaTeX Font Info:    Trying to load font information for OMS+lmsy on input line 2.
 (C:\Users\dany2\AppData\Local\Programs\MiKTeX\tex/latex/lm\omslmsy.fd
File: omslmsy.fd 2015/05/01 v1.6.1 Font defs for Latin Modern
)
LaTeX Font Info:    Trying to load font information for OMX+lmex on input line 2.
 (C:\Users\dany2\AppData\Local\Programs\MiKTeX\tex/latex/lm\omxlmex.fd
File: omxlmex.fd 2015/05/01 v1.6.1 Font defs for Latin Modern
)
LaTeX Font Info:    External font `lmex10' loaded for size
(Font)              <12> on input line 2.
LaTeX Font Info:    External font `lmex10' loaded for size
(Font)              <8> on input line 2.
LaTeX Font Info:    External font `lmex10' loaded for size
(Font)              <6> on input line 2.
LaTeX Font Info:    Trying to load font information for U+msa on input line 2.
 (C:\Users\dany2\AppData\Local\Programs\MiKTeX\tex/latex/amsfonts\umsa.fd
File: umsa.fd 2013/01/14 v3.01 AMS symbols A
) (C:\Users\dany2\AppData\Local\Programs\MiKTeX\tex/latex/microtype\mt-msa.cfg
File: mt-msa.cfg 2006/02/04 v1.1 microtype config. file: AMS symbols (a) (RS)
)
LaTeX Font Info:    Trying to load font information for U+msb on input line 2.
 (C:\Users\dany2\AppData\Local\Programs\MiKTeX\tex/latex/amsfonts\umsb.fd
File: umsb.fd 2013/01/14 v3.01 AMS symbols B
) (C:\Users\dany2\AppData\Local\Programs\MiKTeX\tex/latex/microtype\mt-msb.cfg
File: mt-msb.cfg 2005/06/01 v1.0 microtype config. file: AMS symbols (b) (RS)
)
LaTeX Font Info:    Trying to load font information for T1+lmtt on input line 19.
 (C:\Users\dany2\AppData\Local\Programs\MiKTeX\tex/latex/lm\t1lmtt.fd
File: t1lmtt.fd 2015/05/01 v1.6.1 Font defs for Latin Modern
)
Package microtype Info: Loading generic protrusion settings for font family
(microtype)             `lmtt' (encoding: T1).
(microtype)             For optimal results, create family-specific settings.
(microtype)             See the microtype manual for details.
 [1

{C:/Users/dany2/AppData/Local/MiKTeX/fonts/map/pdftex/pdftex.map}{C:/Users/dany2/AppData/Local/Programs/MiKTeX/fonts/enc/dvips/base/8r.enc}{C:/Users/dany2/AppData/Local/Programs/MiKTeX/fonts/enc/dvips/lm/lm-ec.enc}] [2]
Overfull \hbox (1.41595pt too wide) detected at line 93
 []\T1/bch/m/n/12 100
 []


Overfull \hbox (1.41595pt too wide) detected at line 94
 []\T1/bch/m/n/12 100
 []


Overfull \hbox (1.41595pt too wide) detected at line 95
 []\T1/bch/m/n/12 101
 []


Overfull \hbox (1.41595pt too wide) detected at line 96
 []\T1/bch/m/n/12 101
 []


Overfull \hbox (1.41595pt too wide) detected at line 98
 []\T1/bch/m/n/12 103
 []

)
\tf@toc=\write5
\openout5 = `main.toc'.

) [3] (../chapters/ch1_introduzione/introduzione.tex [4{C:/Users/dany2/AppData/Local/Programs/MiKTeX/fonts/enc/dvips/lm/lm-mathit.enc}{C:/Users/dany2/AppData/Local/Programs/MiKTeX/fonts/enc/dvips/lm/lm-rm.enc}{C:/Users/dany2/AppData/Local/Programs/MiKTeX/fonts/enc/dvips/lm/lm-mathsy.enc}]
LaTeX Font Info:    Trying to load font information for TS1+bch on input line 82.
 (C:\Users\dany2\AppData\Local\Programs\MiKTeX\tex/latex/psnfss\ts1bch.fd
File: ts1bch.fd 2004/10/18 font definitions for TS1/bch.
) [5{C:/Users/dany2/AppData/Local/Programs/MiKTeX/fonts/enc/dvips/lm/lm-mathex.enc}] [6]
<../figures/introduzione/img1.png, id=567, 458.9145pt x 254.75175pt>
File: ../figures/introduzione/img1.png Graphic file (type png)
<use ../figures/introduzione/img1.png>
Package pdftex.def Info: ../figures/introduzione/img1.png  used on input line 198.
(pdftex.def)             Requested size: 386.95897pt x 214.8102pt.
<../figures/introduzione/img2.png, id=569, 458.9145pt x 239.6955pt>
File: ../figures/introduzione/img2.png Graphic file (type png)
<use ../figures/introduzione/img2.png>
Package pdftex.def Info: ../figures/introduzione/img2.png  used on input line 204.
(pdftex.def)             Requested size: 386.95897pt x 202.11455pt.
 [7 <../figures/introduzione/img1.png>] (C:\Users\dany2\AppData\Local\Programs\MiKTeX\tex/latex/listings\lstlang1.sty
File: lstlang1.sty 2023/02/27 1.9 listings language file
) (C:\Users\dany2\AppData\Local\Programs\MiKTeX\tex/latex/listings\lstlang1.sty
File: lstlang1.sty 2023/02/27 1.9 listings language file
) (C:\Users\dany2\AppData\Local\Programs\MiKTeX\tex/latex/listings\lstmisc.sty
File: lstmisc.sty 2023/02/27 1.9 (Carsten Heinz)
)
LaTeX Font Info:    Trying to load font information for T1+pcr on input line 210.
 (C:\Users\dany2\AppData\Local\Programs\MiKTeX\tex/latex/psnfss\t1pcr.fd
File: t1pcr.fd 2001/06/04 font definitions for T1/pcr.
)
Package microtype Info: Loading generic protrusion settings for font family
(microtype)             `pcr' (encoding: T1).
(microtype)             For optimal results, create family-specific settings.
(microtype)             See the microtype manual for details.
<../figures/introduzione/img3.png, id=577, 462.528pt x 278.84175pt>
File: ../figures/introduzione/img3.png Graphic file (type png)
<use ../figures/introduzione/img3.png>
Package pdftex.def Info: ../figures/introduzione/img3.png  used on input line 252.
(pdftex.def)             Requested size: 386.95897pt x 233.29366pt.
 [8 <../figures/introduzione/img2.png>]
<../figures/introduzione/img4.png, id=593, 458.31226pt x 170.43675pt>
File: ../figures/introduzione/img4.png Graphic file (type png)
<use ../figures/introduzione/img4.png>
Package pdftex.def Info: ../figures/introduzione/img4.png  used on input line 290.
(pdftex.def)             Requested size: 377.28296pt x 140.31035pt.
 [9 <../figures/introduzione/img3.png> <../figures/introduzione/img4.png>]
LaTeX Font Info:    Trying to load font information for TS1+pcr on input line 310.
 (C:\Users\dany2\AppData\Local\Programs\MiKTeX\tex/latex/psnfss\ts1pcr.fd
File: ts1pcr.fd 2001/06/04 font definitions for TS1/pcr.
)
Package microtype Info: Loading generic protrusion settings for font family
(microtype)             `pcr' (encoding: TS1).
(microtype)             For optimal results, create family-specific settings.
(microtype)             See the microtype manual for details.
LaTeX Font Info:    Font shape `T1/pcr/m/it' in size <10.95> not available
(Font)              Font shape `T1/pcr/m/sl' tried instead on input line 310.
<../figures/introduzione/img7.png, id=610, 114.4275pt x 93.34875pt>
File: ../figures/introduzione/img7.png Graphic file (type png)
<use ../figures/introduzione/img7.png>
Package pdftex.def Info: ../figures/introduzione/img7.png  used on input line 358.
(pdftex.def)             Requested size: 134.2494pt x 109.52382pt.

Overfull \hbox (10.33653pt too wide) in paragraph at lines 330--359
[]  [] 
 []

[10 <../figures/introduzione/img7.png>]
<../figures/introduzione/img8.png, id=638, 269.20575pt x 115.02975pt>
File: ../figures/introduzione/img8.png Graphic file (type png)
<use ../figures/introduzione/img8.png>
Package pdftex.def Info: ../figures/introduzione/img8.png  used on input line 394.
(pdftex.def)             Requested size: 226.37125pt x 96.72612pt.
<../figures/introduzione/img9.png, id=639, 210.7875pt x 96.36pt>
File: ../figures/introduzione/img9.png Graphic file (type png)
<use ../figures/introduzione/img9.png>
Package pdftex.def Info: ../figures/introduzione/img9.png  used on input line 436.
(pdftex.def)             Requested size: 226.37125pt x 103.48643pt.

Underfull \hbox (badness 1205) in paragraph at lines 436--436
[]\T1/bch/m/n/12 (+20) Utilizzando gli ar-ray, non  nec-es-sario
 []

)
Underfull \hbox (badness 10000) in paragraph at lines 409--8

 []

[11 <../figures/introduzione/img8.png> <../figures/introduzione/img9.png>] (../chapters/ch2_iterazione_induzione_ricorsione/iterazione_induzione_ricorsione.tex
<../figures/iterazione_induzione_ricorsione/img1.png, id=675, 601.4972pt x 104.64093pt>
File: ../figures/iterazione_induzione_ricorsione/img1.png Graphic file (type png)
<use ../figures/iterazione_induzione_ricorsione/img1.png>
Package pdftex.def Info: ../figures/iterazione_induzione_ricorsione/img1.png  used on input line 59.
(pdftex.def)             Requested size: 411.14528pt x 71.5285pt.
 [12]
<../figures/iterazione_induzione_ricorsione/img2.png, id=680, 417.35925pt x 160.80075pt>
File: ../figures/iterazione_induzione_ricorsione/img2.png Graphic file (type png)
<use ../figures/iterazione_induzione_ricorsione/img2.png>
Package pdftex.def Info: ../figures/iterazione_induzione_ricorsione/img2.png  used on input line 106.
(pdftex.def)             Requested size: 386.95897pt x 149.09166pt.
 [13 <../figures/iterazione_induzione_ricorsione/img1.png> <../figures/iterazione_induzione_ricorsione/img2.png>]
Underfull \hbox (badness 2318) in paragraph at lines 160--163
\T1/bch/m/n/12 (+20) In queste di-mostrazioni si pro-cede spesso per \T1/bch/b/n/12 (+20) in-duzione sulla di-men-sione
 []

[14]
Overfull \hbox (0.66052pt too wide) in paragraph at lines 208--224
[]  [] 
 []

[15]
<../figures/iterazione_induzione_ricorsione/img6.png, id=726, 215.00325pt x 167.4255pt>
File: ../figures/iterazione_induzione_ricorsione/img6.png Graphic file (type png)
<use ../figures/iterazione_induzione_ricorsione/img6.png>
Package pdftex.def Info: ../figures/iterazione_induzione_ricorsione/img6.png  used on input line 274.
(pdftex.def)             Requested size: 172.67717pt x 134.46684pt.

Overfull \hbox (3.07399pt too wide) in paragraph at lines 272--292
[]  []
 []

<../figures/iterazione_induzione_ricorsione/img7.png, id=727, 169.23225pt x 303.534pt>
File: ../figures/iterazione_induzione_ricorsione/img7.png Graphic file (type png)
<use ../figures/iterazione_induzione_ricorsione/img7.png>
Package pdftex.def Info: ../figures/iterazione_induzione_ricorsione/img7.png  used on input line 305.
(pdftex.def)             Requested size: 133.01367pt x 238.58965pt.

Overfull \hbox (1.14026pt too wide) in paragraph at lines 303--336
[]  [] 
 []

[16 <../figures/iterazione_induzione_ricorsione/img6.png> <../figures/iterazione_induzione_ricorsione/img7.png>]
<../figures/iterazione_induzione_ricorsione/img5.png, id=735, 459.51675pt x 233.07076pt>
File: ../figures/iterazione_induzione_ricorsione/img5.png Graphic file (type png)
<use ../figures/iterazione_induzione_ricorsione/img5.png>
Package pdftex.def Info: ../figures/iterazione_induzione_ricorsione/img5.png  used on input line 363.
(pdftex.def)             Requested size: 338.58632pt x 171.73703pt.
<../figures/iterazione_induzione_ricorsione/img3.png, id=737, 194.52675pt x 260.77425pt>
File: ../figures/iterazione_induzione_ricorsione/img3.png Graphic file (type png)
<use ../figures/iterazione_induzione_ricorsione/img3.png>
Package pdftex.def Info: ../figures/iterazione_induzione_ricorsione/img3.png  used on input line 387.
(pdftex.def)             Requested size: 193.47578pt x 259.37694pt.
<../figures/iterazione_induzione_ricorsione/img4.png, id=738, 148.75575pt x 268.00125pt>
File: ../figures/iterazione_induzione_ricorsione/img4.png Graphic file (type png)
<use ../figures/iterazione_induzione_ricorsione/img4.png>
Package pdftex.def Info: ../figures/iterazione_induzione_ricorsione/img4.png  used on input line 391.
(pdftex.def)             Requested size: 145.11053pt x 261.44124pt.
 [17 <../figures/iterazione_induzione_ricorsione/img5.png>] [18 <../figures/iterazione_induzione_ricorsione/img3.png> <../figures/iterazione_induzione_ricorsione/img4.png>]) [19] (../chapters/ch3_liste/liste.tex
<../figures/introduzione/img10.png, id=769, 450.483pt x 308.95425pt>
File: ../figures/introduzione/img10.png Graphic file (type png)
<use ../figures/introduzione/img10.png>
Package pdftex.def Info: ../figures/introduzione/img10.png  used on input line 50.
(pdftex.def)             Requested size: 319.2417pt x 218.9489pt.

Underfull \hbox (badness 1325) in paragraph at lines 62--62
\T1/bch/b/n/12 (+20) verse pos-si-bili im-ple-men-
 []


Underfull \hbox (badness 1092) in paragraph at lines 62--62
[]\T1/bch/m/n/12 (+20) Liste \T1/bch/b/n/12 (+20) monodi-rezion-ali \T1/bch/m/n/12 (+20) o
 []


Underfull \hbox (badness 7379) in paragraph at lines 62--62
[]\T1/bch/m/n/12 (+20) Liste con \T1/bch/b/n/12 (+20) sen-tinella \T1/bch/m/n/12 (+20) e
 []


Overfull \hbox (2.11452pt too wide) in paragraph at lines 48--63
[]  [] 
 []

[20 <../figures/introduzione/img10.png>]
LaTeX Font Info:    Font shape `TS1/pcr/m/it' in size <10.95> not available
(Font)              Font shape `TS1/pcr/m/sl' tried instead on input line 93.
<../figures/introduzione/img11.png, id=779, 345.08925pt x 92.7465pt>
File: ../figures/introduzione/img11.png Graphic file (type png)
<use ../figures/introduzione/img11.png>
Package pdftex.def Info: ../figures/introduzione/img11.png  used on input line 107.
(pdftex.def)             Requested size: 294.08852pt x 79.04434pt.
<../figures/introduzione/img12.png, id=780, 686.565pt x 137.51375pt>
File: ../figures/introduzione/img12.png Graphic file (type png)
<use ../figures/introduzione/img12.png>
Package pdftex.def Info: ../figures/introduzione/img12.png  used on input line 142.
(pdftex.def)             Requested size: 386.95897pt x 77.50446pt.
 [21 <../figures/introduzione/img11.png> <../figures/introduzione/img12.png>] [22]
<../figures/introduzione/img13.png, id=838, 904.37875pt x 323.2075pt>
File: ../figures/introduzione/img13.png Graphic file (type png)
<use ../figures/introduzione/img13.png>
Package pdftex.def Info: ../figures/introduzione/img13.png  used on input line 202.
(pdftex.def)             Requested size: 435.32422pt x 155.57182pt.
 [23 <../figures/introduzione/img13.png>]
<../figures/introduzione/img14.png, id=851, 344.487pt x 81.906pt>
File: ../figures/introduzione/img14.png Graphic file (type png)
<use ../figures/introduzione/img14.png>
Package pdftex.def Info: ../figures/introduzione/img14.png  used on input line 281.
(pdftex.def)             Requested size: 362.77264pt x 86.25752pt.
 [24 <../figures/introduzione/img14.png>] [25] [26] [27]) [28] (../chapters/ch4_alberi/alberi.tex
<../figures/alberi/img1.png, id=997, 495.0495pt x 333.04425pt>
File: ../figures/alberi/img1.png Graphic file (type png)
<use ../figures/alberi/img1.png>
Package pdftex.def Info: ../figures/alberi/img1.png  used on input line 30.
(pdftex.def)             Requested size: 291.66766pt x 196.22505pt.

Underfull \hbox (badness 1043) in paragraph at lines 41--41
\T1/bch/m/n/12 (+20) strut-tura ger-ar-chica nella quale
 []


Underfull \hbox (badness 1132) in paragraph at lines 41--41
\T1/bch/m/n/12 (+20) grande (come in questo cao il
 []

<../figures/alberi/img2.png, id=999, 545.03625pt x 102.98476pt>
File: ../figures/alberi/img2.png Graphic file (type png)
<use ../figures/alberi/img2.png>
Package pdftex.def Info: ../figures/alberi/img2.png  used on input line 47.
(pdftex.def)             Requested size: 483.69687pt x 91.39369pt.

Overfull \hbox (2.59424pt too wide) in paragraph at lines 28--51
[]  []
 []

[29 <../figures/alberi/img1.png> <../figures/alberi/img2.png>]
<../figures/alberi/img3.png, id=1007, 292.09125pt x 134.904pt>
File: ../figures/alberi/img3.png Graphic file (type png)
<use ../figures/alberi/img3.png>
Package pdftex.def Info: ../figures/alberi/img3.png  used on input line 69.
(pdftex.def)             Requested size: 291.66766pt x 134.72046pt.

Underfull \hbox (badness 1107) in paragraph at lines 79--79
\T1/bch/m/n/12 (+20) pro-fon-dit del cam-mino sem-
 []


Underfull \hbox (badness 1496) in paragraph at lines 79--79
\T1/bch/m/n/12 (+20) pro-fon-dit $\OT1/lmr/m/n/12 1$\T1/bch/m/n/12 (+20) , i figli dei figli
 []


Overfull \hbox (2.59424pt too wide) in paragraph at lines 67--81
[]  []
 []

<../figures/alberi/img4.png, id=1008, 291.489pt x 143.3355pt>
File: ../figures/alberi/img4.png Graphic file (type png)
<use ../figures/alberi/img4.png>
Package pdftex.def Info: ../figures/alberi/img4.png  used on input line 96.
(pdftex.def)             Requested size: 290.22107pt x 142.72054pt.

Overfull \hbox (2.60164pt too wide) in paragraph at lines 94--107
[]  [] 
 []

[30 <../figures/alberi/img3.png> <../figures/alberi/img4.png>] [31]
<../figures/alberi/img5.png, id=1049, 128.27925pt x 142.73325pt>
File: ../figures/alberi/img5.png Graphic file (type png)
<use ../figures/alberi/img5.png>
Package pdftex.def Info: ../figures/alberi/img5.png  used on input line 193.
(pdftex.def)             Requested size: 158.16685pt x 176.00513pt.

Overfull \hbox (3.07399pt too wide) in paragraph at lines 191--213
[]  [] 
 []

[32 <../figures/alberi/img5.png>]
<../figures/alberi/img6.png, id=1059, 202.356pt x 149.358pt>
File: ../figures/alberi/img6.png Graphic file (type png)
<use ../figures/alberi/img6.png>
Package pdftex.def Info: ../figures/alberi/img6.png  used on input line 270.
(pdftex.def)             Requested size: 203.1518pt x 149.95244pt.
<../figures/alberi/img7.png, id=1060, 215.6055pt x 188.50426pt>
File: ../figures/alberi/img7.png Graphic file (type png)
<use ../figures/alberi/img7.png>
Package pdftex.def Info: ../figures/alberi/img7.png  used on input line 274.
(pdftex.def)             Requested size: 169.29684pt x 148.02217pt.
 [33 <../figures/alberi/img6.png> <../figures/alberi/img7.png>]
pdfTeX warning (ext4): destination with the same identifier (name{subfigure.24.1}) has been already used, duplicate ignored
<to be read again> 
                   \relax 
l.351     \subfloat
                   [albero attraversato in postorder]{%
<../figures/alberi/img8.png, id=1074, 205.36725pt x 149.358pt>
File: ../figures/alberi/img8.png Graphic file (type png)
<use ../figures/alberi/img8.png>
Package pdftex.def Info: ../figures/alberi/img8.png  used on input line 353.
(pdftex.def)             Requested size: 207.9861pt x 151.26743pt.

pdfTeX warning (ext4): destination with the same identifier (name{subfigure.24.2}) has been already used, duplicate ignored
<to be read again> 
                   \relax 
l.355     \subfloat
                   [Pseudocodice visita in postorder]{%
<../figures/alberi/img9.png, id=1075, 213.79875pt x 188.50426pt>
File: ../figures/alberi/img9.png Graphic file (type png)
<use ../figures/alberi/img9.png>
Package pdftex.def Info: ../figures/alberi/img9.png  used on input line 357.
(pdftex.def)             Requested size: 169.29684pt x 149.26762pt.
 [34 <../figures/alberi/img8.png> <../figures/alberi/img9.png>]
pdfTeX warning (ext4): destination with the same identifier (name{subfigure.24.1}) has been already used, duplicate ignored
<to be read again> 
                   \relax 
l.433     \subfloat
                   [albero attraversato inorder]{%
<../figures/alberi/img10.png, id=1088, 205.9695pt x 144.54pt>
File: ../figures/alberi/img10.png Graphic file (type png)
<use ../figures/alberi/img10.png>
Package pdftex.def Info: ../figures/alberi/img10.png  used on input line 435.
(pdftex.def)             Requested size: 212.82779pt x 149.35202pt.

pdfTeX warning (ext4): destination with the same identifier (name{subfigure.24.2}) has been already used, duplicate ignored
<to be read again> 
                   \relax 
l.437     \subfloat
                   [Pseudocodice visita inorder]{%
<../figures/alberi/img11.png, id=1089, 213.1965pt x 187.902pt>
File: ../figures/alberi/img11.png Graphic file (type png)
<use ../figures/alberi/img11.png>
Package pdftex.def Info: ../figures/alberi/img11.png  used on input line 439.
(pdftex.def)             Requested size: 169.29684pt x 149.21507pt.
 [35] [36 <../figures/alberi/img10.png> <../figures/alberi/img11.png>] [37] [38] [39]
<../figures/alberi/img12.png, id=1193, 352.31625pt x 79.497pt>
File: ../figures/alberi/img12.png Graphic file (type png)
<use ../figures/alberi/img12.png>
Package pdftex.def Info: ../figures/alberi/img12.png  used on input line 635.
(pdftex.def)             Requested size: 338.58632pt x 76.39873pt.

Underfull \hbox (badness 2310) in paragraph at lines 644--644
\T1/bch/b/n/12 (+20) di-nati \T1/bch/m/n/12 (+20) per-me-t-tono una
 []


Overfull \hbox (2.59424pt too wide) in paragraph at lines 633--645
[]  [] 
 []

[40 <../figures/alberi/img12.png>]
<../figures/alberi/img13.png, id=1199, 157.18726pt x 139.11975pt>
File: ../figures/alberi/img13.png Graphic file (type png)
<use ../figures/alberi/img13.png>
Package pdftex.def Info: ../figures/alberi/img13.png  used on input line 704.
(pdftex.def)             Requested size: 152.36569pt x 134.86319pt.

Overfull \hbox (3.08138pt too wide) in paragraph at lines 702--719
[]  [] 
 []

[41 <../figures/alberi/img13.png>]
<../figures/alberi/img14.png, id=1219, 174.6525pt x 258.36525pt>
File: ../figures/alberi/img14.png Graphic file (type png)
<use ../figures/alberi/img14.png>
Package pdftex.def Info: ../figures/alberi/img14.png  used on input line 772.
(pdftex.def)             Requested size: 127.21251pt x 188.18716pt.

Overfull \hbox (2.98453pt too wide) in paragraph at lines 761--784
[][]  [] 
 []

[42 <../figures/alberi/img14.png>] [43]
<../figures/alberi/img15.png, id=1275, 169.23225pt x 258.9675pt>
File: ../figures/alberi/img15.png Graphic file (type png)
<use ../figures/alberi/img15.png>
Package pdftex.def Info: ../figures/alberi/img15.png  used on input line 912.
(pdftex.def)             Requested size: 127.21251pt x 194.67165pt.

Overfull \hbox (2.98453pt too wide) in paragraph at lines 900--924
[]  [] 
 []

[44] [45 <../figures/alberi/img15.png>]
<../figures/alberi/img16.png, id=1316, 167.4255pt x 258.36525pt>
File: ../figures/alberi/img16.png Graphic file (type png)
<use ../figures/alberi/img16.png>
Package pdftex.def Info: ../figures/alberi/img16.png  used on input line 1005.
(pdftex.def)             Requested size: 145.11053pt x 223.93228pt.

Overfull \hbox (2.64882pt too wide) in paragraph at lines 1002--1021
\T1/bch/b/n/12 (-20) dell'albero bi-na-rio\T1/bch/m/n/12 (-20) , men-tre per trovare il \T1/bch/b/n/12 (-20) nodo mas-simo \T1/bch/m/n/12 (-20) va is-pezion-ato \T1/bch/b/n/12 (-20) lato de-stro \T1/bch/m/n/12 (-20) dell'albero. 
 []


Overfull \hbox (3.08138pt too wide) in paragraph at lines 1002--1021
[]  []
 []

[46] [47 <../figures/alberi/img16.png>] [48]
<../figures/alberi/img17.png, id=1386, 190.311pt x 259.56975pt>
File: ../figures/alberi/img17.png Graphic file (type png)
<use ../figures/alberi/img17.png>
Package pdftex.def Info: ../figures/alberi/img17.png  used on input line 1129.
(pdftex.def)             Requested size: 145.11053pt x 197.93253pt.

Overfull \hbox (3.08138pt too wide) in paragraph at lines 1117--1144
[]  [] 
 []

[49 <../figures/alberi/img17.png>] [50] [51]
<../figures/alberi/img18.png, id=1455, 414.79968pt x 259.7203pt>
File: ../figures/alberi/img18.png Graphic file (type png)
<use ../figures/alberi/img18.png>
Package pdftex.def Info: ../figures/alberi/img18.png  used on input line 1271.
(pdftex.def)             Requested size: 222.5038pt x 139.31557pt.
<../figures/alberi/img19.png, id=1456, 435.12563pt x 258.9675pt>
File: ../figures/alberi/img19.png Graphic file (type png)
<use ../figures/alberi/img19.png>
Package pdftex.def Info: ../figures/alberi/img19.png  used on input line 1275.
(pdftex.def)             Requested size: 224.91727pt x 133.8617pt.
<../figures/alberi/img20.png, id=1458, 476.53032pt x 262.73157pt>
File: ../figures/alberi/img20.png Graphic file (type png)
<use ../figures/alberi/img20.png>
Package pdftex.def Info: ../figures/alberi/img20.png  used on input line 1291.
(pdftex.def)             Requested size: 254.90475pt x 140.54195pt.

Overfull \hbox (3.46426pt too wide) in paragraph at lines 1280--1300
[]  [] 
 []

[52 <../figures/alberi/img18.png> <../figures/alberi/img19.png> <../figures/alberi/img20.png>] [53] [54]
<../figures/alberi/img21.png, id=1511, 142.28156pt x 201.00093pt>
File: ../figures/alberi/img21.png Graphic file (type png)
<use ../figures/alberi/img21.png>
Package pdftex.def Info: ../figures/alberi/img21.png  used on input line 1418.
(pdftex.def)             Requested size: 94.32442pt x 133.25908pt.

Overfull \hbox (3.08136pt too wide) in paragraph at lines 1416--1428
[]  []
 []

<../figures/alberi/img22.png, id=1512, 175.40532pt x 121.20282pt>
File: ../figures/alberi/img22.png Graphic file (type png)
<use ../figures/alberi/img22.png>
Package pdftex.def Info: ../figures/alberi/img22.png  used on input line 1442.
(pdftex.def)             Requested size: 124.31192pt x 85.89925pt.

Overfull \hbox (3.08138pt too wide) in paragraph at lines 1440--1451
[]  [] 
 []

[55 <../figures/alberi/img21.png>]
<../figures/alberi/img23.png, id=1531, 321.45094pt x 103.88812pt>
File: ../figures/alberi/img23.png Graphic file (type png)
<use ../figures/alberi/img23.png>
Package pdftex.def Info: ../figures/alberi/img23.png  used on input line 1496.
(pdftex.def)             Requested size: 266.03474pt x 85.9814pt.

Overfull \hbox (3.47165pt too wide) in paragraph at lines 1494--1504
[][]  [] 
 []

<../figures/alberi/img24.png, id=1532, 317.68687pt x 106.89937pt>
File: ../figures/alberi/img24.png Graphic file (type png)
<use ../figures/alberi/img24.png>
Package pdftex.def Info: ../figures/alberi/img24.png  used on input line 1511.
(pdftex.def)             Requested size: 266.03474pt x 89.5257pt.

Overfull \hbox (3.47165pt too wide) in paragraph at lines 1509--1519
[][]  [] 
 []

[56 <../figures/alberi/img22.png> <../figures/alberi/img23.png>]
<../figures/alberi/img25.png, id=1539, 477.28313pt x 103.88812pt>
File: ../figures/alberi/img25.png Graphic file (type png)
<use ../figures/alberi/img25.png>
Package pdftex.def Info: ../figures/alberi/img25.png  used on input line 1525.
(pdftex.def)             Requested size: 435.32422pt x 94.75392pt.
<../figures/alberi/img26.png, id=1540, 474.27188pt x 106.89937pt>
File: ../figures/alberi/img26.png Graphic file (type png)
<use ../figures/alberi/img26.png>
Package pdftex.def Info: ../figures/alberi/img26.png  used on input line 1540.
(pdftex.def)             Requested size: 435.32422pt x 98.12349pt.

Underfull \hbox (badness 10000) in paragraph at lines 1557--1581

 []

[57 <../figures/alberi/img24.png> <../figures/alberi/img25.png> <../figures/alberi/img26.png>]
<../figures/alberi/img27.png, id=1570, 662.475pt x 904.37875pt>
File: ../figures/alberi/img27.png Graphic file (type png)
<use ../figures/alberi/img27.png>
Package pdftex.def Info: ../figures/alberi/img27.png  used on input line 1596.
(pdftex.def)             Requested size: 386.95897pt x 528.25217pt.
) [58 <../figures/alberi/img27.png>] (../chapters/ch5_complessita_algoritmi/complessita_algoritmi.tex [59] [60]
<../figures/complessita_algoritmi/img1.png, id=1586, 498.06075pt x 136.1085pt>
File: ../figures/complessita_algoritmi/img1.png Graphic file (type png)
<use ../figures/complessita_algoritmi/img1.png>
Package pdftex.def Info: ../figures/complessita_algoritmi/img1.png  used on input line 140.
(pdftex.def)             Requested size: 483.69687pt x 132.18913pt.
 [61 <../figures/complessita_algoritmi/img1.png>]
<../figures/complessita_algoritmi/img2.png, id=1595, 766.062pt x 321.6015pt>
File: ../figures/complessita_algoritmi/img2.png Graphic file (type png)
<use ../figures/complessita_algoritmi/img2.png>
Package pdftex.def Info: ../figures/complessita_algoritmi/img2.png  used on input line 174.
(pdftex.def)             Requested size: 483.69687pt x 203.06638pt.
 [62 <../figures/complessita_algoritmi/img2.png>]
<../figures/complessita_algoritmi/img3.png, id=1603, 317.988pt x 62.634pt>
File: ../figures/complessita_algoritmi/img3.png Graphic file (type png)
<use ../figures/complessita_algoritmi/img3.png>
Package pdftex.def Info: ../figures/complessita_algoritmi/img3.png  used on input line 189.
(pdftex.def)             Requested size: 266.03474pt x 52.40288pt.

Underfull \hbox (badness 10000) in paragraph at lines 196--196

 []

<../figures/complessita_algoritmi/img4.png, id=1604, 319.79475pt x 164.41425pt>
File: ../figures/complessita_algoritmi/img4.png Graphic file (type png)
<use ../figures/complessita_algoritmi/img4.png>
Package pdftex.def Info: ../figures/complessita_algoritmi/img4.png  used on input line 199.
(pdftex.def)             Requested size: 266.03474pt x 136.77988pt.

Overfull \hbox (3.47165pt too wide) in paragraph at lines 187--208
[][]  []
 []


Overfull \hbox (3.47165pt too wide) in paragraph at lines 187--208
[]  [] 
 []


Overfull \hbox (3.47165pt too wide) in paragraph at lines 213--232
[]  [] 
 []

[63 <../figures/complessita_algoritmi/img3.png> <../figures/complessita_algoritmi/img4.png>]
<../figures/complessita_algoritmi/img5.png, id=1614, 454.0965pt x 195.73125pt>
File: ../figures/complessita_algoritmi/img5.png Graphic file (type png)
<use ../figures/complessita_algoritmi/img5.png>
Package pdftex.def Info: ../figures/complessita_algoritmi/img5.png  used on input line 280.
(pdftex.def)             Requested size: 280.54506pt x 120.92203pt.
<../figures/complessita_algoritmi/img9.png, id=1615, 350.5095pt x 237.88875pt>
File: ../figures/complessita_algoritmi/img9.png Graphic file (type png)
<use ../figures/complessita_algoritmi/img9.png>
Package pdftex.def Info: ../figures/complessita_algoritmi/img9.png  used on input line 284.
(pdftex.def)             Requested size: 183.80716pt x 124.75189pt.
 [64 <../figures/complessita_algoritmi/img5.png> <../figures/complessita_algoritmi/img9.png>]
pdfTeX warning (ext4): destination with the same identifier (name{subfigure.40.1}) has been already used, duplicate ignored
<to be read again> 
                   \relax 
l.350     \subfloat
                   [Notazione $O$ grande]{%
<../figures/complessita_algoritmi/img6.png, id=1625, 240.29774pt x 237.2865pt>
File: ../figures/complessita_algoritmi/img6.png Graphic file (type png)
<use ../figures/complessita_algoritmi/img6.png>
Package pdftex.def Info: ../figures/complessita_algoritmi/img6.png  used on input line 352.
(pdftex.def)             Requested size: 149.94484pt x 148.06471pt.
LaTeX Font Info:    External font `lmex10' loaded for size
(Font)              <10> on input line 352.
LaTeX Font Info:    External font `lmex10' loaded for size
(Font)              <7> on input line 352.
LaTeX Font Info:    External font `lmex10' loaded for size
(Font)              <5> on input line 352.

pdfTeX warning (ext4): destination with the same identifier (name{subfigure.40.2}) has been already used, duplicate ignored
<to be read again> 
                   \relax 
l.354     \subfloat
                   [Notazione $\Omega$ grande]{%
<../figures/complessita_algoritmi/img7.png, id=1626, 239.6955pt x 236.68425pt>
File: ../figures/complessita_algoritmi/img7.png Graphic file (type png)
<use ../figures/complessita_algoritmi/img7.png>
Package pdftex.def Info: ../figures/complessita_algoritmi/img7.png  used on input line 356.
(pdftex.def)             Requested size: 149.94484pt x 148.06453pt.
<../figures/complessita_algoritmi/img8.png, id=1627, 242.70676pt x 236.68425pt>
File: ../figures/complessita_algoritmi/img8.png Graphic file (type png)
<use ../figures/complessita_algoritmi/img8.png>
Package pdftex.def Info: ../figures/complessita_algoritmi/img8.png  used on input line 360.
(pdftex.def)             Requested size: 149.94484pt x 146.22266pt.
 [65 <../figures/complessita_algoritmi/img6.png> <../figures/complessita_algoritmi/img7.png> <../figures/complessita_algoritmi/img8.png>]
Overfull \hbox (11.80435pt too wide) detected at line 456
\OML/lmm/m/it/12 T\OT1/lmr/m/n/12 (\OML/lmm/m/it/12 n\OT1/lmr/m/n/12 ) = [] \OML/lmm/m/it/12 con  \OT1/lmr/m/n/12 = [] = \OML/lmm/m/it/12 log[]a \OT1/lmr/m/n/12 :   \OML/lmm/m/it/12 T\OT1/lmr/m/n/12 (\OML/lmm/m/it/12 n\OT1/lmr/m/n/12 ) = []
 []

[66]
<../figures/complessita_algoritmi/img10.png, id=1646, 367.97475pt x 292.09125pt>
File: ../figures/complessita_algoritmi/img10.png Graphic file (type png)
<use ../figures/complessita_algoritmi/img10.png>
Package pdftex.def Info: ../figures/complessita_algoritmi/img10.png  used on input line 509.
(pdftex.def)             Requested size: 266.03474pt x 211.17462pt.

Overfull \hbox (11.02536pt too wide) detected at line 528
\OML/lmm/m/it/12 T\OT1/lmr/m/n/12 (\OML/lmm/m/it/12 n\OT1/lmr/m/n/12 ) = []
 []


Overfull \hbox (3.08138pt too wide) in paragraph at lines 507--529
[]  [] 
 []

[67 <../figures/complessita_algoritmi/img10.png>]
LaTeX Info: Symbol \textrightarrow not provided by
            font family bch in TS1 encoding.
            Default family used instead on input line 543.
 [68]
pdfTeX warning (ext4): destination with the same identifier (name{subfigure.40.1}) has been already used, duplicate ignored
<to be read again> 
                   \relax 
l.620     \subfloat
                   []{%
<../figures/complessita_algoritmi/img11.png, id=1658, 305.943pt x 319.79475pt>
File: ../figures/complessita_algoritmi/img11.png Graphic file (type png)
<use ../figures/complessita_algoritmi/img11.png>
Package pdftex.def Info: ../figures/complessita_algoritmi/img11.png  used on input line 622.
(pdftex.def)             Requested size: 239.42758pt x 250.26843pt.

pdfTeX warning (ext4): destination with the same identifier (name{subfigure.40.2}) has been already used, duplicate ignored
<to be read again> 
                   \relax 
l.624     \subfloat
                   []{%
<../figures/complessita_algoritmi/img12.png, id=1659, 202.356pt x 262.581pt>
File: ../figures/complessita_algoritmi/img12.png Graphic file (type png)
<use ../figures/complessita_algoritmi/img12.png>
Package pdftex.def Info: ../figures/complessita_algoritmi/img12.png  used on input line 626.
(pdftex.def)             Requested size: 193.47578pt x 251.0692pt.
 [69 <../figures/complessita_algoritmi/img11.png> <../figures/complessita_algoritmi/img12.png>]
<../figures/complessita_algoritmi/img16.png, id=1667, 301.72725pt x 214.401pt>
File: ../figures/complessita_algoritmi/img16.png Graphic file (type png)
<use ../figures/complessita_algoritmi/img16.png>
Package pdftex.def Info: ../figures/complessita_algoritmi/img16.png  used on input line 670.
(pdftex.def)             Requested size: 261.19305pt x 185.60152pt.

Overfull \hbox (3.07399pt too wide) in paragraph at lines 668--680
[]  [] 
 []

[70 <../figures/complessita_algoritmi/img16.png>]
pdfTeX warning (ext4): destination with the same identifier (name{subfigure.40.1}) has been already used, duplicate ignored
<to be read again> 
                   \relax 
l.690     \subfloat
                   []{%
<../figures/complessita_algoritmi/img13.png, id=1673, 280.04625pt x 222.23026pt>
File: ../figures/complessita_algoritmi/img13.png Graphic file (type png)
<use ../figures/complessita_algoritmi/img13.png>
Package pdftex.def Info: ../figures/complessita_algoritmi/img13.png  used on input line 692.
(pdftex.def)             Requested size: 198.31747pt x 157.38106pt.

pdfTeX warning (ext4): destination with the same identifier (name{subfigure.40.2}) has been already used, duplicate ignored
<to be read again> 
                   \relax 
l.694     \subfloat
                   []{%
<../figures/complessita_algoritmi/img14.png, id=1674, 278.2395pt x 222.23026pt>
File: ../figures/complessita_algoritmi/img14.png Graphic file (type png)
<use ../figures/complessita_algoritmi/img14.png>
Package pdftex.def Info: ../figures/complessita_algoritmi/img14.png  used on input line 696.
(pdftex.def)             Requested size: 198.31747pt x 158.39835pt.

pdfTeX warning (ext4): destination with the same identifier (name{subfigure.40.3}) has been already used, duplicate ignored
<to be read again> 
                   \relax 
l.698     \subfloat
                   []{%
<../figures/complessita_algoritmi/img15.png, id=1675, 278.2395pt x 222.23026pt>
File: ../figures/complessita_algoritmi/img15.png Graphic file (type png)
<use ../figures/complessita_algoritmi/img15.png>
Package pdftex.def Info: ../figures/complessita_algoritmi/img15.png  used on input line 700.
(pdftex.def)             Requested size: 198.31747pt x 158.39835pt.
 [71 <../figures/complessita_algoritmi/img13.png> <../figures/complessita_algoritmi/img14.png> <../figures/complessita_algoritmi/img15.png>]
<../figures/complessita_algoritmi/img17.png, id=1686, 378.213pt x 279.444pt>
File: ../figures/complessita_algoritmi/img17.png Graphic file (type png)
<use ../figures/complessita_algoritmi/img17.png>
Package pdftex.def Info: ../figures/complessita_algoritmi/img17.png  used on input line 747.
(pdftex.def)             Requested size: 227.3381pt x 167.97043pt.
<../figures/complessita_algoritmi/img18.png, id=1687, 378.213pt x 211.992pt>
File: ../figures/complessita_algoritmi/img18.png Graphic file (type png)
<use ../figures/complessita_algoritmi/img18.png>
Package pdftex.def Info: ../figures/complessita_algoritmi/img18.png  used on input line 751.
(pdftex.def)             Requested size: 227.3381pt x 127.42583pt.
<../figures/complessita_algoritmi/img20.png, id=1688, 357.13425pt x 151.767pt>
File: ../figures/complessita_algoritmi/img20.png Graphic file (type png)
<use ../figures/complessita_algoritmi/img20.png>
Package pdftex.def Info: ../figures/complessita_algoritmi/img20.png  used on input line 758.
(pdftex.def)             Requested size: 241.84843pt x 102.7764pt.

Overfull \hbox (2.11452pt too wide) in paragraph at lines 756--769
[]  []
 []

[72 <../figures/complessita_algoritmi/img17.png> <../figures/complessita_algoritmi/img18.png> <../figures/complessita_algoritmi/img20.png>]
<../figures/complessita_algoritmi/img23.png, id=1699, 451.6875pt x 52.195pt>
File: ../figures/complessita_algoritmi/img23.png Graphic file (type png)
<use ../figures/complessita_algoritmi/img23.png>
Package pdftex.def Info: ../figures/complessita_algoritmi/img23.png  used on input line 802.
(pdftex.def)             Requested size: 270.86906pt x 31.3021pt.
<../figures/complessita_algoritmi/img21.png, id=1700, 572.1375pt x 294.09875pt>
File: ../figures/complessita_algoritmi/img21.png Graphic file (type png)
<use ../figures/complessita_algoritmi/img21.png>
Package pdftex.def Info: ../figures/complessita_algoritmi/img21.png  used on input line 803.
(pdftex.def)             Requested size: 270.86906pt x 139.23613pt.
<../figures/complessita_algoritmi/img22.png, id=1701, 567.11874pt x 237.88875pt>
File: ../figures/complessita_algoritmi/img22.png Graphic file (type png)
<use ../figures/complessita_algoritmi/img22.png>
Package pdftex.def Info: ../figures/complessita_algoritmi/img22.png  used on input line 804.
(pdftex.def)             Requested size: 270.86906pt x 113.62265pt.

Underfull \hbox (badness 1789) in paragraph at lines 818--818
\T1/bch/m/n/12 (+20) Vengono qundi uti-liz-zati tre in-dici
 []


Underfull \hbox (badness 5787) in paragraph at lines 818--818
\OML/lmm/m/it/12 i; j$ \T1/bch/m/n/12 (+20) e $\OML/lmm/m/it/12 k$ \T1/bch/m/n/12 (+20) per scan-dire, rispet-ti-va-
 []


Overfull \hbox (3.08138pt too wide) in paragraph at lines 799--819
[]  [] 
 []

[73 <../figures/complessita_algoritmi/img23.png> <../figures/complessita_algoritmi/img21.png> <../figures/complessita_algoritmi/img22.png>]
<../figures/complessita_algoritmi/img19.png, id=1711, 489.62926pt x 319.1925pt>
File: ../figures/complessita_algoritmi/img19.png Graphic file (type png)
<use ../figures/complessita_algoritmi/img19.png>
Package pdftex.def Info: ../figures/complessita_algoritmi/img19.png  used on input line 842.
(pdftex.def)             Requested size: 435.32422pt x 283.7882pt.
<../figures/complessita_algoritmi/img24.png, id=1712, 903.375pt x 255.95625pt>
File: ../figures/complessita_algoritmi/img24.png Graphic file (type png)
<use ../figures/complessita_algoritmi/img24.png>
Package pdftex.def Info: ../figures/complessita_algoritmi/img24.png  used on input line 852.
(pdftex.def)             Requested size: 270.86906pt x 76.7484pt.

Overfull \hbox (3.08138pt too wide) in paragraph at lines 850--860
[]  [] 
 []

[74 <../figures/complessita_algoritmi/img19.png> <../figures/complessita_algoritmi/img24.png>]
<../figures/complessita_algoritmi/img25.png, id=1723, 505.28775pt x 225.2415pt>
File: ../figures/complessita_algoritmi/img25.png Graphic file (type png)
<use ../figures/complessita_algoritmi/img25.png>
Package pdftex.def Info: ../figures/complessita_algoritmi/img25.png  used on input line 905.
(pdftex.def)             Requested size: 435.32422pt x 194.05446pt.
) [75 <../figures/complessita_algoritmi/img25.png>] (../chapters/ch6_standard_template_library/standard_template_library.tex [76]
<../figures/strutture_dati_astratti/img1.png, id=1735, 439.6425pt x 178.6675pt>
File: ../figures/strutture_dati_astratti/img1.png Graphic file (type png)
<use ../figures/strutture_dati_astratti/img1.png>
Package pdftex.def Info: ../figures/strutture_dati_astratti/img1.png  used on input line 52.
(pdftex.def)             Requested size: 314.40001pt x 127.77354pt.
 [77 <../figures/strutture_dati_astratti/img1.png>] [78]
Package hyperref Info: bookmark level for unknown lstlisting defaults to 0 on input line 126.
 [79] [80] [81] [82] [83] [84] [85] [86] [87] [88] [89] [90]) [91] (../chapters/ch7_divide_et_impera/divide_et_impera.tex [92] [93]
Package hyperref Info: bookmark level for unknown algorithm defaults to 0 on input line 133.
 [94] [95]
Underfull \hbox (badness 10000) in paragraph at lines 248--249

 []

[96]

pdfTeX warning: pdflatex (file ../figures/divide-et-impera/VettoreEsempio.pdf): PDF inclusion: found PDF version <1.7>, but at most version <1.5> allowed
<../figures/divide-et-impera/VettoreEsempio.pdf, id=2148, 451.6875pt x 186.19562pt>
File: ../figures/divide-et-impera/VettoreEsempio.pdf Graphic file (type pdf)
<use ../figures/divide-et-impera/VettoreEsempio.pdf>
Package pdftex.def Info: ../figures/divide-et-impera/VettoreEsempio.pdf  used on input line 267.
(pdftex.def)             Requested size: 290.22107pt x 119.64209pt.


pdfTeX warning: pdflatex (file ../figures/divide-et-impera/QS1.pdf): PDF inclusion: found PDF version <1.7>, but at most version <1.5> allowed
<../figures/divide-et-impera/QS1.pdf, id=2149, 624.36461pt x 170.64653pt>
File: ../figures/divide-et-impera/QS1.pdf Graphic file (type pdf)
<use ../figures/divide-et-impera/QS1.pdf>
Package pdftex.def Info: ../figures/divide-et-impera/QS1.pdf  used on input line 278.
(pdftex.def)             Requested size: 338.58632pt x 92.54092pt.


pdfTeX warning: pdflatex (file ../figures/divide-et-impera/Pivot.pdf): PDF inclusion: found PDF version <1.7>, but at most version <1.5> allowed
<../figures/divide-et-impera/Pivot.pdf, id=2150, 451.6875pt x 111.41624pt>
File: ../figures/divide-et-impera/Pivot.pdf Graphic file (type pdf)
<use ../figures/divide-et-impera/Pivot.pdf>
Package pdftex.def Info: ../figures/divide-et-impera/Pivot.pdf  used on input line 288.
(pdftex.def)             Requested size: 290.22107pt x 71.59175pt.

Overfull \hbox (3.43167pt too wide) in paragraph at lines 259--296
 []  [] 
 []

[97 <../figures/divide-et-impera/VettoreEsempio.pdf> <../figures/divide-et-impera/QS1.pdf>]

pdfTeX warning: pdflatex (file ../figures/divide-et-impera/pivot1.pdf): PDF inclusion: found PDF version <1.7>, but at most version <1.5> allowed
<../figures/divide-et-impera/pivot1.pdf, id=2160, 1206.56778pt x 790.99513pt>
File: ../figures/divide-et-impera/pivot1.pdf Graphic file (type pdf)
<use ../figures/divide-et-impera/pivot1.pdf>
Package pdftex.def Info: ../figures/divide-et-impera/pivot1.pdf  used on input line 329.
(pdftex.def)             Requested size: 241.84843pt x 158.54623pt.


pdfTeX warning: pdflatex (file ../figures/divide-et-impera/pivot2.pdf): PDF inclusion: found PDF version <1.7>, but at most version <1.5> allowed
<../figures/divide-et-impera/pivot2.pdf, id=2161, 1206.56778pt x 790.99513pt>
File: ../figures/divide-et-impera/pivot2.pdf Graphic file (type pdf)
<use ../figures/divide-et-impera/pivot2.pdf>
Package pdftex.def Info: ../figures/divide-et-impera/pivot2.pdf  used on input line 333.
(pdftex.def)             Requested size: 241.84843pt x 158.54623pt.

Overfull \hbox (11.404pt too wide) in paragraph at lines 322--335
 []  [] 
 []

[98 <../figures/divide-et-impera/Pivot.pdf>]

pdfTeX warning: pdflatex (file ../figures/divide-et-impera/SvolgimentoRicorsione.pdf): PDF inclusion: found PDF version <1.7>, but at most version <1.5> allowed
<../figures/divide-et-impera/SvolgimentoRicorsione.pdf, id=2170, 607.29987pt x 594.25014pt>
File: ../figures/divide-et-impera/SvolgimentoRicorsione.pdf Graphic file (type pdf)
<use ../figures/divide-et-impera/SvolgimentoRicorsione.pdf>
Package pdftex.def Info: ../figures/divide-et-impera/SvolgimentoRicorsione.pdf  used on input line 355.
(pdftex.def)             Requested size: 241.84843pt x 236.644pt.
[99 <../figures/divide-et-impera/pivot1.pdf> <../figures/divide-et-impera/pivot2.pdf> <../figures/divide-et-impera/SvolgimentoRicorsione.pdf>] [100]) [101] (../chapters/ch11_tabelle_hash/tabelle_hash.tex
<../figures/../figures/hashing/img1.png, id=2196, 626.34pt x 139.52126pt>
File: ../figures/../figures/hashing/img1.png Graphic file (type png)
<use ../figures/../figures/hashing/img1.png>
Package pdftex.def Info: ../figures/../figures/hashing/img1.png  used on input line 15.
(pdftex.def)             Requested size: 459.51054pt x 102.36273pt.
<../figures/../figures/hashing/img2.png, id=2197, 502.87875pt x 306.14375pt>
File: ../figures/../figures/hashing/img2.png Graphic file (type png)
<use ../figures/../figures/hashing/img2.png>
Package pdftex.def Info: ../figures/../figures/hashing/img2.png  used on input line 48.
(pdftex.def)             Requested size: 270.86906pt x 164.8994pt.

Overfull \hbox (3.08138pt too wide) in paragraph at lines 37--59
[]  [] 
 []

[102 <../figures/../figures/hashing/img1.png> <../figures/../figures/hashing/img2.png>]
<../figures/../figures/hashing/img3.png, id=2206, 405.01312pt x 243.91125pt>
File: ../figures/../figures/hashing/img3.png Graphic file (type png)
<use ../figures/../figures/hashing/img3.png>
Package pdftex.def Info: ../figures/../figures/hashing/img3.png  used on input line 72.
(pdftex.def)             Requested size: 295.05537pt x 177.69643pt.

Overfull \hbox (3.08138pt too wide) in paragraph at lines 70--85
[]  [] 
 []

) [103 <../figures/../figures/hashing/img3.png>] [104] (main.aux)
 ***********
LaTeX2e <2023-11-01> patch level 1
L3 programming layer <2024-01-04>
 ***********
Package rerunfilecheck Info: File `main.out' has not changed.
(rerunfilecheck)             Checksum: 890EB0783761BD56A617465C9C0BA1CF;18224.
 ) 
Here is how much of TeX's memory you used:
 37621 strings out of 474486
 750944 string characters out of 5743756
 2280542 words of memory out of 5000000
 57498 multiletter control sequences out of 15000+600000
 679134 words of font info for 425 fonts, out of 8000000 for 9000
 1141 hyphenation exceptions out of 8191
 89i,14n,99p,1105b,2069s stack positions out of 10000i,1000n,20000p,200000b,200000s
 <C:\Users\dany2\AppData\Local\MiKTeX\fonts/pk/ljfour/jknappen/ec/dpi600\tcrm1200.pk><C:/Users/dany2/AppData/Local/Programs/MiKTeX/fonts/type1/bitstrea/charter/bchb8a.pfb><C:/Users/dany2/AppData/Local/Programs/MiKTeX/fonts/type1/bitstrea/charter/bchbi8a.pfb><C:/Users/dany2/AppData/Local/Programs/MiKTeX/fonts/type1/bitstrea/charter/bchr8a.pfb><C:/Users/dany2/AppData/Local/Programs/MiKTeX/fonts/type1/bitstrea/charter/bchri8a.pfb><C:/Users/dany2/AppData/Local/Programs/MiKTeX/fonts/type1/public/lm/lmex10.pfb><C:/Users/dany2/AppData/Local/Programs/MiKTeX/fonts/type1/public/lm/lmmi10.pfb><C:/Users/dany2/AppData/Local/Programs/MiKTeX/fonts/type1/public/lm/lmmi12.pfb><C:/Users/dany2/AppData/Local/Programs/MiKTeX/fonts/type1/public/lm/lmmi6.pfb><C:/Users/dany2/AppData/Local/Programs/MiKTeX/fonts/type1/public/lm/lmmi8.pfb><C:/Users/dany2/AppData/Local/Programs/MiKTeX/fonts/type1/public/lm/lmr10.pfb><C:/Users/dany2/AppData/Local/Programs/MiKTeX/fonts/type1/public/lm/lmr12.pfb><C:/Users/dany2/AppData/Local/Programs/MiKTeX/fonts/type1/public/lm/lmr6.pfb><C:/Users/dany2/AppData/Local/Programs/MiKTeX/fonts/type1/public/lm/lmr8.pfb><C:/Users/dany2/AppData/Local/Programs/MiKTeX/fonts/type1/public/lm/lmsy10.pfb><C:/Users/dany2/AppData/Local/Programs/MiKTeX/fonts/type1/public/lm/lmsy8.pfb><C:/Users/dany2/AppData/Local/Programs/MiKTeX/fonts/type1/public/lm/lmtk10.pfb><C:/Users/dany2/AppData/Local/Programs/MiKTeX/fonts/type1/public/lm/lmtt12.pfb><C:/Users/dany2/AppData/Local/Programs/MiKTeX/fonts/type1/public/lm/lmtti10.pfb><C:/Users/dany2/AppData/Local/Programs/MiKTeX/fonts/type1/public/amsfonts/symbols/msam10.pfb><C:/Users/dany2/AppData/Local/Programs/MiKTeX/fonts/type1/public/amsfonts/symbols/msbm10.pfb><C:/Users/dany2/AppData/Local/Programs/MiKTeX/fonts/type1/urw/courier/ucrb8a.pfb><C:/Users/dany2/AppData/Local/Programs/MiKTeX/fonts/type1/urw/courier/ucrr8a.pfb><C:/Users/dany2/AppData/Local/Programs/MiKTeX/fonts/type1/urw/courier/ucrro8a.pfb>
Output written on main.pdf (104 pages, 4063678 bytes).
PDF statistics:
 2570 PDF objects out of 2984 (max. 8388607)
 1215 named destinations out of 1440 (max. 500000)
 64826 words of extra memory for PDF output out of 74296 (max. 10000000)

