This is pdfTeX, Version 3.141592653-2.6-1.40.27 (TeX Live 2025) (preloaded format=pdflatex 2025.11.28)  15 DEC 2025 18:03
entering extended mode
 restricted \write18 enabled.
 file:line:error style messages enabled.
 %&-line parsing enabled.
**/Users/d.picciaustudenti.uniss.it/Desktop/uniss/Algoritmi_Strutture_Dati/Appunti_Algoritmi_Strutture_Dati/Algoritmi_Strutture_Dati.tex
(/Users/d.picciaustudenti.uniss.it/Desktop/uniss/Algoritmi_Strutture_Dati/Appunti_Algoritmi_Strutture_Dati/Algoritmi_Strutture_Dati.tex
LaTeX2e <2024-11-01> patch level 2
L3 programming layer <2025-01-18>
(/usr/local/texlive/2025/texmf-dist/tex/latex/base/article.cls
Document Class: article 2024/06/29 v1.4n Standard LaTeX document class
(/usr/local/texlive/2025/texmf-dist/tex/latex/base/size12.clo
File: size12.clo 2024/06/29 v1.4n Standard LaTeX file (size option)
)
\c@part=\count196
\c@section=\count197
\c@subsection=\count198
\c@subsubsection=\count199
\c@paragraph=\count266
\c@subparagraph=\count267
\c@figure=\count268
\c@table=\count269
\abovecaptionskip=\skip49
\belowcaptionskip=\skip50
\bibindent=\dimen141
) (/usr/local/texlive/2025/texmf-dist/tex/latex/base/inputenc.sty
Package: inputenc 2024/02/08 v1.3d Input encoding file
\inpenc@prehook=\toks17
\inpenc@posthook=\toks18
) (/usr/local/texlive/2025/texmf-dist/tex/latex/base/fontenc.sty
Package: fontenc 2021/04/29 v2.0v Standard LaTeX package
) (/usr/local/texlive/2025/texmf-dist/tex/latex/lm/lmodern.sty
Package: lmodern 2015/05/01 v1.6.1 Latin Modern Fonts
LaTeX Font Info:    Overwriting symbol font `operators' in version `normal'
(Font)                  OT1/cmr/m/n --> OT1/lmr/m/n on input line 22.
LaTeX Font Info:    Overwriting symbol font `letters' in version `normal'
(Font)                  OML/cmm/m/it --> OML/lmm/m/it on input line 23.
LaTeX Font Info:    Overwriting symbol font `symbols' in version `normal'
(Font)                  OMS/cmsy/m/n --> OMS/lmsy/m/n on input line 24.
LaTeX Font Info:    Overwriting symbol font `largesymbols' in version `normal'
(Font)                  OMX/cmex/m/n --> OMX/lmex/m/n on input line 25.
LaTeX Font Info:    Overwriting symbol font `operators' in version `bold'
(Font)                  OT1/cmr/bx/n --> OT1/lmr/bx/n on input line 26.
LaTeX Font Info:    Overwriting symbol font `letters' in version `bold'
(Font)                  OML/cmm/b/it --> OML/lmm/b/it on input line 27.
LaTeX Font Info:    Overwriting symbol font `symbols' in version `bold'
(Font)                  OMS/cmsy/b/n --> OMS/lmsy/b/n on input line 28.
LaTeX Font Info:    Overwriting symbol font `largesymbols' in version `bold'
(Font)                  OMX/cmex/m/n --> OMX/lmex/m/n on input line 29.
LaTeX Font Info:    Overwriting math alphabet `\mathbf' in version `normal'
(Font)                  OT1/cmr/bx/n --> OT1/lmr/bx/n on input line 31.
LaTeX Font Info:    Overwriting math alphabet `\mathsf' in version `normal'
(Font)                  OT1/cmss/m/n --> OT1/lmss/m/n on input line 32.
LaTeX Font Info:    Overwriting math alphabet `\mathit' in version `normal'
(Font)                  OT1/cmr/m/it --> OT1/lmr/m/it on input line 33.
LaTeX Font Info:    Overwriting math alphabet `\mathtt' in version `normal'
(Font)                  OT1/cmtt/m/n --> OT1/lmtt/m/n on input line 34.
LaTeX Font Info:    Overwriting math alphabet `\mathbf' in version `bold'
(Font)                  OT1/cmr/bx/n --> OT1/lmr/bx/n on input line 35.
LaTeX Font Info:    Overwriting math alphabet `\mathsf' in version `bold'
(Font)                  OT1/cmss/bx/n --> OT1/lmss/bx/n on input line 36.
LaTeX Font Info:    Overwriting math alphabet `\mathit' in version `bold'
(Font)                  OT1/cmr/bx/it --> OT1/lmr/bx/it on input line 37.
LaTeX Font Info:    Overwriting math alphabet `\mathtt' in version `bold'
(Font)                  OT1/cmtt/m/n --> OT1/lmtt/m/n on input line 38.
) (/usr/local/texlive/2025/texmf-dist/tex/latex/graphics/graphicx.sty
Package: graphicx 2021/09/16 v1.2d Enhanced LaTeX Graphics (DPC,SPQR)
 (/usr/local/texlive/2025/texmf-dist/tex/latex/graphics/keyval.sty
Package: keyval 2022/05/29 v1.15 key=value parser (DPC)
\KV@toks@=\toks19
) (/usr/local/texlive/2025/texmf-dist/tex/latex/graphics/graphics.sty
Package: graphics 2024/08/06 v1.4g Standard LaTeX Graphics (DPC,SPQR)
 (/usr/local/texlive/2025/texmf-dist/tex/latex/graphics/trig.sty
Package: trig 2023/12/02 v1.11 sin cos tan (DPC)
) (/usr/local/texlive/2025/texmf-dist/tex/latex/graphics-cfg/graphics.cfg
File: graphics.cfg 2016/06/04 v1.11 sample graphics configuration
)
Package graphics Info: Driver file: pdftex.def on input line 106.
 (/usr/local/texlive/2025/texmf-dist/tex/latex/graphics-def/pdftex.def
File: pdftex.def 2024/04/13 v1.2c Graphics/color driver for pdftex
))
\Gin@req@height=\dimen142
\Gin@req@width=\dimen143
) (/usr/local/texlive/2025/texmf-dist/tex/latex/psnfss/charter.sty
Package: charter 2020/03/25 PSNFSS-v9.3 (P.Dyballa) 
) (/usr/local/texlive/2025/texmf-dist/tex/latex/microtype/microtype.sty
Package: microtype 2025/02/11 v3.2a Micro-typographical refinements (RS)
 (/usr/local/texlive/2025/texmf-dist/tex/latex/etoolbox/etoolbox.sty
Package: etoolbox 2025/02/11 v2.5l e-TeX tools for LaTeX (JAW)
\etb@tempcnta=\count270
)
\MT@toks=\toks20
\MT@tempbox=\box52
\MT@count=\count271
LaTeX Info: Redefining \noprotrusionifhmode on input line 1087.
LaTeX Info: Redefining \leftprotrusion on input line 1088.
\MT@prot@toks=\toks21
LaTeX Info: Redefining \rightprotrusion on input line 1107.
LaTeX Info: Redefining \textls on input line 1449.
\MT@outer@kern=\dimen144
LaTeX Info: Redefining \microtypecontext on input line 2053.
LaTeX Info: Redefining \textmicrotypecontext on input line 2070.
\MT@listname@count=\count272
 (/usr/local/texlive/2025/texmf-dist/tex/latex/microtype/microtype-pdftex.def
File: microtype-pdftex.def 2025/02/11 v3.2a Definitions specific to pdftex (RS)
LaTeX Info: Redefining \lsstyle on input line 944.
LaTeX Info: Redefining \lslig on input line 944.
\MT@outer@space=\skip51
)
Package microtype Info: Loading configuration file microtype.cfg.
 (/usr/local/texlive/2025/texmf-dist/tex/latex/microtype/microtype.cfg
File: microtype.cfg 2025/02/11 v3.2a microtype main configuration file (RS)
)
LaTeX Info: Redefining \microtypesetup on input line 3065.
) (/usr/local/texlive/2025/texmf-dist/tex/latex/titling/titling.sty
Package: titling 2009/09/04 v2.1d maketitle typesetting
\thanksmarkwidth=\skip52
\thanksmargin=\skip53
\droptitle=\skip54
) (/usr/local/texlive/2025/texmf-dist/tex/latex/geometry/geometry.sty
Package: geometry 2020/01/02 v5.9 Page Geometry
 (/usr/local/texlive/2025/texmf-dist/tex/generic/iftex/ifvtex.sty
Package: ifvtex 2019/10/25 v1.7 ifvtex legacy package. Use iftex instead.
 (/usr/local/texlive/2025/texmf-dist/tex/generic/iftex/iftex.sty
Package: iftex 2024/12/12 v1.0g TeX engine tests
))
\Gm@cnth=\count273
\Gm@cntv=\count274
\c@Gm@tempcnt=\count275
\Gm@bindingoffset=\dimen145
\Gm@wd@mp=\dimen146
\Gm@odd@mp=\dimen147
\Gm@even@mp=\dimen148
\Gm@layoutwidth=\dimen149
\Gm@layoutheight=\dimen150
\Gm@layouthoffset=\dimen151
\Gm@layoutvoffset=\dimen152
\Gm@dimlist=\toks22
) (/usr/local/texlive/2025/texmf-dist/tex/latex/setspace/setspace.sty
Package: setspace 2022/12/04 v6.7b set line spacing
) (/usr/local/texlive/2025/texmf-dist/tex/latex/enumitem/enumitem.sty
Package: enumitem 2025/02/06 v3.11 Customized lists
\labelindent=\skip55
\enit@outerparindent=\dimen153
\enit@toks=\toks23
\enit@inbox=\box53
\enit@count@id=\count276
\enitdp@description=\count277
) (/usr/local/texlive/2025/texmf-dist/tex/latex/float/float.sty
Package: float 2001/11/08 v1.3d Float enhancements (AL)
\c@float@type=\count278
\float@exts=\toks24
\float@box=\box54
\@float@everytoks=\toks25
\@floatcapt=\box55
) (/usr/local/texlive/2025/texmf-dist/tex/latex/wrapfig/wrapfig.sty
\wrapoverhang=\dimen154
\WF@size=\dimen155
\c@WF@wrappedlines=\count279
\WF@box=\box56
\WF@everypar=\toks26
Package: wrapfig 2003/01/31  v 3.6
) (/usr/local/texlive/2025/texmf-dist/tex/latex/subfig/subfig.sty
Package: subfig 2005/06/28 ver: 1.3 subfig package
 (/usr/local/texlive/2025/texmf-dist/tex/latex/caption/caption.sty
Package: caption 2023/08/05 v3.6o Customizing captions (AR)
 (/usr/local/texlive/2025/texmf-dist/tex/latex/caption/caption3.sty
Package: caption3 2023/07/31 v2.4d caption3 kernel (AR)
\caption@tempdima=\dimen156
\captionmargin=\dimen157
\caption@leftmargin=\dimen158
\caption@rightmargin=\dimen159
\caption@width=\dimen160
\caption@indent=\dimen161
\caption@parindent=\dimen162
\caption@hangindent=\dimen163
Package caption Info: Standard document class detected.
)
\c@caption@flags=\count280
\c@continuedfloat=\count281
Package caption Info: float package is loaded.
Package caption Info: wrapfig package is loaded.
)
\c@KVtest=\count282
\sf@farskip=\skip56
\sf@captopadj=\dimen164
\sf@capskip=\skip57
\sf@nearskip=\skip58
\c@subfigure=\count283
\c@subfigure@save=\count284
\c@lofdepth=\count285
\c@subtable=\count286
\c@subtable@save=\count287
\c@lotdepth=\count288
\sf@top=\skip59
\sf@bottom=\skip60
) (/usr/local/texlive/2025/texmf-dist/tex/latex/hyperref/hyperref.sty
Package: hyperref 2024-11-05 v7.01l Hypertext links for LaTeX
 (/usr/local/texlive/2025/texmf-dist/tex/latex/kvsetkeys/kvsetkeys.sty
Package: kvsetkeys 2022-10-05 v1.19 Key value parser (HO)
) (/usr/local/texlive/2025/texmf-dist/tex/generic/kvdefinekeys/kvdefinekeys.sty
Package: kvdefinekeys 2019-12-19 v1.6 Define keys (HO)
) (/usr/local/texlive/2025/texmf-dist/tex/generic/pdfescape/pdfescape.sty
Package: pdfescape 2019/12/09 v1.15 Implements pdfTeX's escape features (HO)
 (/usr/local/texlive/2025/texmf-dist/tex/generic/ltxcmds/ltxcmds.sty
Package: ltxcmds 2023-12-04 v1.26 LaTeX kernel commands for general use (HO)
) (/usr/local/texlive/2025/texmf-dist/tex/generic/pdftexcmds/pdftexcmds.sty
Package: pdftexcmds 2020-06-27 v0.33 Utility functions of pdfTeX for LuaTeX (HO)
 (/usr/local/texlive/2025/texmf-dist/tex/generic/infwarerr/infwarerr.sty
Package: infwarerr 2019/12/03 v1.5 Providing info/warning/error messages (HO)
)
Package pdftexcmds Info: \pdf@primitive is available.
Package pdftexcmds Info: \pdf@ifprimitive is available.
Package pdftexcmds Info: \pdfdraftmode found.
)) (/usr/local/texlive/2025/texmf-dist/tex/latex/hycolor/hycolor.sty
Package: hycolor 2020-01-27 v1.10 Color options for hyperref/bookmark (HO)
) (/usr/local/texlive/2025/texmf-dist/tex/latex/hyperref/nameref.sty
Package: nameref 2023-11-26 v2.56 Cross-referencing by name of section
 (/usr/local/texlive/2025/texmf-dist/tex/latex/refcount/refcount.sty
Package: refcount 2019/12/15 v3.6 Data extraction from label references (HO)
) (/usr/local/texlive/2025/texmf-dist/tex/generic/gettitlestring/gettitlestring.sty
Package: gettitlestring 2019/12/15 v1.6 Cleanup title references (HO)
 (/usr/local/texlive/2025/texmf-dist/tex/latex/kvoptions/kvoptions.sty
Package: kvoptions 2022-06-15 v3.15 Key value format for package options (HO)
))
\c@section@level=\count289
) (/usr/local/texlive/2025/texmf-dist/tex/generic/stringenc/stringenc.sty
Package: stringenc 2019/11/29 v1.12 Convert strings between diff. encodings (HO)
)
\@linkdim=\dimen165
\Hy@linkcounter=\count290
\Hy@pagecounter=\count291
 (/usr/local/texlive/2025/texmf-dist/tex/latex/hyperref/pd1enc.def
File: pd1enc.def 2024-11-05 v7.01l Hyperref: PDFDocEncoding definition (HO)
Now handling font encoding PD1 ...
... no UTF-8 mapping file for font encoding PD1
) (/usr/local/texlive/2025/texmf-dist/tex/generic/intcalc/intcalc.sty
Package: intcalc 2019/12/15 v1.3 Expandable calculations with integers (HO)
)
\Hy@SavedSpaceFactor=\count292
 (/usr/local/texlive/2025/texmf-dist/tex/latex/hyperref/puenc.def
File: puenc.def 2024-11-05 v7.01l Hyperref: PDF Unicode definition (HO)
Now handling font encoding PU ...
... no UTF-8 mapping file for font encoding PU
)
Package hyperref Info: Hyper figures OFF on input line 4157.
Package hyperref Info: Link nesting OFF on input line 4162.
Package hyperref Info: Hyper index ON on input line 4165.
Package hyperref Info: Plain pages OFF on input line 4172.
Package hyperref Info: Backreferencing OFF on input line 4177.
Package hyperref Info: Implicit mode ON; LaTeX internals redefined.
Package hyperref Info: Bookmarks ON on input line 4424.
\c@Hy@tempcnt=\count293
 (/usr/local/texlive/2025/texmf-dist/tex/latex/url/url.sty
\Urlmuskip=\muskip17
Package: url 2013/09/16  ver 3.4  Verb mode for urls, etc.
)
LaTeX Info: Redefining \url on input line 4763.
\XeTeXLinkMargin=\dimen166
 (/usr/local/texlive/2025/texmf-dist/tex/generic/bitset/bitset.sty
Package: bitset 2019/12/09 v1.3 Handle bit-vector datatype (HO)
 (/usr/local/texlive/2025/texmf-dist/tex/generic/bigintcalc/bigintcalc.sty
Package: bigintcalc 2019/12/15 v1.5 Expandable calculations on big integers (HO)
))
\Fld@menulength=\count294
\Field@Width=\dimen167
\Fld@charsize=\dimen168
Package hyperref Info: Hyper figures OFF on input line 6042.
Package hyperref Info: Link nesting OFF on input line 6047.
Package hyperref Info: Hyper index ON on input line 6050.
Package hyperref Info: backreferencing OFF on input line 6057.
Package hyperref Info: Link coloring OFF on input line 6062.
Package hyperref Info: Link coloring with OCG OFF on input line 6067.
Package hyperref Info: PDF/A mode OFF on input line 6072.
 (/usr/local/texlive/2025/texmf-dist/tex/latex/base/atbegshi-ltx.sty
Package: atbegshi-ltx 2021/01/10 v1.0c Emulation of the original atbegshi
package with kernel methods
)
\Hy@abspage=\count295
\c@Item=\count296
\c@Hfootnote=\count297
)
Package hyperref Info: Driver (autodetected): hpdftex.
 (/usr/local/texlive/2025/texmf-dist/tex/latex/hyperref/hpdftex.def
File: hpdftex.def 2024-11-05 v7.01l Hyperref driver for pdfTeX
 (/usr/local/texlive/2025/texmf-dist/tex/latex/base/atveryend-ltx.sty
Package: atveryend-ltx 2020/08/19 v1.0a Emulation of the original atveryend package
with kernel methods
)
\Fld@listcount=\count298
\c@bookmark@seq@number=\count299
 (/usr/local/texlive/2025/texmf-dist/tex/latex/rerunfilecheck/rerunfilecheck.sty
Package: rerunfilecheck 2022-07-10 v1.10 Rerun checks for auxiliary files (HO)
 (/usr/local/texlive/2025/texmf-dist/tex/generic/uniquecounter/uniquecounter.sty
Package: uniquecounter 2019/12/15 v1.4 Provide unlimited unique counter (HO)
)
Package uniquecounter Info: New unique counter `rerunfilecheck' on input line 285.
)
\Hy@SectionHShift=\skip61
) (/usr/local/texlive/2025/texmf-dist/tex/latex/booktabs/booktabs.sty
Package: booktabs 2020/01/12 v1.61803398 Publication quality tables
\heavyrulewidth=\dimen169
\lightrulewidth=\dimen170
\cmidrulewidth=\dimen171
\belowrulesep=\dimen172
\belowbottomsep=\dimen173
\aboverulesep=\dimen174
\abovetopsep=\dimen175
\cmidrulesep=\dimen176
\cmidrulekern=\dimen177
\defaultaddspace=\dimen178
\@cmidla=\count300
\@cmidlb=\count301
\@aboverulesep=\dimen179
\@belowrulesep=\dimen180
\@thisruleclass=\count302
\@lastruleclass=\count303
\@thisrulewidth=\dimen181
) (/usr/local/texlive/2025/texmf-dist/tex/latex/tools/array.sty
Package: array 2024/10/17 v2.6g Tabular extension package (FMi)
\col@sep=\dimen182
\ar@mcellbox=\box57
\extrarowheight=\dimen183
\NC@list=\toks27
\extratabsurround=\skip62
\backup@length=\skip63
\ar@cellbox=\box58
) (/usr/local/texlive/2025/texmf-dist/tex/latex/tools/tabularx.sty
Package: tabularx 2023/12/11 v2.12a `tabularx' package (DPC)
\TX@col@width=\dimen184
\TX@old@table=\dimen185
\TX@old@col=\dimen186
\TX@target=\dimen187
\TX@delta=\dimen188
\TX@cols=\count304
\TX@ftn=\toks28
) (/usr/local/texlive/2025/texmf-dist/tex/latex/placeins/placeins.sty
Package: placeins 2005/04/18  v 2.2
) (/usr/local/texlive/2025/texmf-dist/tex/latex/colortbl/colortbl.sty
Package: colortbl 2024/07/06 v1.0i Color table columns (DPC)
 (/usr/local/texlive/2025/texmf-dist/tex/latex/graphics/color.sty
Package: color 2024/06/23 v1.3e Standard LaTeX Color (DPC)
 (/usr/local/texlive/2025/texmf-dist/tex/latex/graphics-cfg/color.cfg
File: color.cfg 2016/01/02 v1.6 sample color configuration
)
Package color Info: Driver file: pdftex.def on input line 149.
 (/usr/local/texlive/2025/texmf-dist/tex/latex/graphics/mathcolor.ltx))
\everycr=\toks29
\minrowclearance=\skip64
\rownum=\count305
) (/usr/local/texlive/2025/texmf-dist/tex/latex/pgf/frontendlayer/tikz.sty (/usr/local/texlive/2025/texmf-dist/tex/latex/pgf/basiclayer/pgf.sty (/usr/local/texlive/2025/texmf-dist/tex/latex/pgf/utilities/pgfrcs.sty (/usr/local/texlive/2025/texmf-dist/tex/generic/pgf/utilities/pgfutil-common.tex
\pgfutil@everybye=\toks30
\pgfutil@tempdima=\dimen189
\pgfutil@tempdimb=\dimen190
) (/usr/local/texlive/2025/texmf-dist/tex/generic/pgf/utilities/pgfutil-latex.def
\pgfutil@abb=\box59
) (/usr/local/texlive/2025/texmf-dist/tex/generic/pgf/utilities/pgfrcs.code.tex (/usr/local/texlive/2025/texmf-dist/tex/generic/pgf/pgf.revision.tex)
Package: pgfrcs 2023-01-15 v3.1.10 (3.1.10)
))
Package: pgf 2023-01-15 v3.1.10 (3.1.10)
 (/usr/local/texlive/2025/texmf-dist/tex/latex/pgf/basiclayer/pgfcore.sty (/usr/local/texlive/2025/texmf-dist/tex/latex/pgf/systemlayer/pgfsys.sty (/usr/local/texlive/2025/texmf-dist/tex/generic/pgf/systemlayer/pgfsys.code.tex
Package: pgfsys 2023-01-15 v3.1.10 (3.1.10)
 (/usr/local/texlive/2025/texmf-dist/tex/generic/pgf/utilities/pgfkeys.code.tex
\pgfkeys@pathtoks=\toks31
\pgfkeys@temptoks=\toks32
 (/usr/local/texlive/2025/texmf-dist/tex/generic/pgf/utilities/pgfkeyslibraryfiltered.code.tex
\pgfkeys@tmptoks=\toks33
))
\pgf@x=\dimen191
\pgf@y=\dimen192
\pgf@xa=\dimen193
\pgf@ya=\dimen194
\pgf@xb=\dimen195
\pgf@yb=\dimen196
\pgf@xc=\dimen197
\pgf@yc=\dimen198
\pgf@xd=\dimen199
\pgf@yd=\dimen256
\w@pgf@writea=\write3
\r@pgf@reada=\read2
\c@pgf@counta=\count306
\c@pgf@countb=\count307
\c@pgf@countc=\count308
\c@pgf@countd=\count309
\t@pgf@toka=\toks34
\t@pgf@tokb=\toks35
\t@pgf@tokc=\toks36
\pgf@sys@id@count=\count310
 (/usr/local/texlive/2025/texmf-dist/tex/generic/pgf/systemlayer/pgf.cfg
File: pgf.cfg 2023-01-15 v3.1.10 (3.1.10)
)
Driver file for pgf: pgfsys-pdftex.def
 (/usr/local/texlive/2025/texmf-dist/tex/generic/pgf/systemlayer/pgfsys-pdftex.def
File: pgfsys-pdftex.def 2023-01-15 v3.1.10 (3.1.10)
 (/usr/local/texlive/2025/texmf-dist/tex/generic/pgf/systemlayer/pgfsys-common-pdf.def
File: pgfsys-common-pdf.def 2023-01-15 v3.1.10 (3.1.10)
))) (/usr/local/texlive/2025/texmf-dist/tex/generic/pgf/systemlayer/pgfsyssoftpath.code.tex
File: pgfsyssoftpath.code.tex 2023-01-15 v3.1.10 (3.1.10)
\pgfsyssoftpath@smallbuffer@items=\count311
\pgfsyssoftpath@bigbuffer@items=\count312
) (/usr/local/texlive/2025/texmf-dist/tex/generic/pgf/systemlayer/pgfsysprotocol.code.tex
File: pgfsysprotocol.code.tex 2023-01-15 v3.1.10 (3.1.10)
)) (/usr/local/texlive/2025/texmf-dist/tex/latex/xcolor/xcolor.sty
Package: xcolor 2024/09/29 v3.02 LaTeX color extensions (UK)
 (/usr/local/texlive/2025/texmf-dist/tex/latex/graphics-cfg/color.cfg
File: color.cfg 2016/01/02 v1.6 sample color configuration
)
Package xcolor Info: Driver file: pdftex.def on input line 274.
LaTeX Info: Redefining \color on input line 762.
 (/usr/local/texlive/2025/texmf-dist/tex/latex/graphics/mathcolor.ltx)
Package xcolor Info: Model `cmy' substituted by `cmy0' on input line 1349.
Package xcolor Info: Model `hsb' substituted by `rgb' on input line 1353.
Package xcolor Info: Model `RGB' extended on input line 1365.
Package xcolor Info: Model `HTML' substituted by `rgb' on input line 1367.
Package xcolor Info: Model `Hsb' substituted by `hsb' on input line 1368.
Package xcolor Info: Model `tHsb' substituted by `hsb' on input line 1369.
Package xcolor Info: Model `HSB' substituted by `hsb' on input line 1370.
Package xcolor Info: Model `Gray' substituted by `gray' on input line 1371.
Package xcolor Info: Model `wave' substituted by `hsb' on input line 1372.
) (/usr/local/texlive/2025/texmf-dist/tex/generic/pgf/basiclayer/pgfcore.code.tex
Package: pgfcore 2023-01-15 v3.1.10 (3.1.10)
 (/usr/local/texlive/2025/texmf-dist/tex/generic/pgf/math/pgfmath.code.tex (/usr/local/texlive/2025/texmf-dist/tex/generic/pgf/math/pgfmathutil.code.tex) (/usr/local/texlive/2025/texmf-dist/tex/generic/pgf/math/pgfmathparser.code.tex
\pgfmath@dimen=\dimen257
\pgfmath@count=\count313
\pgfmath@box=\box60
\pgfmath@toks=\toks37
\pgfmath@stack@operand=\toks38
\pgfmath@stack@operation=\toks39
) (/usr/local/texlive/2025/texmf-dist/tex/generic/pgf/math/pgfmathfunctions.code.tex) (/usr/local/texlive/2025/texmf-dist/tex/generic/pgf/math/pgfmathfunctions.basic.code.tex) (/usr/local/texlive/2025/texmf-dist/tex/generic/pgf/math/pgfmathfunctions.trigonometric.code.tex) (/usr/local/texlive/2025/texmf-dist/tex/generic/pgf/math/pgfmathfunctions.random.code.tex) (/usr/local/texlive/2025/texmf-dist/tex/generic/pgf/math/pgfmathfunctions.comparison.code.tex) (/usr/local/texlive/2025/texmf-dist/tex/generic/pgf/math/pgfmathfunctions.base.code.tex) (/usr/local/texlive/2025/texmf-dist/tex/generic/pgf/math/pgfmathfunctions.round.code.tex) (/usr/local/texlive/2025/texmf-dist/tex/generic/pgf/math/pgfmathfunctions.misc.code.tex) (/usr/local/texlive/2025/texmf-dist/tex/generic/pgf/math/pgfmathfunctions.integerarithmetics.code.tex) (/usr/local/texlive/2025/texmf-dist/tex/generic/pgf/math/pgfmathcalc.code.tex) (/usr/local/texlive/2025/texmf-dist/tex/generic/pgf/math/pgfmathfloat.code.tex
\c@pgfmathroundto@lastzeros=\count314
)) (/usr/local/texlive/2025/texmf-dist/tex/generic/pgf/math/pgfint.code.tex) (/usr/local/texlive/2025/texmf-dist/tex/generic/pgf/basiclayer/pgfcorepoints.code.tex
File: pgfcorepoints.code.tex 2023-01-15 v3.1.10 (3.1.10)
\pgf@picminx=\dimen258
\pgf@picmaxx=\dimen259
\pgf@picminy=\dimen260
\pgf@picmaxy=\dimen261
\pgf@pathminx=\dimen262
\pgf@pathmaxx=\dimen263
\pgf@pathminy=\dimen264
\pgf@pathmaxy=\dimen265
\pgf@xx=\dimen266
\pgf@xy=\dimen267
\pgf@yx=\dimen268
\pgf@yy=\dimen269
\pgf@zx=\dimen270
\pgf@zy=\dimen271
) (/usr/local/texlive/2025/texmf-dist/tex/generic/pgf/basiclayer/pgfcorepathconstruct.code.tex
File: pgfcorepathconstruct.code.tex 2023-01-15 v3.1.10 (3.1.10)
\pgf@path@lastx=\dimen272
\pgf@path@lasty=\dimen273
) (/usr/local/texlive/2025/texmf-dist/tex/generic/pgf/basiclayer/pgfcorepathusage.code.tex
File: pgfcorepathusage.code.tex 2023-01-15 v3.1.10 (3.1.10)
\pgf@shorten@end@additional=\dimen274
\pgf@shorten@start@additional=\dimen275
) (/usr/local/texlive/2025/texmf-dist/tex/generic/pgf/basiclayer/pgfcorescopes.code.tex
File: pgfcorescopes.code.tex 2023-01-15 v3.1.10 (3.1.10)
\pgfpic=\box61
\pgf@hbox=\box62
\pgf@layerbox@main=\box63
\pgf@picture@serial@count=\count315
) (/usr/local/texlive/2025/texmf-dist/tex/generic/pgf/basiclayer/pgfcoregraphicstate.code.tex
File: pgfcoregraphicstate.code.tex 2023-01-15 v3.1.10 (3.1.10)
\pgflinewidth=\dimen276
) (/usr/local/texlive/2025/texmf-dist/tex/generic/pgf/basiclayer/pgfcoretransformations.code.tex
File: pgfcoretransformations.code.tex 2023-01-15 v3.1.10 (3.1.10)
\pgf@pt@x=\dimen277
\pgf@pt@y=\dimen278
\pgf@pt@temp=\dimen279
) (/usr/local/texlive/2025/texmf-dist/tex/generic/pgf/basiclayer/pgfcorequick.code.tex
File: pgfcorequick.code.tex 2023-01-15 v3.1.10 (3.1.10)
) (/usr/local/texlive/2025/texmf-dist/tex/generic/pgf/basiclayer/pgfcoreobjects.code.tex
File: pgfcoreobjects.code.tex 2023-01-15 v3.1.10 (3.1.10)
) (/usr/local/texlive/2025/texmf-dist/tex/generic/pgf/basiclayer/pgfcorepathprocessing.code.tex
File: pgfcorepathprocessing.code.tex 2023-01-15 v3.1.10 (3.1.10)
) (/usr/local/texlive/2025/texmf-dist/tex/generic/pgf/basiclayer/pgfcorearrows.code.tex
File: pgfcorearrows.code.tex 2023-01-15 v3.1.10 (3.1.10)
\pgfarrowsep=\dimen280
) (/usr/local/texlive/2025/texmf-dist/tex/generic/pgf/basiclayer/pgfcoreshade.code.tex
File: pgfcoreshade.code.tex 2023-01-15 v3.1.10 (3.1.10)
\pgf@max=\dimen281
\pgf@sys@shading@range@num=\count316
\pgf@shadingcount=\count317
) (/usr/local/texlive/2025/texmf-dist/tex/generic/pgf/basiclayer/pgfcoreimage.code.tex
File: pgfcoreimage.code.tex 2023-01-15 v3.1.10 (3.1.10)
) (/usr/local/texlive/2025/texmf-dist/tex/generic/pgf/basiclayer/pgfcoreexternal.code.tex
File: pgfcoreexternal.code.tex 2023-01-15 v3.1.10 (3.1.10)
\pgfexternal@startupbox=\box64
) (/usr/local/texlive/2025/texmf-dist/tex/generic/pgf/basiclayer/pgfcorelayers.code.tex
File: pgfcorelayers.code.tex 2023-01-15 v3.1.10 (3.1.10)
) (/usr/local/texlive/2025/texmf-dist/tex/generic/pgf/basiclayer/pgfcoretransparency.code.tex
File: pgfcoretransparency.code.tex 2023-01-15 v3.1.10 (3.1.10)
) (/usr/local/texlive/2025/texmf-dist/tex/generic/pgf/basiclayer/pgfcorepatterns.code.tex
File: pgfcorepatterns.code.tex 2023-01-15 v3.1.10 (3.1.10)
) (/usr/local/texlive/2025/texmf-dist/tex/generic/pgf/basiclayer/pgfcorerdf.code.tex
File: pgfcorerdf.code.tex 2023-01-15 v3.1.10 (3.1.10)
))) (/usr/local/texlive/2025/texmf-dist/tex/generic/pgf/modules/pgfmoduleshapes.code.tex
File: pgfmoduleshapes.code.tex 2023-01-15 v3.1.10 (3.1.10)
\pgfnodeparttextbox=\box65
) (/usr/local/texlive/2025/texmf-dist/tex/generic/pgf/modules/pgfmoduleplot.code.tex
File: pgfmoduleplot.code.tex 2023-01-15 v3.1.10 (3.1.10)
) (/usr/local/texlive/2025/texmf-dist/tex/latex/pgf/compatibility/pgfcomp-version-0-65.sty
Package: pgfcomp-version-0-65 2023-01-15 v3.1.10 (3.1.10)
\pgf@nodesepstart=\dimen282
\pgf@nodesepend=\dimen283
) (/usr/local/texlive/2025/texmf-dist/tex/latex/pgf/compatibility/pgfcomp-version-1-18.sty
Package: pgfcomp-version-1-18 2023-01-15 v3.1.10 (3.1.10)
)) (/usr/local/texlive/2025/texmf-dist/tex/latex/pgf/utilities/pgffor.sty (/usr/local/texlive/2025/texmf-dist/tex/latex/pgf/utilities/pgfkeys.sty (/usr/local/texlive/2025/texmf-dist/tex/generic/pgf/utilities/pgfkeys.code.tex)) (/usr/local/texlive/2025/texmf-dist/tex/latex/pgf/math/pgfmath.sty (/usr/local/texlive/2025/texmf-dist/tex/generic/pgf/math/pgfmath.code.tex)) (/usr/local/texlive/2025/texmf-dist/tex/generic/pgf/utilities/pgffor.code.tex
Package: pgffor 2023-01-15 v3.1.10 (3.1.10)
\pgffor@iter=\dimen284
\pgffor@skip=\dimen285
\pgffor@stack=\toks40
\pgffor@toks=\toks41
)) (/usr/local/texlive/2025/texmf-dist/tex/generic/pgf/frontendlayer/tikz/tikz.code.tex
Package: tikz 2023-01-15 v3.1.10 (3.1.10)
 (/usr/local/texlive/2025/texmf-dist/tex/generic/pgf/libraries/pgflibraryplothandlers.code.tex
File: pgflibraryplothandlers.code.tex 2023-01-15 v3.1.10 (3.1.10)
\pgf@plot@mark@count=\count318
\pgfplotmarksize=\dimen286
)
\tikz@lastx=\dimen287
\tikz@lasty=\dimen288
\tikz@lastxsaved=\dimen289
\tikz@lastysaved=\dimen290
\tikz@lastmovetox=\dimen291
\tikz@lastmovetoy=\dimen292
\tikzleveldistance=\dimen293
\tikzsiblingdistance=\dimen294
\tikz@figbox=\box66
\tikz@figbox@bg=\box67
\tikz@tempbox=\box68
\tikz@tempbox@bg=\box69
\tikztreelevel=\count319
\tikznumberofchildren=\count320
\tikznumberofcurrentchild=\count321
\tikz@fig@count=\count322
 (/usr/local/texlive/2025/texmf-dist/tex/generic/pgf/modules/pgfmodulematrix.code.tex
File: pgfmodulematrix.code.tex 2023-01-15 v3.1.10 (3.1.10)
\pgfmatrixcurrentrow=\count323
\pgfmatrixcurrentcolumn=\count324
\pgf@matrix@numberofcolumns=\count325
)
\tikz@expandcount=\count326
 (/usr/local/texlive/2025/texmf-dist/tex/generic/pgf/frontendlayer/tikz/libraries/tikzlibrarytopaths.code.tex
File: tikzlibrarytopaths.code.tex 2023-01-15 v3.1.10 (3.1.10)
))) (/usr/local/texlive/2025/texmf-dist/tex/generic/pgf/frontendlayer/tikz/libraries/tikzlibrarypositioning.code.tex
File: tikzlibrarypositioning.code.tex 2023-01-15 v3.1.10 (3.1.10)
) (/usr/local/texlive/2025/texmf-dist/tex/generic/pgf/frontendlayer/tikz/libraries/tikzlibraryshapes.geometric.code.tex
File: tikzlibraryshapes.geometric.code.tex 2023-01-15 v3.1.10 (3.1.10)
 (/usr/local/texlive/2025/texmf-dist/tex/generic/pgf/libraries/shapes/pgflibraryshapes.geometric.code.tex
File: pgflibraryshapes.geometric.code.tex 2023-01-15 v3.1.10 (3.1.10)
))
(/usr/local/texlive/2025/texmf-dist/tex/latex/amsfonts/amssymb.sty
Package: amssymb 2013/01/14 v3.01 AMS font symbols
 (/usr/local/texlive/2025/texmf-dist/tex/latex/amsfonts/amsfonts.sty
Package: amsfonts 2013/01/14 v3.01 Basic AMSFonts support
\@emptytoks=\toks42
\symAMSa=\mathgroup4
\symAMSb=\mathgroup5
LaTeX Font Info:    Redeclaring math symbol \hbar on input line 98.
LaTeX Font Info:    Overwriting math alphabet `\mathfrak' in version `bold'
(Font)                  U/euf/m/n --> U/euf/b/n on input line 106.
)) (/usr/local/texlive/2025/texmf-dist/tex/latex/changepage/changepage.sty
Package: changepage 2009/10/20 v1.0c check page and change page layout
\c@cp@cntr=\count327
\cp@tempcnt=\count328
) (/usr/local/texlive/2025/texmf-dist/tex/latex/algorithms/algorithm.sty
Package: algorithm 2009/08/24 v0.1 Document Style `algorithm' - floating environment
 (/usr/local/texlive/2025/texmf-dist/tex/latex/base/ifthen.sty
Package: ifthen 2024/03/16 v1.1e Standard LaTeX ifthen package (DPC)
)
\@float@every@algorithm=\toks43
\c@algorithm=\count329
) (/usr/local/texlive/2025/texmf-dist/tex/latex/algorithmicx/algpseudocode.sty
Package: algpseudocode 
 (/usr/local/texlive/2025/texmf-dist/tex/latex/algorithmicx/algorithmicx.sty
Package: algorithmicx 2005/04/27 v1.2 Algorithmicx

Document Style algorithmicx 1.2 - a greatly improved `algorithmic' style
\c@ALG@line=\count330
\c@ALG@rem=\count331
\c@ALG@nested=\count332
\ALG@tlm=\skip65
\ALG@thistlm=\skip66
\c@ALG@Lnr=\count333
\c@ALG@blocknr=\count334
\c@ALG@storecount=\count335
\c@ALG@tmpcounter=\count336
\ALG@tmplength=\skip67
)
Document Style - pseudocode environments for use with the `algorithmicx' style
) (/usr/local/texlive/2025/texmf-dist/tex/latex/amsmath/amsmath.sty
Package: amsmath 2024/11/05 v2.17t AMS math features
\@mathmargin=\skip68

For additional information on amsmath, use the `?' option.
(/usr/local/texlive/2025/texmf-dist/tex/latex/amsmath/amstext.sty
Package: amstext 2021/08/26 v2.01 AMS text
 (/usr/local/texlive/2025/texmf-dist/tex/latex/amsmath/amsgen.sty
File: amsgen.sty 1999/11/30 v2.0 generic functions
\@emptytoks=\toks44
\ex@=\dimen295
)) (/usr/local/texlive/2025/texmf-dist/tex/latex/amsmath/amsbsy.sty
Package: amsbsy 1999/11/29 v1.2d Bold Symbols
\pmbraise@=\dimen296
) (/usr/local/texlive/2025/texmf-dist/tex/latex/amsmath/amsopn.sty
Package: amsopn 2022/04/08 v2.04 operator names
)
\inf@bad=\count337
LaTeX Info: Redefining \frac on input line 233.
\uproot@=\count338
\leftroot@=\count339
LaTeX Info: Redefining \overline on input line 398.
LaTeX Info: Redefining \colon on input line 409.
\classnum@=\count340
\DOTSCASE@=\count341
LaTeX Info: Redefining \ldots on input line 495.
LaTeX Info: Redefining \dots on input line 498.
LaTeX Info: Redefining \cdots on input line 619.
\Mathstrutbox@=\box70
\strutbox@=\box71
LaTeX Info: Redefining \big on input line 721.
LaTeX Info: Redefining \Big on input line 722.
LaTeX Info: Redefining \bigg on input line 723.
LaTeX Info: Redefining \Bigg on input line 724.
\big@size=\dimen297
LaTeX Font Info:    Redeclaring font encoding OML on input line 742.
LaTeX Font Info:    Redeclaring font encoding OMS on input line 743.
\macc@depth=\count342
LaTeX Info: Redefining \bmod on input line 904.
LaTeX Info: Redefining \pmod on input line 909.
LaTeX Info: Redefining \smash on input line 939.
LaTeX Info: Redefining \relbar on input line 969.
LaTeX Info: Redefining \Relbar on input line 970.
\c@MaxMatrixCols=\count343
\dotsspace@=\muskip18
\c@parentequation=\count344
\dspbrk@lvl=\count345
\tag@help=\toks45
\row@=\count346
\column@=\count347
\maxfields@=\count348
\andhelp@=\toks46
\eqnshift@=\dimen298
\alignsep@=\dimen299
\tagshift@=\dimen300
\tagwidth@=\dimen301
\totwidth@=\dimen302
\lineht@=\dimen303
\@envbody=\toks47
\multlinegap=\skip69
\multlinetaggap=\skip70
\mathdisplay@stack=\toks48
LaTeX Info: Redefining \[ on input line 2953.
LaTeX Info: Redefining \] on input line 2954.
) (/usr/local/texlive/2025/texmf-dist/tex/latex/mathtools/mathtools.sty
Package: mathtools 2024/10/04 v1.31 mathematical typesetting tools
 (/usr/local/texlive/2025/texmf-dist/tex/latex/tools/calc.sty
Package: calc 2023/07/08 v4.3 Infix arithmetic (KKT,FJ)
\calc@Acount=\count349
\calc@Bcount=\count350
\calc@Adimen=\dimen304
\calc@Bdimen=\dimen305
\calc@Askip=\skip71
\calc@Bskip=\skip72
LaTeX Info: Redefining \setlength on input line 80.
LaTeX Info: Redefining \addtolength on input line 81.
\calc@Ccount=\count351
\calc@Cskip=\skip73
) (/usr/local/texlive/2025/texmf-dist/tex/latex/mathtools/mhsetup.sty
Package: mhsetup 2021/03/18 v1.4 programming setup (MH)
)
\g_MT_multlinerow_int=\count352
\l_MT_multwidth_dim=\dimen306
\origjot=\skip74
\l_MT_shortvdotswithinadjustabove_dim=\dimen307
\l_MT_shortvdotswithinadjustbelow_dim=\dimen308
\l_MT_above_intertext_sep=\dimen309
\l_MT_below_intertext_sep=\dimen310
\l_MT_above_shortintertext_sep=\dimen311
\l_MT_below_shortintertext_sep=\dimen312
\xmathstrut@box=\box72
\xmathstrut@dim=\dimen313
) (/usr/local/texlive/2025/texmf-dist/tex/latex/tcolorbox/tcolorbox.sty
Package: tcolorbox 2024/10/22 version 6.4.1 text color boxes
 (/usr/local/texlive/2025/texmf-dist/tex/latex/tools/verbatim.sty
Package: verbatim 2024-01-22 v1.5x LaTeX2e package for verbatim enhancements
\every@verbatim=\toks49
\verbatim@line=\toks50
\verbatim@in@stream=\read3
) (/usr/local/texlive/2025/texmf-dist/tex/latex/environ/environ.sty
Package: environ 2014/05/04 v0.3 A new way to define environments
 (/usr/local/texlive/2025/texmf-dist/tex/latex/trimspaces/trimspaces.sty
Package: trimspaces 2009/09/17 v1.1 Trim spaces around a token list
))
\tcb@titlebox=\box73
\tcb@upperbox=\box74
\tcb@lowerbox=\box75
\tcb@phantombox=\box76
\c@tcbbreakpart=\count353
\c@tcblayer=\count354
\c@tcolorbox@number=\count355
\l__tcobox_tmpa_box=\box77
\l__tcobox_tmpa_dim=\dimen314
\tcb@temp=\box78
\tcb@temp=\box79
\tcb@temp=\box80
\tcb@temp=\box81
 (/usr/local/texlive/2025/texmf-dist/tex/latex/tcolorbox/tcbraster.code.tex
Library (tcolorbox): 'tcbraster.code.tex' version '6.4.1'
\c@tcbrastercolumn=\count356
\c@tcbrasterrow=\count357
\c@tcbrasternum=\count358
\c@tcbraster=\count359
) (/usr/local/texlive/2025/texmf-dist/tex/latex/tcolorbox/tcbskins.code.tex
Library (tcolorbox): 'tcbskins.code.tex' version '6.4.1'
(/usr/local/texlive/2025/texmf-dist/tex/latex/tikzfill/tikzfill.image.sty
Package: tikzfill.image 2023/08/08 v1.0.1 Image filling library for TikZ
 (/usr/local/texlive/2025/texmf-dist/tex/latex/tikzfill/tikzfill-common.sty
Package: tikzfill-common 2023/08/08 v1.0.1 Auxiliary code for tikzfill
) (/usr/local/texlive/2025/texmf-dist/tex/latex/tikzfill/tikzlibraryfill.image.code.tex
File: tikzlibraryfill.image.code.tex 2023/08/08 v1.0.1 Image filling library
\l__tikzfill_img_box=\box82
)) (/usr/local/texlive/2025/texmf-dist/tex/latex/tcolorbox/tcbskinsjigsaw.code.tex
Library (tcolorbox): 'tcbskinsjigsaw.code.tex' version '6.4.1'
)) (/usr/local/texlive/2025/texmf-dist/tex/latex/tcolorbox/tcbbreakable.code.tex
Library (tcolorbox): 'tcbbreakable.code.tex' version '6.4.1'
(/usr/local/texlive/2025/texmf-dist/tex/latex/pdfcol/pdfcol.sty
Package: pdfcol 2022-09-21 v1.7 Handle new color stacks for pdfTeX (HO)
)
Package pdfcol Info: New color stack `tcb@breakable' = 1 on input line 23.
\tcb@testbox=\box83
\tcb@totalupperbox=\box84
\tcb@totallowerbox=\box85
) (/usr/local/texlive/2025/texmf-dist/tex/latex/tcolorbox/tcbhooks.code.tex
Library (tcolorbox): 'tcbhooks.code.tex' version '6.4.1'
) (/usr/local/texlive/2025/texmf-dist/tex/latex/tcolorbox/tcbtheorems.code.tex
Library (tcolorbox): 'tcbtheorems.code.tex' version '6.4.1'
) (/usr/local/texlive/2025/texmf-dist/tex/latex/tcolorbox/tcbfitting.code.tex
Library (tcolorbox): 'tcbfitting.code.tex' version '6.4.1'
\tcbfitdim=\dimen315
\tcb@lowerfitdim=\dimen316
\tcb@upperfitdim=\dimen317
\tcb@cur@hbadness=\count360
) (/usr/local/texlive/2025/texmf-dist/tex/latex/tcolorbox/tcblistingsutf8.code.tex
Library (tcolorbox): 'tcblistingsutf8.code.tex' version '6.4.1'
(/usr/local/texlive/2025/texmf-dist/tex/latex/tcolorbox/tcblistings.code.tex
Library (tcolorbox): 'tcblistings.code.tex' version '6.4.1'
(/usr/local/texlive/2025/texmf-dist/tex/latex/listings/listings.sty
\lst@mode=\count361
\lst@gtempboxa=\box86
\lst@token=\toks51
\lst@length=\count362
\lst@currlwidth=\dimen318
\lst@column=\count363
\lst@pos=\count364
\lst@lostspace=\dimen319
\lst@width=\dimen320
\lst@newlines=\count365
\lst@lineno=\count366
\lst@maxwidth=\dimen321
 (/usr/local/texlive/2025/texmf-dist/tex/latex/listings/lstpatch.sty
File: lstpatch.sty 2024/09/23 1.10c (Carsten Heinz)
) (/usr/local/texlive/2025/texmf-dist/tex/latex/listings/lstmisc.sty
File: lstmisc.sty 2024/09/23 1.10c (Carsten Heinz)
\c@lstnumber=\count367
\lst@skipnumbers=\count368
\lst@framebox=\box87
) (/usr/local/texlive/2025/texmf-dist/tex/latex/listings/listings.cfg
File: listings.cfg 2024/09/23 1.10c listings configuration
))
Package: listings 2024/09/23 1.10c (Carsten Heinz)
 (/usr/local/texlive/2025/texmf-dist/tex/latex/tcolorbox/tcblistingscore.code.tex
Library (tcolorbox): 'tcblistingscore.code.tex' version '6.4.1'
(/usr/local/texlive/2025/texmf-dist/tex/latex/tcolorbox/tcbprocessing.code.tex
Library (tcolorbox): 'tcbprocessing.code.tex' version '6.4.1'
)
\c@tcblisting=\count369
)) (/usr/local/texlive/2025/texmf-dist/tex/latex/listingsutf8/listingsutf8.sty
Package: listingsutf8 2019-12-10 v1.5 Allow UTF-8 in listings input (HO)
)) (/usr/local/texlive/2025/texmf-dist/tex/latex/tcolorbox/tcbexternal.code.tex
Library (tcolorbox): 'tcbexternal.code.tex' version '6.4.1'
) (/usr/local/texlive/2025/texmf-dist/tex/latex/tcolorbox/tcbmagazine.code.tex
Library (tcolorbox): 'tcbmagazine.code.tex' version '6.4.1'
) (/usr/local/texlive/2025/texmf-dist/tex/latex/tcolorbox/tcbvignette.code.tex
Library (tcolorbox): 'tcbvignette.code.tex' version '6.4.1'
(/usr/local/texlive/2025/texmf-dist/tex/generic/pgf/frontendlayer/tikz/libraries/tikzlibraryfadings.code.tex
File: tikzlibraryfadings.code.tex 2023-01-15 v3.1.10 (3.1.10)
 (/usr/local/texlive/2025/texmf-dist/tex/generic/pgf/libraries/pgflibraryfadings.code.tex
File: pgflibraryfadings.code.tex 2023-01-15 v3.1.10 (3.1.10)
))) (/usr/local/texlive/2025/texmf-dist/tex/latex/tcolorbox/tcbposter.code.tex
Library (tcolorbox): 'tcbposter.code.tex' version '6.4.1'
))
LaTeX Font Info:    Trying to load font information for T1+bch on input line 68.
 (/usr/local/texlive/2025/texmf-dist/tex/latex/psnfss/t1bch.fd
File: t1bch.fd 2004/10/18 font definitions for T1/bch.
) (/usr/local/texlive/2025/texmf-dist/tex/latex/l3backend/l3backend-pdftex.def
File: l3backend-pdftex.def 2024-05-08 L3 backend support: PDF output (pdfTeX)
\l__color_backend_stack_int=\count370
\l__pdf_internal_box=\box88
) (./Algoritmi_Strutture_Dati.aux)
\openout1 = `Algoritmi_Strutture_Dati.aux'.

LaTeX Font Info:    Checking defaults for OML/cmm/m/it on input line 68.
LaTeX Font Info:    ... okay on input line 68.
LaTeX Font Info:    Checking defaults for OMS/cmsy/m/n on input line 68.
LaTeX Font Info:    ... okay on input line 68.
LaTeX Font Info:    Checking defaults for OT1/cmr/m/n on input line 68.
LaTeX Font Info:    ... okay on input line 68.
LaTeX Font Info:    Checking defaults for T1/cmr/m/n on input line 68.
LaTeX Font Info:    ... okay on input line 68.
LaTeX Font Info:    Checking defaults for TS1/cmr/m/n on input line 68.
LaTeX Font Info:    ... okay on input line 68.
LaTeX Font Info:    Checking defaults for OMX/cmex/m/n on input line 68.
LaTeX Font Info:    ... okay on input line 68.
LaTeX Font Info:    Checking defaults for U/cmr/m/n on input line 68.
LaTeX Font Info:    ... okay on input line 68.
LaTeX Font Info:    Checking defaults for PD1/pdf/m/n on input line 68.
LaTeX Font Info:    ... okay on input line 68.
LaTeX Font Info:    Checking defaults for PU/pdf/m/n on input line 68.
LaTeX Font Info:    ... okay on input line 68.
 (/usr/local/texlive/2025/texmf-dist/tex/context/base/mkii/supp-pdf.mkii
[Loading MPS to PDF converter (version 2006.09.02).]
\scratchcounter=\count371
\scratchdimen=\dimen322
\scratchbox=\box89
\nofMPsegments=\count372
\nofMParguments=\count373
\everyMPshowfont=\toks52
\MPscratchCnt=\count374
\MPscratchDim=\dimen323
\MPnumerator=\count375
\makeMPintoPDFobject=\count376
\everyMPtoPDFconversion=\toks53
) (/usr/local/texlive/2025/texmf-dist/tex/latex/epstopdf-pkg/epstopdf-base.sty
Package: epstopdf-base 2020-01-24 v2.11 Base part for package epstopdf
Package epstopdf-base Info: Redefining graphics rule for `.eps' on input line 485.
 (/usr/local/texlive/2025/texmf-dist/tex/latex/latexconfig/epstopdf-sys.cfg
File: epstopdf-sys.cfg 2010/07/13 v1.3 Configuration of (r)epstopdf for TeX Live
))
LaTeX Info: Redefining \microtypecontext on input line 68.
Package microtype Info: Applying patch `item' on input line 68.
Package microtype Info: Applying patch `toc' on input line 68.
Package microtype Info: Applying patch `eqnum' on input line 68.
Package microtype Info: Applying patch `footnote' on input line 68.
Package microtype Info: Applying patch `verbatim' on input line 68.
LaTeX Info: Redefining \microtypesetup on input line 68.
Package microtype Info: Generating PDF output.
Package microtype Info: Character protrusion enabled (level 2).
Package microtype Info: Using default protrusion set `alltext'.
Package microtype Info: Automatic font expansion enabled (level 2),
(microtype)             stretch: 20, shrink: 20, step: 1, non-selected.
Package microtype Info: Using default expansion set `alltext-nott'.
LaTeX Info: Redefining \showhyphens on input line 68.
Package microtype Info: No adjustment of tracking.
Package microtype Info: No adjustment of interword spacing.
Package microtype Info: No adjustment of character kerning.
 (/usr/local/texlive/2025/texmf-dist/tex/latex/microtype/mt-bch.cfg
File: mt-bch.cfg 2007/03/03 v1.5 microtype config. file: Bitstream Charter (RS)
)
*geometry* driver: auto-detecting
*geometry* detected driver: pdftex
*geometry* verbose mode - [ preamble ] result:
* driver: pdftex
* paper: a4paper
* layout: <same size as paper>
* layoutoffset:(h,v)=(0.0pt,0.0pt)
* modes: 
* h-part:(L,W,R)=(56.9055pt, 483.69687pt, 56.9055pt)
* v-part:(T,H,B)=(56.9055pt, 731.23584pt, 56.9055pt)
* \paperwidth=597.50787pt
* \paperheight=845.04684pt
* \textwidth=483.69687pt
* \textheight=731.23584pt
* \oddsidemargin=-15.36449pt
* \evensidemargin=-15.36449pt
* \topmargin=-52.36449pt
* \headheight=12.0pt
* \headsep=25.0pt
* \topskip=12.0pt
* \footskip=30.0pt
* \marginparwidth=35.0pt
* \marginparsep=10.0pt
* \columnsep=10.0pt
* \skip\footins=10.8pt plus 4.0pt minus 2.0pt
* \hoffset=0.0pt
* \voffset=0.0pt
* \mag=1000
* \@twocolumnfalse
* \@twosidefalse
* \@mparswitchfalse
* \@reversemarginfalse
* (1in=72.27pt=25.4mm, 1cm=28.453pt)

Package caption Info: Begin \AtBeginDocument code.
Package caption Info: subfig package v1.3 is loaded.
Package caption Info: changepage package is loaded.
\caption@adjustwidth@hsize=\dimen324
\caption@adjustwidth@linewidth=\dimen325
Package caption Info: hyperref package is loaded.
Package caption Info: listings package is loaded.
Package caption Info: End \AtBeginDocument code.
Package hyperref Info: Link coloring OFF on input line 68.
(./Algoritmi_Strutture_Dati.out) (./Algoritmi_Strutture_Dati.out)
\@outlinefile=\write4
\openout4 = `Algoritmi_Strutture_Dati.out'.

\c@lstlisting=\count377
 (./Algoritmi_Strutture_Dati.toc
LaTeX Font Info:    Trying to load font information for OT1+lmr on input line 2.
 (/usr/local/texlive/2025/texmf-dist/tex/latex/lm/ot1lmr.fd
File: ot1lmr.fd 2015/05/01 v1.6.1 Font defs for Latin Modern
) (/usr/local/texlive/2025/texmf-dist/tex/latex/microtype/mt-cmr.cfg
File: mt-cmr.cfg 2013/05/19 v2.2 microtype config. file: Computer Modern Roman (RS)
)
LaTeX Font Info:    Trying to load font information for OML+lmm on input line 2.
 (/usr/local/texlive/2025/texmf-dist/tex/latex/lm/omllmm.fd
File: omllmm.fd 2015/05/01 v1.6.1 Font defs for Latin Modern
)
LaTeX Font Info:    Trying to load font information for OMS+lmsy on input line 2.
 (/usr/local/texlive/2025/texmf-dist/tex/latex/lm/omslmsy.fd
File: omslmsy.fd 2015/05/01 v1.6.1 Font defs for Latin Modern
)
LaTeX Font Info:    Trying to load font information for OMX+lmex on input line 2.
 (/usr/local/texlive/2025/texmf-dist/tex/latex/lm/omxlmex.fd
File: omxlmex.fd 2015/05/01 v1.6.1 Font defs for Latin Modern
)
LaTeX Font Info:    External font `lmex10' loaded for size
(Font)              <12> on input line 2.
LaTeX Font Info:    External font `lmex10' loaded for size
(Font)              <8> on input line 2.
LaTeX Font Info:    External font `lmex10' loaded for size
(Font)              <6> on input line 2.
LaTeX Font Info:    Trying to load font information for U+msa on input line 2.
 (/usr/local/texlive/2025/texmf-dist/tex/latex/amsfonts/umsa.fd
File: umsa.fd 2013/01/14 v3.01 AMS symbols A
) (/usr/local/texlive/2025/texmf-dist/tex/latex/microtype/mt-msa.cfg
File: mt-msa.cfg 2006/02/04 v1.1 microtype config. file: AMS symbols (a) (RS)
)
LaTeX Font Info:    Trying to load font information for U+msb on input line 2.
 (/usr/local/texlive/2025/texmf-dist/tex/latex/amsfonts/umsb.fd
File: umsb.fd 2013/01/14 v3.01 AMS symbols B
) (/usr/local/texlive/2025/texmf-dist/tex/latex/microtype/mt-msb.cfg
File: mt-msb.cfg 2005/06/01 v1.0 microtype config. file: AMS symbols (b) (RS)
)
LaTeX Font Info:    Trying to load font information for T1+lmtt on input line 19.
 (/usr/local/texlive/2025/texmf-dist/tex/latex/lm/t1lmtt.fd
File: t1lmtt.fd 2015/05/01 v1.6.1 Font defs for Latin Modern
)
Package microtype Info: Loading generic protrusion settings for font family
(microtype)             `lmtt' (encoding: T1).
(microtype)             For optimal results, create family-specific settings.
(microtype)             See the microtype manual for details.


[1

{/usr/local/texlive/2025/texmf-var/fonts/map/pdftex/updmap/pdftex.map}{/usr/local/texlive/2025/texmf-dist/fonts/enc/dvips/base/8r.enc}{/usr/local/texlive/2025/texmf-dist/fonts/enc/dvips/lm/lm-ec.enc}]

[2]
Overfull \hbox (1.41595pt too wide) detected at line 93
 []\T1/bch/m/n/12 100
 []


Overfull \hbox (1.41595pt too wide) detected at line 94
 []\T1/bch/m/n/12 100
 []


Overfull \hbox (1.41595pt too wide) detected at line 95
 []\T1/bch/m/n/12 101
 []


Overfull \hbox (1.41595pt too wide) detected at line 96
 []\T1/bch/m/n/12 101
 []

)
\tf@toc=\write5
\openout5 = `Algoritmi_Strutture_Dati.toc'.



[3]

[4{/usr/local/texlive/2025/texmf-dist/fonts/enc/dvips/lm/lm-mathit.enc}{/usr/local/texlive/2025/texmf-dist/fonts/enc/dvips/lm/lm-rm.enc}{/usr/local/texlive/2025/texmf-dist/fonts/enc/dvips/lm/lm-mathsy.enc}]
LaTeX Font Info:    Trying to load font information for TS1+bch on input line 163.
 (/usr/local/texlive/2025/texmf-dist/tex/latex/psnfss/ts1bch.fd
File: ts1bch.fd 2004/10/18 font definitions for TS1/bch.
)

[5{/usr/local/texlive/2025/texmf-dist/fonts/enc/dvips/lm/lm-mathex.enc}]

[6]
<figures/introduzione/img1.png, id=566, 458.9145pt x 254.75175pt>
File: figures/introduzione/img1.png Graphic file (type png)
<use figures/introduzione/img1.png>
Package pdftex.def Info: figures/introduzione/img1.png  used on input line 279.
(pdftex.def)             Requested size: 386.95897pt x 214.8102pt.
<figures/introduzione/img2.png, id=568, 458.9145pt x 239.6955pt>
File: figures/introduzione/img2.png Graphic file (type png)
<use figures/introduzione/img2.png>
Package pdftex.def Info: figures/introduzione/img2.png  used on input line 285.
(pdftex.def)             Requested size: 386.95897pt x 202.11455pt.


[7 <./figures/introduzione/img1.png>] (/usr/local/texlive/2025/texmf-dist/tex/latex/listings/lstlang1.sty
File: lstlang1.sty 2024/09/23 1.10c listings language file
) (/usr/local/texlive/2025/texmf-dist/tex/latex/listings/lstlang1.sty
File: lstlang1.sty 2024/09/23 1.10c listings language file
) (/usr/local/texlive/2025/texmf-dist/tex/latex/listings/lstmisc.sty
File: lstmisc.sty 2024/09/23 1.10c (Carsten Heinz)
)
LaTeX Font Info:    Trying to load font information for T1+pcr on input line 291.
 (/usr/local/texlive/2025/texmf-dist/tex/latex/psnfss/t1pcr.fd
File: t1pcr.fd 2001/06/04 font definitions for T1/pcr.
)
Package microtype Info: Loading generic protrusion settings for font family
(microtype)             `pcr' (encoding: T1).
(microtype)             For optimal results, create family-specific settings.
(microtype)             See the microtype manual for details.
<figures/introduzione/img3.png, id=576, 462.528pt x 278.84175pt>
File: figures/introduzione/img3.png Graphic file (type png)
<use figures/introduzione/img3.png>
Package pdftex.def Info: figures/introduzione/img3.png  used on input line 333.
(pdftex.def)             Requested size: 386.95897pt x 233.29366pt.


[8 <./figures/introduzione/img2.png>]
<figures/introduzione/img4.png, id=592, 458.31226pt x 170.43675pt>
File: figures/introduzione/img4.png Graphic file (type png)
<use figures/introduzione/img4.png>
Package pdftex.def Info: figures/introduzione/img4.png  used on input line 371.
(pdftex.def)             Requested size: 377.28296pt x 140.31035pt.


[9 <./figures/introduzione/img3.png> <./figures/introduzione/img4.png>]
LaTeX Font Info:    Trying to load font information for TS1+pcr on input line 391.
 (/usr/local/texlive/2025/texmf-dist/tex/latex/psnfss/ts1pcr.fd
File: ts1pcr.fd 2001/06/04 font definitions for TS1/pcr.
)
Package microtype Info: Loading generic protrusion settings for font family
(microtype)             `pcr' (encoding: TS1).
(microtype)             For optimal results, create family-specific settings.
(microtype)             See the microtype manual for details.
LaTeX Font Info:    Font shape `T1/pcr/m/it' in size <10.95> not available
(Font)              Font shape `T1/pcr/m/sl' tried instead on input line 391.
<figures/introduzione/img7.png, id=609, 114.4275pt x 93.34875pt>
File: figures/introduzione/img7.png Graphic file (type png)
<use figures/introduzione/img7.png>
Package pdftex.def Info: figures/introduzione/img7.png  used on input line 439.
(pdftex.def)             Requested size: 134.2494pt x 109.52382pt.

Overfull \hbox (10.33653pt too wide) in paragraph at lines 411--440
[]  [] 
 []



[10 <./figures/introduzione/img7.png>]
<figures/introduzione/img8.png, id=637, 269.20575pt x 115.02975pt>
File: figures/introduzione/img8.png Graphic file (type png)
<use figures/introduzione/img8.png>
Package pdftex.def Info: figures/introduzione/img8.png  used on input line 475.
(pdftex.def)             Requested size: 226.37125pt x 96.72612pt.
<figures/introduzione/img9.png, id=638, 210.7875pt x 96.36pt>
File: figures/introduzione/img9.png Graphic file (type png)
<use figures/introduzione/img9.png>
Package pdftex.def Info: figures/introduzione/img9.png  used on input line 517.
(pdftex.def)             Requested size: 226.37125pt x 103.48643pt.

Underfull \hbox (badness 1205) in paragraph at lines 517--517
[]\T1/bch/m/n/12 (+20) Utilizzando gli ar-ray, non  nec-es-sario
 []



[11 <./figures/introduzione/img8.png> <./figures/introduzione/img9.png>]
<figures/iterazione_induzione_ricorsione/img1.png, id=675, 601.4972pt x 104.64093pt>
File: figures/iterazione_induzione_ricorsione/img1.png Graphic file (type png)
<use figures/iterazione_induzione_ricorsione/img1.png>
Package pdftex.def Info: figures/iterazione_induzione_ricorsione/img1.png  used on input line 582.
(pdftex.def)             Requested size: 411.14528pt x 71.5285pt.


[12]
<figures/iterazione_induzione_ricorsione/img2.png, id=680, 417.35925pt x 160.80075pt>
File: figures/iterazione_induzione_ricorsione/img2.png Graphic file (type png)
<use figures/iterazione_induzione_ricorsione/img2.png>
Package pdftex.def Info: figures/iterazione_induzione_ricorsione/img2.png  used on input line 629.
(pdftex.def)             Requested size: 386.95897pt x 149.09166pt.


[13 <./figures/iterazione_induzione_ricorsione/img1.png> <./figures/iterazione_induzione_ricorsione/img2.png>]
Underfull \hbox (badness 2318) in paragraph at lines 683--686
\T1/bch/m/n/12 (+20) In queste di-mostrazioni si pro-cede spesso per \T1/bch/b/n/12 (+20) in-duzione sulla di-men-sione
 []



[14]
Overfull \hbox (0.66052pt too wide) in paragraph at lines 731--747
[]  [] 
 []



[15]
<figures/iterazione_induzione_ricorsione/img6.png, id=726, 215.00325pt x 167.4255pt>
File: figures/iterazione_induzione_ricorsione/img6.png Graphic file (type png)
<use figures/iterazione_induzione_ricorsione/img6.png>
Package pdftex.def Info: figures/iterazione_induzione_ricorsione/img6.png  used on input line 797.
(pdftex.def)             Requested size: 172.67717pt x 134.46684pt.

Overfull \hbox (3.07399pt too wide) in paragraph at lines 795--815
[]  []
 []

<figures/iterazione_induzione_ricorsione/img7.png, id=727, 169.23225pt x 303.534pt>
File: figures/iterazione_induzione_ricorsione/img7.png Graphic file (type png)
<use figures/iterazione_induzione_ricorsione/img7.png>
Package pdftex.def Info: figures/iterazione_induzione_ricorsione/img7.png  used on input line 828.
(pdftex.def)             Requested size: 133.01367pt x 238.58965pt.

Overfull \hbox (1.14026pt too wide) in paragraph at lines 826--859
[]  [] 
 []



[16 <./figures/iterazione_induzione_ricorsione/img6.png> <./figures/iterazione_induzione_ricorsione/img7.png>]
<figures/iterazione_induzione_ricorsione/img5.png, id=735, 459.51675pt x 233.07076pt>
File: figures/iterazione_induzione_ricorsione/img5.png Graphic file (type png)
<use figures/iterazione_induzione_ricorsione/img5.png>
Package pdftex.def Info: figures/iterazione_induzione_ricorsione/img5.png  used on input line 886.
(pdftex.def)             Requested size: 338.58632pt x 171.73703pt.
<figures/iterazione_induzione_ricorsione/img3.png, id=737, 194.52675pt x 260.77425pt>
File: figures/iterazione_induzione_ricorsione/img3.png Graphic file (type png)
<use figures/iterazione_induzione_ricorsione/img3.png>
Package pdftex.def Info: figures/iterazione_induzione_ricorsione/img3.png  used on input line 910.
(pdftex.def)             Requested size: 193.47578pt x 259.37694pt.
<figures/iterazione_induzione_ricorsione/img4.png, id=738, 148.75575pt x 268.00125pt>
File: figures/iterazione_induzione_ricorsione/img4.png Graphic file (type png)
<use figures/iterazione_induzione_ricorsione/img4.png>
Package pdftex.def Info: figures/iterazione_induzione_ricorsione/img4.png  used on input line 914.
(pdftex.def)             Requested size: 145.11053pt x 261.44124pt.


[17 <./figures/iterazione_induzione_ricorsione/img5.png>]

[18 <./figures/iterazione_induzione_ricorsione/img3.png> <./figures/iterazione_induzione_ricorsione/img4.png>]

[19]
<figures/introduzione/img10.png, id=769, 450.483pt x 308.95425pt>
File: figures/introduzione/img10.png Graphic file (type png)
<use figures/introduzione/img10.png>
Package pdftex.def Info: figures/introduzione/img10.png  used on input line 1041.
(pdftex.def)             Requested size: 319.2417pt x 218.9489pt.

Underfull \hbox (badness 1325) in paragraph at lines 1053--1053
\T1/bch/b/n/12 (+20) verse pos-si-bili im-ple-men-
 []


Underfull \hbox (badness 1092) in paragraph at lines 1053--1053
[]\T1/bch/m/n/12 (+20) Liste \T1/bch/b/n/12 (+20) monodi-rezion-ali \T1/bch/m/n/12 (+20) o
 []


Underfull \hbox (badness 7379) in paragraph at lines 1053--1053
[]\T1/bch/m/n/12 (+20) Liste con \T1/bch/b/n/12 (+20) sen-tinella \T1/bch/m/n/12 (+20) e
 []


Overfull \hbox (2.11452pt too wide) in paragraph at lines 1039--1054
[]  [] 
 []



[20 <./figures/introduzione/img10.png>]
LaTeX Font Info:    Font shape `TS1/pcr/m/it' in size <10.95> not available
(Font)              Font shape `TS1/pcr/m/sl' tried instead on input line 1084.
<figures/introduzione/img11.png, id=780, 345.08925pt x 92.7465pt>
File: figures/introduzione/img11.png Graphic file (type png)
<use figures/introduzione/img11.png>
Package pdftex.def Info: figures/introduzione/img11.png  used on input line 1098.
(pdftex.def)             Requested size: 294.08852pt x 79.04434pt.
<figures/introduzione/img12.png, id=781, 686.565pt x 137.51375pt>
File: figures/introduzione/img12.png Graphic file (type png)
<use figures/introduzione/img12.png>
Package pdftex.def Info: figures/introduzione/img12.png  used on input line 1133.
(pdftex.def)             Requested size: 386.95897pt x 77.50446pt.


[21 <./figures/introduzione/img11.png> <./figures/introduzione/img12.png>]

[22]
<figures/introduzione/img13.png, id=839, 904.37875pt x 323.2075pt>
File: figures/introduzione/img13.png Graphic file (type png)
<use figures/introduzione/img13.png>
Package pdftex.def Info: figures/introduzione/img13.png  used on input line 1193.
(pdftex.def)             Requested size: 435.32422pt x 155.57182pt.


[23 <./figures/introduzione/img13.png>]
<figures/introduzione/img14.png, id=852, 344.487pt x 81.906pt>
File: figures/introduzione/img14.png Graphic file (type png)
<use figures/introduzione/img14.png>
Package pdftex.def Info: figures/introduzione/img14.png  used on input line 1272.
(pdftex.def)             Requested size: 362.77264pt x 86.25752pt.


[24 <./figures/introduzione/img14.png>]

[25]

[26]

[27]

[28]
<figures/alberi/img1.png, id=1000, 495.0495pt x 333.04425pt>
File: figures/alberi/img1.png Graphic file (type png)
<use figures/alberi/img1.png>
Package pdftex.def Info: figures/alberi/img1.png  used on input line 1460.
(pdftex.def)             Requested size: 291.66766pt x 196.22505pt.

Underfull \hbox (badness 1043) in paragraph at lines 1471--1471
\T1/bch/m/n/12 (+20) strut-tura ger-ar-chica nella quale
 []


Underfull \hbox (badness 1132) in paragraph at lines 1471--1471
\T1/bch/m/n/12 (+20) grande (come in questo cao il
 []

<figures/alberi/img2.png, id=1002, 545.03625pt x 102.98476pt>
File: figures/alberi/img2.png Graphic file (type png)
<use figures/alberi/img2.png>
Package pdftex.def Info: figures/alberi/img2.png  used on input line 1477.
(pdftex.def)             Requested size: 483.69687pt x 91.39369pt.

Overfull \hbox (2.59424pt too wide) in paragraph at lines 1458--1481
[]  []
 []



[29 <./figures/alberi/img1.png> <./figures/alberi/img2.png>]
<figures/alberi/img3.png, id=1010, 292.09125pt x 134.904pt>
File: figures/alberi/img3.png Graphic file (type png)
<use figures/alberi/img3.png>
Package pdftex.def Info: figures/alberi/img3.png  used on input line 1499.
(pdftex.def)             Requested size: 291.66766pt x 134.72046pt.

Underfull \hbox (badness 1107) in paragraph at lines 1509--1509
\T1/bch/m/n/12 (+20) pro-fon-dit del cam-mino sem-
 []


Underfull \hbox (badness 1496) in paragraph at lines 1509--1509
\T1/bch/m/n/12 (+20) pro-fon-dit $\OT1/lmr/m/n/12 1$\T1/bch/m/n/12 (+20) , i figli dei figli
 []


Overfull \hbox (2.59424pt too wide) in paragraph at lines 1497--1511
[]  []
 []

<figures/alberi/img4.png, id=1011, 291.489pt x 143.3355pt>
File: figures/alberi/img4.png Graphic file (type png)
<use figures/alberi/img4.png>
Package pdftex.def Info: figures/alberi/img4.png  used on input line 1526.
(pdftex.def)             Requested size: 290.22107pt x 142.72054pt.

Overfull \hbox (2.60164pt too wide) in paragraph at lines 1524--1537
[]  [] 
 []



[30 <./figures/alberi/img3.png> <./figures/alberi/img4.png>]

[31]
<figures/alberi/img5.png, id=1052, 128.27925pt x 142.73325pt>
File: figures/alberi/img5.png Graphic file (type png)
<use figures/alberi/img5.png>
Package pdftex.def Info: figures/alberi/img5.png  used on input line 1623.
(pdftex.def)             Requested size: 158.16685pt x 176.00513pt.

Overfull \hbox (3.07399pt too wide) in paragraph at lines 1621--1643
[]  [] 
 []



[32 <./figures/alberi/img5.png>]
<figures/alberi/img6.png, id=1062, 202.356pt x 149.358pt>
File: figures/alberi/img6.png Graphic file (type png)
<use figures/alberi/img6.png>
Package pdftex.def Info: figures/alberi/img6.png  used on input line 1700.
(pdftex.def)             Requested size: 203.1518pt x 149.95244pt.
<figures/alberi/img7.png, id=1063, 215.6055pt x 188.50426pt>
File: figures/alberi/img7.png Graphic file (type png)
<use figures/alberi/img7.png>
Package pdftex.def Info: figures/alberi/img7.png  used on input line 1704.
(pdftex.def)             Requested size: 169.29684pt x 148.02217pt.


[33 <./figures/alberi/img6.png> <./figures/alberi/img7.png>]
pdfTeX warning (ext4): destination with the same identifier (name{subfigure.24.1}) has been already used, duplicate ignored
<to be read again> 
                   \relax 
l.1781         \subfloat
                        [albero attraversato in postorder]{%
<figures/alberi/img8.png, id=1077, 205.36725pt x 149.358pt>
File: figures/alberi/img8.png Graphic file (type png)
<use figures/alberi/img8.png>
Package pdftex.def Info: figures/alberi/img8.png  used on input line 1783.
(pdftex.def)             Requested size: 207.9861pt x 151.26743pt.

pdfTeX warning (ext4): destination with the same identifier (name{subfigure.24.2}) has been already used, duplicate ignored
<to be read again> 
                   \relax 
l.1785         \subfloat
                        [Pseudocodice visita in postorder]{%
<figures/alberi/img9.png, id=1078, 213.79875pt x 188.50426pt>
File: figures/alberi/img9.png Graphic file (type png)
<use figures/alberi/img9.png>
Package pdftex.def Info: figures/alberi/img9.png  used on input line 1787.
(pdftex.def)             Requested size: 169.29684pt x 149.26762pt.


[34 <./figures/alberi/img8.png> <./figures/alberi/img9.png>]
pdfTeX warning (ext4): destination with the same identifier (name{subfigure.24.1}) has been already used, duplicate ignored
<to be read again> 
                   \relax 
l.1863         \subfloat
                        [albero attraversato inorder]{%
<figures/alberi/img10.png, id=1091, 205.9695pt x 144.54pt>
File: figures/alberi/img10.png Graphic file (type png)
<use figures/alberi/img10.png>
Package pdftex.def Info: figures/alberi/img10.png  used on input line 1865.
(pdftex.def)             Requested size: 212.82779pt x 149.35202pt.

pdfTeX warning (ext4): destination with the same identifier (name{subfigure.24.2}) has been already used, duplicate ignored
<to be read again> 
                   \relax 
l.1867         \subfloat
                        [Pseudocodice visita inorder]{%
<figures/alberi/img11.png, id=1092, 213.1965pt x 187.902pt>
File: figures/alberi/img11.png Graphic file (type png)
<use figures/alberi/img11.png>
Package pdftex.def Info: figures/alberi/img11.png  used on input line 1869.
(pdftex.def)             Requested size: 169.29684pt x 149.21507pt.


[35]

[36 <./figures/alberi/img10.png> <./figures/alberi/img11.png>]

[37]

[38]

[39]
<figures/alberi/img12.png, id=1197, 352.31625pt x 79.497pt>
File: figures/alberi/img12.png Graphic file (type png)
<use figures/alberi/img12.png>
Package pdftex.def Info: figures/alberi/img12.png  used on input line 2065.
(pdftex.def)             Requested size: 338.58632pt x 76.39873pt.

Underfull \hbox (badness 2310) in paragraph at lines 2074--2074
\T1/bch/b/n/12 (+20) di-nati \T1/bch/m/n/12 (+20) per-me-t-tono una
 []


Overfull \hbox (2.59424pt too wide) in paragraph at lines 2063--2075
[]  [] 
 []



[40 <./figures/alberi/img12.png>]
<figures/alberi/img13.png, id=1203, 157.18726pt x 139.11975pt>
File: figures/alberi/img13.png Graphic file (type png)
<use figures/alberi/img13.png>
Package pdftex.def Info: figures/alberi/img13.png  used on input line 2134.
(pdftex.def)             Requested size: 152.36569pt x 134.86319pt.

Overfull \hbox (3.08138pt too wide) in paragraph at lines 2132--2149
[]  [] 
 []



[41 <./figures/alberi/img13.png>]
<figures/alberi/img14.png, id=1224, 174.6525pt x 258.36525pt>
File: figures/alberi/img14.png Graphic file (type png)
<use figures/alberi/img14.png>
Package pdftex.def Info: figures/alberi/img14.png  used on input line 2202.
(pdftex.def)             Requested size: 127.21251pt x 188.18716pt.

Overfull \hbox (2.98453pt too wide) in paragraph at lines 2191--2214
[][]  [] 
 []



[42 <./figures/alberi/img14.png>]

[43]
<figures/alberi/img15.png, id=1280, 169.23225pt x 258.9675pt>
File: figures/alberi/img15.png Graphic file (type png)
<use figures/alberi/img15.png>
Package pdftex.def Info: figures/alberi/img15.png  used on input line 2342.
(pdftex.def)             Requested size: 127.21251pt x 194.67165pt.

Overfull \hbox (2.98453pt too wide) in paragraph at lines 2330--2354
[]  [] 
 []



[44]

[45 <./figures/alberi/img15.png>]
<figures/alberi/img16.png, id=1321, 167.4255pt x 258.36525pt>
File: figures/alberi/img16.png Graphic file (type png)
<use figures/alberi/img16.png>
Package pdftex.def Info: figures/alberi/img16.png  used on input line 2435.
(pdftex.def)             Requested size: 145.11053pt x 223.93228pt.

Overfull \hbox (2.64882pt too wide) in paragraph at lines 2432--2451
\T1/bch/b/n/12 (-20) dell'albero bi-na-rio\T1/bch/m/n/12 (-20) , men-tre per trovare il \T1/bch/b/n/12 (-20) nodo mas-simo \T1/bch/m/n/12 (-20) va is-pezion-ato \T1/bch/b/n/12 (-20) lato de-stro \T1/bch/m/n/12 (-20) dell'albero. 
 []


Overfull \hbox (3.08138pt too wide) in paragraph at lines 2432--2451
[]  []
 []



[46]

[47 <./figures/alberi/img16.png>]

[48]
<figures/alberi/img17.png, id=1392, 190.311pt x 259.56975pt>
File: figures/alberi/img17.png Graphic file (type png)
<use figures/alberi/img17.png>
Package pdftex.def Info: figures/alberi/img17.png  used on input line 2559.
(pdftex.def)             Requested size: 145.11053pt x 197.93253pt.

Overfull \hbox (3.08138pt too wide) in paragraph at lines 2547--2574
[]  [] 
 []



[49 <./figures/alberi/img17.png>]

[50]

[51]
<figures/alberi/img18.png, id=1462, 414.79968pt x 259.7203pt>
File: figures/alberi/img18.png Graphic file (type png)
<use figures/alberi/img18.png>
Package pdftex.def Info: figures/alberi/img18.png  used on input line 2701.
(pdftex.def)             Requested size: 222.5038pt x 139.31557pt.
<figures/alberi/img19.png, id=1463, 435.12563pt x 258.9675pt>
File: figures/alberi/img19.png Graphic file (type png)
<use figures/alberi/img19.png>
Package pdftex.def Info: figures/alberi/img19.png  used on input line 2705.
(pdftex.def)             Requested size: 224.91727pt x 133.8617pt.
<figures/alberi/img20.png, id=1465, 476.53032pt x 262.73157pt>
File: figures/alberi/img20.png Graphic file (type png)
<use figures/alberi/img20.png>
Package pdftex.def Info: figures/alberi/img20.png  used on input line 2721.
(pdftex.def)             Requested size: 254.90475pt x 140.54195pt.

Overfull \hbox (3.46426pt too wide) in paragraph at lines 2710--2730
[]  [] 
 []



[52 <./figures/alberi/img18.png> <./figures/alberi/img19.png> <./figures/alberi/img20.png>]

[53]

[54]
<figures/alberi/img21.png, id=1518, 142.28156pt x 201.00093pt>
File: figures/alberi/img21.png Graphic file (type png)
<use figures/alberi/img21.png>
Package pdftex.def Info: figures/alberi/img21.png  used on input line 2848.
(pdftex.def)             Requested size: 94.32442pt x 133.25908pt.

Overfull \hbox (3.08136pt too wide) in paragraph at lines 2846--2858
[]  []
 []

<figures/alberi/img22.png, id=1519, 175.40532pt x 121.20282pt>
File: figures/alberi/img22.png Graphic file (type png)
<use figures/alberi/img22.png>
Package pdftex.def Info: figures/alberi/img22.png  used on input line 2872.
(pdftex.def)             Requested size: 124.31192pt x 85.89925pt.

Overfull \hbox (3.08138pt too wide) in paragraph at lines 2870--2881
[]  [] 
 []



[55 <./figures/alberi/img21.png>]
<figures/alberi/img23.png, id=1538, 321.45094pt x 103.88812pt>
File: figures/alberi/img23.png Graphic file (type png)
<use figures/alberi/img23.png>
Package pdftex.def Info: figures/alberi/img23.png  used on input line 2926.
(pdftex.def)             Requested size: 266.03474pt x 85.9814pt.

Overfull \hbox (3.47165pt too wide) in paragraph at lines 2924--2934
[][]  [] 
 []

<figures/alberi/img24.png, id=1539, 317.68687pt x 106.89937pt>
File: figures/alberi/img24.png Graphic file (type png)
<use figures/alberi/img24.png>
Package pdftex.def Info: figures/alberi/img24.png  used on input line 2941.
(pdftex.def)             Requested size: 266.03474pt x 89.5257pt.

Overfull \hbox (3.47165pt too wide) in paragraph at lines 2939--2949
[][]  [] 
 []



[56 <./figures/alberi/img22.png> <./figures/alberi/img23.png>]
<figures/alberi/img25.png, id=1546, 477.28313pt x 103.88812pt>
File: figures/alberi/img25.png Graphic file (type png)
<use figures/alberi/img25.png>
Package pdftex.def Info: figures/alberi/img25.png  used on input line 2955.
(pdftex.def)             Requested size: 435.32422pt x 94.75392pt.
<figures/alberi/img26.png, id=1547, 474.27188pt x 106.89937pt>
File: figures/alberi/img26.png Graphic file (type png)
<use figures/alberi/img26.png>
Package pdftex.def Info: figures/alberi/img26.png  used on input line 2970.
(pdftex.def)             Requested size: 435.32422pt x 98.12349pt.

Underfull \hbox (badness 10000) in paragraph at lines 2987--3011

 []



[57 <./figures/alberi/img24.png> <./figures/alberi/img25.png> <./figures/alberi/img26.png>]
<figures/alberi/img27.png, id=1578, 662.475pt x 904.37875pt>
File: figures/alberi/img27.png Graphic file (type png)
<use figures/alberi/img27.png>
Package pdftex.def Info: figures/alberi/img27.png  used on input line 3026.
(pdftex.def)             Requested size: 386.95897pt x 528.25217pt.


[58 <./figures/alberi/img27.png>]

[59]

[60]
<figures/complessita_algoritmi/img1.png, id=1594, 498.06075pt x 136.1085pt>
File: figures/complessita_algoritmi/img1.png Graphic file (type png)
<use figures/complessita_algoritmi/img1.png>
Package pdftex.def Info: figures/complessita_algoritmi/img1.png  used on input line 3171.
(pdftex.def)             Requested size: 483.69687pt x 132.18913pt.


[61 <./figures/complessita_algoritmi/img1.png>]
<figures/complessita_algoritmi/img2.png, id=1603, 766.062pt x 321.6015pt>
File: figures/complessita_algoritmi/img2.png Graphic file (type png)
<use figures/complessita_algoritmi/img2.png>
Package pdftex.def Info: figures/complessita_algoritmi/img2.png  used on input line 3205.
(pdftex.def)             Requested size: 483.69687pt x 203.06638pt.


[62 <./figures/complessita_algoritmi/img2.png>]
<figures/complessita_algoritmi/img3.png, id=1611, 317.988pt x 62.634pt>
File: figures/complessita_algoritmi/img3.png Graphic file (type png)
<use figures/complessita_algoritmi/img3.png>
Package pdftex.def Info: figures/complessita_algoritmi/img3.png  used on input line 3220.
(pdftex.def)             Requested size: 266.03474pt x 52.40288pt.

Underfull \hbox (badness 10000) in paragraph at lines 3227--3227

 []

<figures/complessita_algoritmi/img4.png, id=1612, 319.79475pt x 164.41425pt>
File: figures/complessita_algoritmi/img4.png Graphic file (type png)
<use figures/complessita_algoritmi/img4.png>
Package pdftex.def Info: figures/complessita_algoritmi/img4.png  used on input line 3230.
(pdftex.def)             Requested size: 266.03474pt x 136.77988pt.

Overfull \hbox (3.47165pt too wide) in paragraph at lines 3218--3239
[][]  []
 []


Overfull \hbox (3.47165pt too wide) in paragraph at lines 3218--3239
[]  [] 
 []


Overfull \hbox (3.47165pt too wide) in paragraph at lines 3244--3263
[]  [] 
 []



[63 <./figures/complessita_algoritmi/img3.png> <./figures/complessita_algoritmi/img4.png>]
<figures/complessita_algoritmi/img5.png, id=1622, 454.0965pt x 195.73125pt>
File: figures/complessita_algoritmi/img5.png Graphic file (type png)
<use figures/complessita_algoritmi/img5.png>
Package pdftex.def Info: figures/complessita_algoritmi/img5.png  used on input line 3311.
(pdftex.def)             Requested size: 280.54506pt x 120.92203pt.
<figures/complessita_algoritmi/img9.png, id=1623, 350.5095pt x 237.88875pt>
File: figures/complessita_algoritmi/img9.png Graphic file (type png)
<use figures/complessita_algoritmi/img9.png>
Package pdftex.def Info: figures/complessita_algoritmi/img9.png  used on input line 3315.
(pdftex.def)             Requested size: 183.80716pt x 124.75189pt.


[64 <./figures/complessita_algoritmi/img5.png> <./figures/complessita_algoritmi/img9.png>]
pdfTeX warning (ext4): destination with the same identifier (name{subfigure.40.1}) has been already used, duplicate ignored
<to be read again> 
                   \relax 
l.3381         \subfloat
                        [Notazione $O$ grande]{%
<figures/complessita_algoritmi/img6.png, id=1633, 240.29774pt x 237.2865pt>
File: figures/complessita_algoritmi/img6.png Graphic file (type png)
<use figures/complessita_algoritmi/img6.png>
Package pdftex.def Info: figures/complessita_algoritmi/img6.png  used on input line 3383.
(pdftex.def)             Requested size: 149.94484pt x 148.06471pt.
LaTeX Font Info:    External font `lmex10' loaded for size
(Font)              <10> on input line 3383.
LaTeX Font Info:    External font `lmex10' loaded for size
(Font)              <7> on input line 3383.
LaTeX Font Info:    External font `lmex10' loaded for size
(Font)              <5> on input line 3383.

pdfTeX warning (ext4): destination with the same identifier (name{subfigure.40.2}) has been already used, duplicate ignored
<to be read again> 
                   \relax 
l.3385         \subfloat
                        [Notazione $\Omega$ grande]{%
<figures/complessita_algoritmi/img7.png, id=1634, 239.6955pt x 236.68425pt>
File: figures/complessita_algoritmi/img7.png Graphic file (type png)
<use figures/complessita_algoritmi/img7.png>
Package pdftex.def Info: figures/complessita_algoritmi/img7.png  used on input line 3387.
(pdftex.def)             Requested size: 149.94484pt x 148.06453pt.
<figures/complessita_algoritmi/img8.png, id=1635, 242.70676pt x 236.68425pt>
File: figures/complessita_algoritmi/img8.png Graphic file (type png)
<use figures/complessita_algoritmi/img8.png>
Package pdftex.def Info: figures/complessita_algoritmi/img8.png  used on input line 3391.
(pdftex.def)             Requested size: 149.94484pt x 146.22266pt.


[65 <./figures/complessita_algoritmi/img6.png> <./figures/complessita_algoritmi/img7.png> <./figures/complessita_algoritmi/img8.png>]
Overfull \hbox (11.80435pt too wide) detected at line 3487
\OML/lmm/m/it/12 T\OT1/lmr/m/n/12 (\OML/lmm/m/it/12 n\OT1/lmr/m/n/12 ) = [] \OML/lmm/m/it/12 con  \OT1/lmr/m/n/12 = [] = \OML/lmm/m/it/12 log[]a \OT1/lmr/m/n/12 :   \OML/lmm/m/it/12 T\OT1/lmr/m/n/12 (\OML/lmm/m/it/12 n\OT1/lmr/m/n/12 ) = []
 []



[66]
<figures/complessita_algoritmi/img10.png, id=1654, 367.97475pt x 292.09125pt>
File: figures/complessita_algoritmi/img10.png Graphic file (type png)
<use figures/complessita_algoritmi/img10.png>
Package pdftex.def Info: figures/complessita_algoritmi/img10.png  used on input line 3540.
(pdftex.def)             Requested size: 266.03474pt x 211.17462pt.

Overfull \hbox (11.02536pt too wide) detected at line 3559
\OML/lmm/m/it/12 T\OT1/lmr/m/n/12 (\OML/lmm/m/it/12 n\OT1/lmr/m/n/12 ) = []
 []


Overfull \hbox (3.08138pt too wide) in paragraph at lines 3538--3560
[]  [] 
 []



[67 <./figures/complessita_algoritmi/img10.png>]
LaTeX Info: Symbol \textrightarrow not provided by
            font family bch in TS1 encoding.
            Default family used instead on input line 3574.


[68{/usr/local/texlive/2025/texmf-dist/fonts/enc/dvips/cm-super/cm-super-ts1.enc}]
pdfTeX warning (ext4): destination with the same identifier (name{subfigure.40.1}) has been already used, duplicate ignored
<to be read again> 
                   \relax 
l.3651         \subfloat
                        []{%
<figures/complessita_algoritmi/img11.png, id=1666, 305.943pt x 319.79475pt>
File: figures/complessita_algoritmi/img11.png Graphic file (type png)
<use figures/complessita_algoritmi/img11.png>
Package pdftex.def Info: figures/complessita_algoritmi/img11.png  used on input line 3653.
(pdftex.def)             Requested size: 239.42758pt x 250.26843pt.

pdfTeX warning (ext4): destination with the same identifier (name{subfigure.40.2}) has been already used, duplicate ignored
<to be read again> 
                   \relax 
l.3655         \subfloat
                        []{%
<figures/complessita_algoritmi/img12.png, id=1667, 202.356pt x 262.581pt>
File: figures/complessita_algoritmi/img12.png Graphic file (type png)
<use figures/complessita_algoritmi/img12.png>
Package pdftex.def Info: figures/complessita_algoritmi/img12.png  used on input line 3657.
(pdftex.def)             Requested size: 193.47578pt x 251.0692pt.


[69 <./figures/complessita_algoritmi/img11.png> <./figures/complessita_algoritmi/img12.png>]
<figures/complessita_algoritmi/img16.png, id=1675, 301.72725pt x 214.401pt>
File: figures/complessita_algoritmi/img16.png Graphic file (type png)
<use figures/complessita_algoritmi/img16.png>
Package pdftex.def Info: figures/complessita_algoritmi/img16.png  used on input line 3701.
(pdftex.def)             Requested size: 261.19305pt x 185.60152pt.

Overfull \hbox (3.07399pt too wide) in paragraph at lines 3699--3711
[]  [] 
 []



[70 <./figures/complessita_algoritmi/img16.png>]
pdfTeX warning (ext4): destination with the same identifier (name{subfigure.40.1}) has been already used, duplicate ignored
<to be read again> 
                   \relax 
l.3721         \subfloat
                        []{%
<figures/complessita_algoritmi/img13.png, id=1681, 280.04625pt x 222.23026pt>
File: figures/complessita_algoritmi/img13.png Graphic file (type png)
<use figures/complessita_algoritmi/img13.png>
Package pdftex.def Info: figures/complessita_algoritmi/img13.png  used on input line 3723.
(pdftex.def)             Requested size: 198.31747pt x 157.38106pt.

pdfTeX warning (ext4): destination with the same identifier (name{subfigure.40.2}) has been already used, duplicate ignored
<to be read again> 
                   \relax 
l.3725         \subfloat
                        []{%
<figures/complessita_algoritmi/img14.png, id=1682, 278.2395pt x 222.23026pt>
File: figures/complessita_algoritmi/img14.png Graphic file (type png)
<use figures/complessita_algoritmi/img14.png>
Package pdftex.def Info: figures/complessita_algoritmi/img14.png  used on input line 3727.
(pdftex.def)             Requested size: 198.31747pt x 158.39835pt.

pdfTeX warning (ext4): destination with the same identifier (name{subfigure.40.3}) has been already used, duplicate ignored
<to be read again> 
                   \relax 
l.3729         \subfloat
                        []{%
<figures/complessita_algoritmi/img15.png, id=1683, 278.2395pt x 222.23026pt>
File: figures/complessita_algoritmi/img15.png Graphic file (type png)
<use figures/complessita_algoritmi/img15.png>
Package pdftex.def Info: figures/complessita_algoritmi/img15.png  used on input line 3731.
(pdftex.def)             Requested size: 198.31747pt x 158.39835pt.


[71 <./figures/complessita_algoritmi/img13.png> <./figures/complessita_algoritmi/img14.png> <./figures/complessita_algoritmi/img15.png>]
<figures/complessita_algoritmi/img17.png, id=1695, 378.213pt x 279.444pt>
File: figures/complessita_algoritmi/img17.png Graphic file (type png)
<use figures/complessita_algoritmi/img17.png>
Package pdftex.def Info: figures/complessita_algoritmi/img17.png  used on input line 3778.
(pdftex.def)             Requested size: 227.3381pt x 167.97043pt.
<figures/complessita_algoritmi/img18.png, id=1696, 378.213pt x 211.992pt>
File: figures/complessita_algoritmi/img18.png Graphic file (type png)
<use figures/complessita_algoritmi/img18.png>
Package pdftex.def Info: figures/complessita_algoritmi/img18.png  used on input line 3782.
(pdftex.def)             Requested size: 227.3381pt x 127.42583pt.
<figures/complessita_algoritmi/img20.png, id=1697, 357.13425pt x 151.767pt>
File: figures/complessita_algoritmi/img20.png Graphic file (type png)
<use figures/complessita_algoritmi/img20.png>
Package pdftex.def Info: figures/complessita_algoritmi/img20.png  used on input line 3789.
(pdftex.def)             Requested size: 241.84843pt x 102.7764pt.

Overfull \hbox (12.75pt too wide) in paragraph at lines 3787--3800
[]  []
 []



[72 <./figures/complessita_algoritmi/img17.png> <./figures/complessita_algoritmi/img18.png> <./figures/complessita_algoritmi/img20.png>]
<figures/complessita_algoritmi/img23.png, id=1708, 451.6875pt x 52.195pt>
File: figures/complessita_algoritmi/img23.png Graphic file (type png)
<use figures/complessita_algoritmi/img23.png>
Package pdftex.def Info: figures/complessita_algoritmi/img23.png  used on input line 3833.
(pdftex.def)             Requested size: 270.86906pt x 31.3021pt.
<figures/complessita_algoritmi/img21.png, id=1709, 572.1375pt x 294.09875pt>
File: figures/complessita_algoritmi/img21.png Graphic file (type png)
<use figures/complessita_algoritmi/img21.png>
Package pdftex.def Info: figures/complessita_algoritmi/img21.png  used on input line 3834.
(pdftex.def)             Requested size: 270.86906pt x 139.23613pt.
<figures/complessita_algoritmi/img22.png, id=1710, 567.11874pt x 237.88875pt>
File: figures/complessita_algoritmi/img22.png Graphic file (type png)
<use figures/complessita_algoritmi/img22.png>
Package pdftex.def Info: figures/complessita_algoritmi/img22.png  used on input line 3835.
(pdftex.def)             Requested size: 270.86906pt x 113.62265pt.

Underfull \hbox (badness 1789) in paragraph at lines 3849--3849
\T1/bch/m/n/12 (+20) Vengono qundi uti-liz-zati tre in-dici
 []


Underfull \hbox (badness 5787) in paragraph at lines 3849--3849
\OML/lmm/m/it/12 i; j$ \T1/bch/m/n/12 (+20) e $\OML/lmm/m/it/12 k$ \T1/bch/m/n/12 (+20) per scan-dire, rispet-ti-va-
 []


Overfull \hbox (3.08138pt too wide) in paragraph at lines 3830--3850
[]  [] 
 []

<figures/complessita_algoritmi/img19.png, id=1712, 489.62926pt x 319.1925pt>
File: figures/complessita_algoritmi/img19.png Graphic file (type png)
<use figures/complessita_algoritmi/img19.png>
Package pdftex.def Info: figures/complessita_algoritmi/img19.png  used on input line 3873.
(pdftex.def)             Requested size: 435.32422pt x 283.7882pt.


[73 <./figures/complessita_algoritmi/img23.png> <./figures/complessita_algoritmi/img21.png> <./figures/complessita_algoritmi/img22.png>]
<figures/complessita_algoritmi/img24.png, id=1722, 903.375pt x 255.95625pt>
File: figures/complessita_algoritmi/img24.png Graphic file (type png)
<use figures/complessita_algoritmi/img24.png>
Package pdftex.def Info: figures/complessita_algoritmi/img24.png  used on input line 3883.
(pdftex.def)             Requested size: 270.86906pt x 76.7484pt.

Overfull \hbox (3.08138pt too wide) in paragraph at lines 3881--3891
[]  [] 
 []



[74 <./figures/complessita_algoritmi/img19.png> <./figures/complessita_algoritmi/img24.png>]
<figures/complessita_algoritmi/img25.png, id=1732, 505.28775pt x 225.2415pt>
File: figures/complessita_algoritmi/img25.png Graphic file (type png)
<use figures/complessita_algoritmi/img25.png>
Package pdftex.def Info: figures/complessita_algoritmi/img25.png  used on input line 3936.
(pdftex.def)             Requested size: 435.32422pt x 194.05446pt.


[75 <./figures/complessita_algoritmi/img25.png>]

[76]

[77]

[78]
Package hyperref Info: bookmark level for unknown lstlisting defaults to 0 on input line 4085.


[79]

[80]

[81]

[82]

[83]

[84]

[85]

[86]

[87]

[88]

[89]

[90]

[91]

[92]

[93]
Package hyperref Info: bookmark level for unknown algorithm defaults to 0 on input line 4721.


[94]

[95]
Underfull \hbox (badness 10000) in paragraph at lines 4836--4837

 []



[96]
<figures/divide-et-impera/VettoreEsempio.pdf, id=2160, 451.6875pt x 186.19562pt>
File: figures/divide-et-impera/VettoreEsempio.pdf Graphic file (type pdf)
<use figures/divide-et-impera/VettoreEsempio.pdf>
Package pdftex.def Info: figures/divide-et-impera/VettoreEsempio.pdf  used on input line 4855.
(pdftex.def)             Requested size: 290.22107pt x 119.64209pt.
<figures/divide-et-impera/QS1.pdf, id=2161, 624.36461pt x 170.64653pt>
File: figures/divide-et-impera/QS1.pdf Graphic file (type pdf)
<use figures/divide-et-impera/QS1.pdf>
Package pdftex.def Info: figures/divide-et-impera/QS1.pdf  used on input line 4866.
(pdftex.def)             Requested size: 338.58632pt x 92.54092pt.
<figures/divide-et-impera/Pivot.pdf, id=2162, 451.6875pt x 111.41624pt>
File: figures/divide-et-impera/Pivot.pdf Graphic file (type pdf)
<use figures/divide-et-impera/Pivot.pdf>
Package pdftex.def Info: figures/divide-et-impera/Pivot.pdf  used on input line 4876.
(pdftex.def)             Requested size: 290.22107pt x 71.59175pt.

Overfull \hbox (3.43167pt too wide) in paragraph at lines 4847--4884
 []  [] 
 []



[97 <./figures/divide-et-impera/VettoreEsempio.pdf> <./figures/divide-et-impera/QS1.pdf>]
<figures/divide-et-impera/pivot1.pdf, id=2172, 1206.56778pt x 790.99513pt>
File: figures/divide-et-impera/pivot1.pdf Graphic file (type pdf)
<use figures/divide-et-impera/pivot1.pdf>
Package pdftex.def Info: figures/divide-et-impera/pivot1.pdf  used on input line 4917.
(pdftex.def)             Requested size: 241.84843pt x 158.54623pt.
<figures/divide-et-impera/pivot2.pdf, id=2173, 1206.56778pt x 790.99513pt>
File: figures/divide-et-impera/pivot2.pdf Graphic file (type pdf)
<use figures/divide-et-impera/pivot2.pdf>
Package pdftex.def Info: figures/divide-et-impera/pivot2.pdf  used on input line 4921.
(pdftex.def)             Requested size: 241.84843pt x 158.54623pt.

Overfull \hbox (11.404pt too wide) in paragraph at lines 4910--4923
 []  [] 
 []



[98 <./figures/divide-et-impera/Pivot.pdf>]
<figures/divide-et-impera/SvolgimentoRicorsione.pdf, id=2182, 607.29987pt x 594.25014pt>
File: figures/divide-et-impera/SvolgimentoRicorsione.pdf Graphic file (type pdf)
<use figures/divide-et-impera/SvolgimentoRicorsione.pdf>
Package pdftex.def Info: figures/divide-et-impera/SvolgimentoRicorsione.pdf  used on input line 4943.
(pdftex.def)             Requested size: 241.84843pt x 236.644pt.


[99 <./figures/divide-et-impera/pivot1.pdf> <./figures/divide-et-impera/pivot2.pdf> <./figures/divide-et-impera/SvolgimentoRicorsione.pdf>]

[100]

[101]
<figures/hashing/img1.png, id=2208, 626.34pt x 139.52126pt>
File: figures/hashing/img1.png Graphic file (type png)
<use figures/hashing/img1.png>
Package pdftex.def Info: figures/hashing/img1.png  used on input line 5045.
(pdftex.def)             Requested size: 459.51054pt x 102.36273pt.


[102 <./figures/hashing/img1.png>] (./Algoritmi_Strutture_Dati.aux)
 ***********
LaTeX2e <2024-11-01> patch level 2
L3 programming layer <2025-01-18>
 ***********
Package rerunfilecheck Info: File `Algoritmi_Strutture_Dati.out' has not changed.
(rerunfilecheck)             Checksum: 89D2595E4C1CB6A75A443B098CB6F787;18027.
 ) 
Here is how much of TeX's memory you used:
 37140 strings out of 473190
 728960 string characters out of 5715799
 1639274 words of memory out of 5000000
 58062 multiletter control sequences out of 15000+600000
 679902 words of font info for 425 fonts, out of 8000000 for 9000
 1141 hyphenation exceptions out of 8191
 84i,14n,96p,1127b,2069s stack positions out of 10000i,1000n,20000p,200000b,200000s
</usr/local/texlive/2025/texmf-dist/fonts/type1/bitstrea/charter/bchb8a.pfb></usr/local/texlive/2025/texmf-dist/fonts/type1/bitstrea/charter/bchbi8a.pfb></usr/local/texlive/2025/texmf-dist/fonts/type1/bitstrea/charter/bchr8a.pfb></usr/local/texlive/2025/texmf-dist/fonts/type1/bitstrea/charter/bchri8a.pfb></usr/local/texlive/2025/texmf-dist/fonts/type1/public/lm/lmex10.pfb></usr/local/texlive/2025/texmf-dist/fonts/type1/public/lm/lmmi10.pfb></usr/local/texlive/2025/texmf-dist/fonts/type1/public/lm/lmmi12.pfb></usr/local/texlive/2025/texmf-dist/fonts/type1/public/lm/lmmi6.pfb></usr/local/texlive/2025/texmf-dist/fonts/type1/public/lm/lmmi8.pfb></usr/local/texlive/2025/texmf-dist/fonts/type1/public/lm/lmr10.pfb></usr/local/texlive/2025/texmf-dist/fonts/type1/public/lm/lmr12.pfb></usr/local/texlive/2025/texmf-dist/fonts/type1/public/lm/lmr6.pfb></usr/local/texlive/2025/texmf-dist/fonts/type1/public/lm/lmr8.pfb></usr/local/texlive/2025/texmf-dist/fonts/type1/public/lm/lmsy10.pfb></usr/local/texlive/2025/texmf-dist/fonts/type1/public/lm/lmsy8.pfb></usr/local/texlive/2025/texmf-dist/fonts/type1/public/lm/lmtk10.pfb></usr/local/texlive/2025/texmf-dist/fonts/type1/public/lm/lmtt12.pfb></usr/local/texlive/2025/texmf-dist/fonts/type1/public/lm/lmtti10.pfb></usr/local/texlive/2025/texmf-dist/fonts/type1/public/amsfonts/symbols/msam10.pfb></usr/local/texlive/2025/texmf-dist/fonts/type1/public/amsfonts/symbols/msbm10.pfb></usr/local/texlive/2025/texmf-dist/fonts/type1/public/cm-super/sfrm1200.pfb></usr/local/texlive/2025/texmf-dist/fonts/type1/urw/courier/ucrb8a.pfb></usr/local/texlive/2025/texmf-dist/fonts/type1/urw/courier/ucrr8a.pfb></usr/local/texlive/2025/texmf-dist/fonts/type1/urw/courier/ucrro8a.pfb>
Output written on Algoritmi_Strutture_Dati.pdf (102 pages, 3706667 bytes).
PDF statistics:
 2574 PDF objects out of 2984 (max. 8388607)
 2223 compressed objects within 23 object streams
 1211 named destinations out of 1440 (max. 500000)
 64803 words of extra memory for PDF output out of 74296 (max. 10000000)

