\BOOKMARK [1][-]{section.1}{\376\377\000A\000l\000b\000e\000r\000i}{}% 1
\BOOKMARK [2][-]{subsection.1.1}{\376\377\000T\000e\000r\000m\000i\000n\000o\000l\000o\000g\000i\000a}{section.1}% 2
\BOOKMARK [2][-]{subsection.1.2}{\376\377\000A\000l\000b\000e\000r\000i\000\040\000b\000i\000n\000a\000r\000i}{section.1}% 3
\BOOKMARK [3][-]{subsubsection.1.2.1}{\376\377\000C\000r\000e\000a\000z\000i\000o\000n\000e\000\040\000d\000i\000\040\000u\000n\000\040\000a\000l\000b\000e\000r\000o\000\040\000b\000i\000n\000a\000r\000i\000o}{subsection.1.2}% 4
\BOOKMARK [3][-]{subsubsection.1.2.2}{\376\377\000C\000o\000s\000t\000r\000u\000z\000i\000o\000n\000e\000\040\000d\000i\000\040\000u\000n\000\040\000a\000l\000b\000e\000r\000o\000\040\000b\000i\000n\000a\000r\000i\000o}{subsection.1.2}% 5
\BOOKMARK [2][-]{subsection.1.3}{\376\377\000L\000e\000\040\000v\000i\000s\000i\000t\000e}{section.1}% 6
\BOOKMARK [3][-]{subsubsection.1.3.1}{\376\377\000V\000i\000s\000i\000t\000a\000\040\000i\000n\000\040\000p\000r\000e\000o\000r\000d\000e\000r\000\040\000\050\000D\000F\000S\000\051}{subsection.1.3}% 7
\BOOKMARK [3][-]{subsubsection.1.3.2}{\376\377\000V\000i\000s\000i\000t\000a\000\040\000i\000n\000\040\000p\000o\000s\000t\000o\000r\000d\000e\000r\000\040\000\050\000D\000F\000S\000\051}{subsection.1.3}% 8
\BOOKMARK [3][-]{subsubsection.1.3.3}{\376\377\000V\000i\000s\000i\000t\000a\000\040\000i\000n\000o\000r\000d\000e\000r\000\040\000\050\000D\000F\000S\000\051}{subsection.1.3}% 9
\BOOKMARK [3][-]{subsubsection.1.3.4}{\376\377\000A\000t\000t\000r\000a\000v\000e\000r\000s\000a\000m\000e\000n\000t\000o\000\040\000d\000i\000\040\000u\000n\000\040\000a\000l\000b\000e\000r\000o\000\040\000b\000i\000n\000a\000r\000i\000o\000\040\000i\000n\000\040\000C}{subsection.1.3}% 10
\BOOKMARK [3][-]{subsubsection.1.3.5}{\376\377\000C\000a\000n\000c\000e\000l\000l\000a\000z\000i\000o\000n\000e\000\040\000d\000i\000\040\000u\000n\000\040\000a\000l\000b\000e\000r\000o}{subsection.1.3}% 11
\BOOKMARK [2][-]{subsection.1.4}{\376\377\000A\000l\000b\000e\000r\000i\000\040\000b\000i\000n\000a\000r\000i\000\040\000d\000i\000\040\000r\000i\000c\000e\000r\000c\000a\000\040\000\050\000B\000S\000T\000\051}{section.1}% 12
\BOOKMARK [3][-]{subsubsection.1.4.1}{\376\377\000I\000m\000p\000l\000e\000m\000e\000n\000t\000a\000z\000i\000o\000n\000e\000\040\000d\000e\000l\000l\000a\000\040\000r\000i\000c\000e\000r\000c\000a}{subsection.1.4}% 13
\BOOKMARK [3][-]{subsubsection.1.4.2}{\376\377\000C\000r\000e\000a\000z\000i\000o\000n\000e\000\040\000d\000i\000\040\000u\000n\000\040\000n\000u\000o\000v\000o\000\040\000n\000o\000d\000o}{subsection.1.4}% 14
\BOOKMARK [3][-]{subsubsection.1.4.3}{\376\377\000I\000n\000s\000e\000r\000i\000m\000e\000n\000t\000o\000\040\000d\000i\000\040\000u\000n\000\040\000n\000o\000d\000o}{subsection.1.4}% 15
\BOOKMARK [3][-]{subsubsection.1.4.4}{\376\377\000R\000i\000c\000e\000r\000c\000a\000\040\000d\000e\000l\000\040\000m\000a\000s\000s\000i\000m\000o\000\040\000e\000\040\000d\000e\000l\000\040\000m\000i\000n\000i\000m\000o}{subsection.1.4}% 16
\BOOKMARK [3][-]{subsubsection.1.4.5}{\376\377\000R\000i\000c\000e\000r\000c\000a\000\040\000d\000e\000l\000\040\000s\000u\000c\000c\000e\000s\000s\000o\000r\000e\000-\000p\000r\000e\000d\000e\000c\000e\000s\000s\000o\000r\000e}{subsection.1.4}% 17
\BOOKMARK [3][-]{subsubsection.1.4.6}{\376\377\000C\000a\000n\000c\000e\000l\000l\000a\000z\000i\000o\000n\000e\000\040\000d\000i\000\040\000u\000n\000\040\000n\000o\000d\000o}{subsection.1.4}% 18
\BOOKMARK [3][-]{subsubsection.1.4.7}{\376\377\000A\000l\000b\000e\000r\000i\000\040\000B\000S\000T\000:\000\040\000a\000l\000c\000u\000n\000e\000\040\000o\000s\000s\000e\000r\000v\000a\000z\000i\000o\000n\000i}{subsection.1.4}% 19
\BOOKMARK [3][-]{subsubsection.1.4.8}{\376\377\000A\000l\000b\000e\000r\000i\000\040\000B\000S\000T\000:\000\040\000A\000l\000b\000e\000r\000i\000\040\000A\000d\000e\000l\000s\000o\000n\000-\000V\000e\000l\000s\000k\000y\000\040\000a\000n\000d\000\040\000L\000a\000n\000d\000i\000s\000\040\000\050\000A\000V\000L\000\051}{subsection.1.4}% 20
