This is pdfTeX, Version 3.141592653-2.6-1.40.25 (MiKTeX 24.1) (preloaded format=pdflatex 2025.3.9)  28 DEC 2025 15:30
entering extended mode
 restricted \write18 enabled.
 file:line:error style messages enabled.
 %&-line parsing enabled.
**c:/Users/dany2/OneDrive/Desktop/UniSassari/Appunti_latex/Appunti_Algoritmi_Strutture_Dati/packages/packages.tex
(c:/Users/dany2/OneDrive/Desktop/UniSassari/Appunti_latex/Appunti_Algoritmi_Strutture_Dati/packages/packages.tex
LaTeX2e <2023-11-01> patch level 1
L3 programming layer <2024-01-04>

c:/Users/dany2/OneDrive/Desktop/UniSassari/Appunti_latex/Appunti_Algoritmi_Strutture_Dati/packages/packages.tex:1: LaTeX Error: \usepackage before \documentclass.

See the LaTeX manual or LaTeX Companion for explanation.
Type  H <return>  for immediate help.
 ...                                              
                                                  
l.1 \usepackage[utf8]{
                      inputenc}
\usepackage may only appear in the document preamble, i.e.,
between \documentclass and \begin{document}.


c:/Users/dany2/OneDrive/Desktop/UniSassari/Appunti_latex/Appunti_Algoritmi_Strutture_Dati/packages/packages.tex:2: LaTeX Error: \usepackage before \documentclass.

See the LaTeX manual or LaTeX Companion for explanation.
Type  H <return>  for immediate help.
 ...                                              
                                                  
l.2 \usepackage[T1]{
                    fontenc}
\usepackage may only appear in the document preamble, i.e.,
between \documentclass and \begin{document}.


c:/Users/dany2/OneDrive/Desktop/UniSassari/Appunti_latex/Appunti_Algoritmi_Strutture_Dati/packages/packages.tex:3: LaTeX Error: \usepackage before \documentclass.

See the LaTeX manual or LaTeX Companion for explanation.
Type  H <return>  for immediate help.
 ...                                              
                                                  
l.3 \usepackage{
                lmodern}
\usepackage may only appear in the document preamble, i.e.,
between \documentclass and \begin{document}.


c:/Users/dany2/OneDrive/Desktop/UniSassari/Appunti_latex/Appunti_Algoritmi_Strutture_Dati/packages/packages.tex:4: LaTeX Error: \usepackage before \documentclass.

See the LaTeX manual or LaTeX Companion for explanation.
Type  H <return>  for immediate help.
 ...                                              
                                                  
l.4 \usepackage{
                graphicx}
\usepackage may only appear in the document preamble, i.e.,
between \documentclass and \begin{document}.

c:/Users/dany2/OneDrive/Desktop/UniSassari/Appunti_latex/Appunti_Algoritmi_Strutture_Dati/packages/packages.tex:5: Undefined control sequence.
l.5 \graphicspath
                 {{../figures/}}
The control sequence at the end of the top line
of your error message was never \def'ed. If you have
misspelled it (e.g., `\hobx'), type `I' and the correct
spelling (e.g., `I\hbox'). Otherwise just continue,
and I'll forget about whatever was undefined.


c:/Users/dany2/OneDrive/Desktop/UniSassari/Appunti_latex/Appunti_Algoritmi_Strutture_Dati/packages/packages.tex:5: LaTeX Error: Missing \begin{document}.

See the LaTeX manual or LaTeX Companion for explanation.
Type  H <return>  for immediate help.
 ...                                              
                                                  
l.5 \graphicspath{{.
                    ./figures/}}
You're in trouble here.  Try typing  <return>  to proceed.
If that doesn't work, type  X <return>  to quit.

Missing character: There is no . in font nullfont!
Missing character: There is no . in font nullfont!
Missing character: There is no / in font nullfont!
Missing character: There is no f in font nullfont!
Missing character: There is no i in font nullfont!
Missing character: There is no g in font nullfont!
Missing character: There is no u in font nullfont!
Missing character: There is no r in font nullfont!
Missing character: There is no e in font nullfont!
Missing character: There is no s in font nullfont!
Missing character: There is no / in font nullfont!

c:/Users/dany2/OneDrive/Desktop/UniSassari/Appunti_latex/Appunti_Algoritmi_Strutture_Dati/packages/packages.tex:6: LaTeX Error: \usepackage before \documentclass.

See the LaTeX manual or LaTeX Companion for explanation.
Type  H <return>  for immediate help.
 ...                                              
                                                  
l.6 \usepackage{
                charter} % Font scelto per il documento
\usepackage may only appear in the document preamble, i.e.,
between \documentclass and \begin{document}.


c:/Users/dany2/OneDrive/Desktop/UniSassari/Appunti_latex/Appunti_Algoritmi_Strutture_Dati/packages/packages.tex:7: LaTeX Error: \usepackage before \documentclass.

See the LaTeX manual or LaTeX Companion for explanation.
Type  H <return>  for immediate help.
 ...                                              
                                                  
l.7 \usepackage{
                microtype}  % Migliora la qualità tipografica
\usepackage may only appear in the document preamble, i.e.,
between \documentclass and \begin{document}.


c:/Users/dany2/OneDrive/Desktop/UniSassari/Appunti_latex/Appunti_Algoritmi_Strutture_Dati/packages/packages.tex:8: LaTeX Error: \usepackage before \documentclass.

See the LaTeX manual or LaTeX Companion for explanation.
Type  H <return>  for immediate help.
 ...                                              
                                                  
l.8 \usepackage{
                titling}    % Per personalizzare il titolo
\usepackage may only appear in the document preamble, i.e.,
between \documentclass and \begin{document}.


c:/Users/dany2/OneDrive/Desktop/UniSassari/Appunti_latex/Appunti_Algoritmi_Strutture_Dati/packages/packages.tex:9: LaTeX Error: \usepackage before \documentclass.

See the LaTeX manual or LaTeX Companion for explanation.
Type  H <return>  for immediate help.
 ...                                              
                                                  
l.9 \usepackage[a4paper, margin=2cm]{
                                     geometry} % Imposta i margini
\usepackage may only appear in the document preamble, i.e.,
between \documentclass and \begin{document}.


c:/Users/dany2/OneDrive/Desktop/UniSassari/Appunti_latex/Appunti_Algoritmi_Strutture_Dati/packages/packages.tex:10: LaTeX Error: \usepackage before \documentclass.

See the LaTeX manual or LaTeX Companion for explanation.
Type  H <return>  for immediate help.
 ...                                              
                                                  
l.10 \usepackage{
                 setspace} % Per gestire l'interlinea
\usepackage may only appear in the document preamble, i.e.,
between \documentclass and \begin{document}.

c:/Users/dany2/OneDrive/Desktop/UniSassari/Appunti_latex/Appunti_Algoritmi_Strutture_Dati/packages/packages.tex:11: Undefined control sequence.
l.11 \setstretch
                {1.1}  % interlinea di 1.1
The control sequence at the end of the top line
of your error message was never \def'ed. If you have
misspelled it (e.g., `\hobx'), type `I' and the correct
spelling (e.g., `I\hbox'). Otherwise just continue,
and I'll forget about whatever was undefined.

Missing character: There is no 1 in font nullfont!
Missing character: There is no . in font nullfont!
Missing character: There is no 1 in font nullfont!

c:/Users/dany2/OneDrive/Desktop/UniSassari/Appunti_latex/Appunti_Algoritmi_Strutture_Dati/packages/packages.tex:12: LaTeX Error: \usepackage before \documentclass.

See the LaTeX manual or LaTeX Companion for explanation.
Type  H <return>  for immediate help.
 ...                                              
                                                  
l.12 \usepackage{
                 enumitem}
\usepackage may only appear in the document preamble, i.e.,
between \documentclass and \begin{document}.

c:/Users/dany2/OneDrive/Desktop/UniSassari/Appunti_latex/Appunti_Algoritmi_Strutture_Dati/packages/packages.tex:13: Undefined control sequence.
l.13 \setlist
             {nolistsep} % Rimuove lo spazio tra gli elementi della lista
The control sequence at the end of the top line
of your error message was never \def'ed. If you have
misspelled it (e.g., `\hobx'), type `I' and the correct
spelling (e.g., `I\hbox'). Otherwise just continue,
and I'll forget about whatever was undefined.

Missing character: There is no n in font nullfont!
Missing character: There is no o in font nullfont!
Missing character: There is no l in font nullfont!
Missing character: There is no i in font nullfont!
Missing character: There is no s in font nullfont!
Missing character: There is no t in font nullfont!
Missing character: There is no s in font nullfont!
Missing character: There is no e in font nullfont!
Missing character: There is no p in font nullfont!

c:/Users/dany2/OneDrive/Desktop/UniSassari/Appunti_latex/Appunti_Algoritmi_Strutture_Dati/packages/packages.tex:14: LaTeX Error: \usepackage before \documentclass.

See the LaTeX manual or LaTeX Companion for explanation.
Type  H <return>  for immediate help.
 ...                                              
                                                  
l.14 \usepackage{
                 float} % Da inserire nel preambolo
\usepackage may only appear in the document preamble, i.e.,
between \documentclass and \begin{document}.


c:/Users/dany2/OneDrive/Desktop/UniSassari/Appunti_latex/Appunti_Algoritmi_Strutture_Dati/packages/packages.tex:15: LaTeX Error: \usepackage before \documentclass.

See the LaTeX manual or LaTeX Companion for explanation.
Type  H <return>  for immediate help.
 ...                                              
                                                  
l.15 \usepackage{
                 wrapfig} % Pacchetto per posizionare testo e immagine affia...
\usepackage may only appear in the document preamble, i.e.,
between \documentclass and \begin{document}.


c:/Users/dany2/OneDrive/Desktop/UniSassari/Appunti_latex/Appunti_Algoritmi_Strutture_Dati/packages/packages.tex:16: LaTeX Error: \usepackage before \documentclass.

See the LaTeX manual or LaTeX Companion for explanation.
Type  H <return>  for immediate help.
 ...                                              
                                                  
l.16 \usepackage{
                 subfig} % Pacchetto per affiancare immagini
\usepackage may only appear in the document preamble, i.e.,
between \documentclass and \begin{document}.


c:/Users/dany2/OneDrive/Desktop/UniSassari/Appunti_latex/Appunti_Algoritmi_Strutture_Dati/packages/packages.tex:17: LaTeX Error: Command \thefigure undefined.

See the LaTeX manual or LaTeX Companion for explanation.
Type  H <return>  for immediate help.
 ...                                              
                                                  
l.17 \renewcommand{\thefigure}
                              {\arabic{figure}}
Try typing  <return>  to proceed.
If that doesn't work, type  X <return>  to quit.


c:/Users/dany2/OneDrive/Desktop/UniSassari/Appunti_latex/Appunti_Algoritmi_Strutture_Dati/packages/packages.tex:18: LaTeX Error: No counter 'figure' defined.

See the LaTeX manual or LaTeX Companion for explanation.
Type  H <return>  for immediate help.
 ...                                              
                                                  
l.18 \setcounter{figure}{6}
                           
Your command was ignored.
Type  I <command> <return>  to replace it with another command,
or  <return>  to continue without it.


c:/Users/dany2/OneDrive/Desktop/UniSassari/Appunti_latex/Appunti_Algoritmi_Strutture_Dati/packages/packages.tex:19: LaTeX Error: \usepackage before \documentclass.

See the LaTeX manual or LaTeX Companion for explanation.
Type  H <return>  for immediate help.
 ...                                              
                                                  
l.19 \usepackage[hidelinks]{
                            hyperref}  % 'hidelinks' rimuove i bordi rossi
\usepackage may only appear in the document preamble, i.e.,
between \documentclass and \begin{document}.


c:/Users/dany2/OneDrive/Desktop/UniSassari/Appunti_latex/Appunti_Algoritmi_Strutture_Dati/packages/packages.tex:20: LaTeX Error: \usepackage before \documentclass.

See the LaTeX manual or LaTeX Companion for explanation.
Type  H <return>  for immediate help.
 ...                                              
                                                  
l.20 \usepackage{
                 booktabs} % Per migliorare la qualità della tabella
\usepackage may only appear in the document preamble, i.e.,
between \documentclass and \begin{document}.


c:/Users/dany2/OneDrive/Desktop/UniSassari/Appunti_latex/Appunti_Algoritmi_Strutture_Dati/packages/packages.tex:21: LaTeX Error: \usepackage before \documentclass.

See the LaTeX manual or LaTeX Companion for explanation.
Type  H <return>  for immediate help.
 ...                                              
                                                  
l.21 \usepackage{
                 array}    % Per una migliore gestione delle colonne
\usepackage may only appear in the document preamble, i.e.,
between \documentclass and \begin{document}.


c:/Users/dany2/OneDrive/Desktop/UniSassari/Appunti_latex/Appunti_Algoritmi_Strutture_Dati/packages/packages.tex:22: LaTeX Error: \usepackage before \documentclass.

See the LaTeX manual or LaTeX Companion for explanation.
Type  H <return>  for immediate help.
 ...                                              
                                                  
l.22 \usepackage{
                 tabularx} %per mettere più tabbella su una riga
\usepackage may only appear in the document preamble, i.e.,
between \documentclass and \begin{document}.


c:/Users/dany2/OneDrive/Desktop/UniSassari/Appunti_latex/Appunti_Algoritmi_Strutture_Dati/packages/packages.tex:23: LaTeX Error: \usepackage before \documentclass.

See the LaTeX manual or LaTeX Companion for explanation.
Type  H <return>  for immediate help.
 ...                                              
                                                  
l.23 \usepackage{
                 placeins}
\usepackage may only appear in the document preamble, i.e.,
between \documentclass and \begin{document}.


c:/Users/dany2/OneDrive/Desktop/UniSassari/Appunti_latex/Appunti_Algoritmi_Strutture_Dati/packages/packages.tex:24: LaTeX Error: \usepackage before \documentclass.

See the LaTeX manual or LaTeX Companion for explanation.
Type  H <return>  for immediate help.
 ...                                              
                                                  
l.24 \usepackage{
                 colortbl} % Required for \rowcolor
\usepackage may only appear in the document preamble, i.e.,
between \documentclass and \begin{document}.


c:/Users/dany2/OneDrive/Desktop/UniSassari/Appunti_latex/Appunti_Algoritmi_Strutture_Dati/packages/packages.tex:25: LaTeX Error: \usepackage before \documentclass.

See the LaTeX manual or LaTeX Companion for explanation.
Type  H <return>  for immediate help.
 ...                                              
                                                  
l.25 \usepackage{
                 tikz}
\usepackage may only appear in the document preamble, i.e.,
between \documentclass and \begin{document}.

c:/Users/dany2/OneDrive/Desktop/UniSassari/Appunti_latex/Appunti_Algoritmi_Strutture_Dati/packages/packages.tex:26: Undefined control sequence.
l.26 \usetikzlibrary
                    {positioning, shapes.geometric}
The control sequence at the end of the top line
of your error message was never \def'ed. If you have
misspelled it (e.g., `\hobx'), type `I' and the correct
spelling (e.g., `I\hbox'). Otherwise just continue,
and I'll forget about whatever was undefined.

Missing character: There is no p in font nullfont!
Missing character: There is no o in font nullfont!
Missing character: There is no s in font nullfont!
Missing character: There is no i in font nullfont!
Missing character: There is no t in font nullfont!
Missing character: There is no i in font nullfont!
Missing character: There is no o in font nullfont!
Missing character: There is no n in font nullfont!
Missing character: There is no i in font nullfont!
Missing character: There is no n in font nullfont!
Missing character: There is no g in font nullfont!
Missing character: There is no , in font nullfont!
Missing character: There is no s in font nullfont!
Missing character: There is no h in font nullfont!
Missing character: There is no a in font nullfont!
Missing character: There is no p in font nullfont!
Missing character: There is no e in font nullfont!
Missing character: There is no s in font nullfont!
Missing character: There is no . in font nullfont!
Missing character: There is no g in font nullfont!
Missing character: There is no e in font nullfont!
Missing character: There is no o in font nullfont!
Missing character: There is no m in font nullfont!
Missing character: There is no e in font nullfont!
Missing character: There is no t in font nullfont!
Missing character: There is no r in font nullfont!
Missing character: There is no i in font nullfont!
Missing character: There is no c in font nullfont!

c:/Users/dany2/OneDrive/Desktop/UniSassari/Appunti_latex/Appunti_Algoritmi_Strutture_Dati/packages/packages.tex:27: LaTeX Error: \usepackage before \documentclass.

See the LaTeX manual or LaTeX Companion for explanation.
Type  H <return>  for immediate help.
 ...                                              
                                                  
l.27 \usepackage{
                 amssymb}
\usepackage may only appear in the document preamble, i.e.,
between \documentclass and \begin{document}.


c:/Users/dany2/OneDrive/Desktop/UniSassari/Appunti_latex/Appunti_Algoritmi_Strutture_Dati/packages/packages.tex:28: LaTeX Error: \usepackage before \documentclass.

See the LaTeX manual or LaTeX Companion for explanation.
Type  H <return>  for immediate help.
 ...                                              
                                                  
l.28 \usepackage{
                 changepage}
\usepackage may only appear in the document preamble, i.e.,
between \documentclass and \begin{document}.


Overfull \hbox (20.0pt too wide) in paragraph at lines 5--29
[]
 []


c:/Users/dany2/OneDrive/Desktop/UniSassari/Appunti_latex/Appunti_Algoritmi_Strutture_Dati/packages/packages.tex:31: LaTeX Error: \usepackage before \documentclass.

See the LaTeX manual or LaTeX Companion for explanation.
Type  H <return>  for immediate help.
 ...                                              
                                                  
l.31 \usepackage{
                 algorithm}
\usepackage may only appear in the document preamble, i.e.,
between \documentclass and \begin{document}.


c:/Users/dany2/OneDrive/Desktop/UniSassari/Appunti_latex/Appunti_Algoritmi_Strutture_Dati/packages/packages.tex:32: LaTeX Error: \usepackage before \documentclass.

See the LaTeX manual or LaTeX Companion for explanation.
Type  H <return>  for immediate help.
 ...                                              
                                                  
l.32 \usepackage{
                 algpseudocode}
\usepackage may only appear in the document preamble, i.e.,
between \documentclass and \begin{document}.


c:/Users/dany2/OneDrive/Desktop/UniSassari/Appunti_latex/Appunti_Algoritmi_Strutture_Dati/packages/packages.tex:33: LaTeX Error: Command \thealgorithm undefined.

See the LaTeX manual or LaTeX Companion for explanation.
Type  H <return>  for immediate help.
 ...                                              
                                                  
l.33 \renewcommand{\thealgorithm}
                                 {}
Try typing  <return>  to proceed.
If that doesn't work, type  X <return>  to quit.

c:/Users/dany2/OneDrive/Desktop/UniSassari/Appunti_latex/Appunti_Algoritmi_Strutture_Dati/packages/packages.tex:34: Undefined control sequence.
l.34 \floatname
               {algorithm}{}
The control sequence at the end of the top line
of your error message was never \def'ed. If you have
misspelled it (e.g., `\hobx'), type `I' and the correct
spelling (e.g., `I\hbox'). Otherwise just continue,
and I'll forget about whatever was undefined.


c:/Users/dany2/OneDrive/Desktop/UniSassari/Appunti_latex/Appunti_Algoritmi_Strutture_Dati/packages/packages.tex:34: LaTeX Error: Missing \begin{document}.

See the LaTeX manual or LaTeX Companion for explanation.
Type  H <return>  for immediate help.
 ...                                              
                                                  
l.34 \floatname{a
                 lgorithm}{}
You're in trouble here.  Try typing  <return>  to proceed.
If that doesn't work, type  X <return>  to quit.

Missing character: There is no a in font nullfont!
Missing character: There is no l in font nullfont!
Missing character: There is no g in font nullfont!
Missing character: There is no o in font nullfont!
Missing character: There is no r in font nullfont!
Missing character: There is no i in font nullfont!
Missing character: There is no t in font nullfont!
Missing character: There is no h in font nullfont!
Missing character: There is no m in font nullfont!

c:/Users/dany2/OneDrive/Desktop/UniSassari/Appunti_latex/Appunti_Algoritmi_Strutture_Dati/packages/packages.tex:35: LaTeX Error: \usepackage before \documentclass.

See the LaTeX manual or LaTeX Companion for explanation.
Type  H <return>  for immediate help.
 ...                                              
                                                  
l.35 \usepackage{
                 amsmath}
\usepackage may only appear in the document preamble, i.e.,
between \documentclass and \begin{document}.


c:/Users/dany2/OneDrive/Desktop/UniSassari/Appunti_latex/Appunti_Algoritmi_Strutture_Dati/packages/packages.tex:36: LaTeX Error: \usepackage before \documentclass.

See the LaTeX manual or LaTeX Companion for explanation.
Type  H <return>  for immediate help.
 ...                                              
                                                  
l.36 \usepackage{
                 mathtools}
\usepackage may only appear in the document preamble, i.e.,
between \documentclass and \begin{document}.


Overfull \hbox (20.0pt too wide) in paragraph at lines 34--37
[]
 []


c:/Users/dany2/OneDrive/Desktop/UniSassari/Appunti_latex/Appunti_Algoritmi_Strutture_Dati/packages/packages.tex:38: LaTeX Error: \usepackage before \documentclass.

See the LaTeX manual or LaTeX Companion for explanation.
Type  H <return>  for immediate help.
 ...                                              
                                                  
l.38 \usepackage[most]{
                       tcolorbox}
\usepackage may only appear in the document preamble, i.e.,
between \documentclass and \begin{document}.


c:/Users/dany2/OneDrive/Desktop/UniSassari/Appunti_latex/Appunti_Algoritmi_Strutture_Dati/packages/packages.tex:39: LaTeX Error: \usepackage before \documentclass.

See the LaTeX manual or LaTeX Companion for explanation.
Type  H <return>  for immediate help.
 ...                                              
                                                  
l.39 \usepackage{
                 listings}
\usepackage may only appear in the document preamble, i.e.,
between \documentclass and \begin{document}.


c:/Users/dany2/OneDrive/Desktop/UniSassari/Appunti_latex/Appunti_Algoritmi_Strutture_Dati/packages/packages.tex:40: LaTeX Error: \usepackage before \documentclass.

See the LaTeX manual or LaTeX Companion for explanation.
Type  H <return>  for immediate help.
 ...                                              
                                                  
l.40 \usepackage{
                 xcolor}
\usepackage may only appear in the document preamble, i.e.,
between \documentclass and \begin{document}.


c:/Users/dany2/OneDrive/Desktop/UniSassari/Appunti_latex/Appunti_Algoritmi_Strutture_Dati/packages/packages.tex:41: LaTeX Error: \usepackage before \documentclass.

See the LaTeX manual or LaTeX Companion for explanation.
Type  H <return>  for immediate help.
 ...                                              
                                                  
l.41 \usepackage[utf8]{
                       inputenc}
\usepackage may only appear in the document preamble, i.e.,
between \documentclass and \begin{document}.

c:/Users/dany2/OneDrive/Desktop/UniSassari/Appunti_latex/Appunti_Algoritmi_Strutture_Dati/packages/packages.tex:44: Undefined control sequence.
l.44 \definecolor
                 {codebg}{RGB}{245, 245, 245} % Sfondo grigio chiaro
The control sequence at the end of the top line
of your error message was never \def'ed. If you have
misspelled it (e.g., `\hobx'), type `I' and the correct
spelling (e.g., `I\hbox'). Otherwise just continue,
and I'll forget about whatever was undefined.


c:/Users/dany2/OneDrive/Desktop/UniSassari/Appunti_latex/Appunti_Algoritmi_Strutture_Dati/packages/packages.tex:44: LaTeX Error: Missing \begin{document}.

See the LaTeX manual or LaTeX Companion for explanation.
Type  H <return>  for immediate help.
 ...                                              
                                                  
l.44 \definecolor{c
                   odebg}{RGB}{245, 245, 245} % Sfondo grigio chiaro
You're in trouble here.  Try typing  <return>  to proceed.
If that doesn't work, type  X <return>  to quit.

Missing character: There is no c in font nullfont!
Missing character: There is no o in font nullfont!
Missing character: There is no d in font nullfont!
Missing character: There is no e in font nullfont!
Missing character: There is no b in font nullfont!
Missing character: There is no g in font nullfont!
Missing character: There is no R in font nullfont!
Missing character: There is no G in font nullfont!
Missing character: There is no B in font nullfont!
Missing character: There is no 2 in font nullfont!
Missing character: There is no 4 in font nullfont!
Missing character: There is no 5 in font nullfont!
Missing character: There is no , in font nullfont!
Missing character: There is no 2 in font nullfont!
Missing character: There is no 4 in font nullfont!
Missing character: There is no 5 in font nullfont!
Missing character: There is no , in font nullfont!
Missing character: There is no 2 in font nullfont!
Missing character: There is no 4 in font nullfont!
Missing character: There is no 5 in font nullfont!
c:/Users/dany2/OneDrive/Desktop/UniSassari/Appunti_latex/Appunti_Algoritmi_Strutture_Dati/packages/packages.tex:45: Undefined control sequence.
l.45 \definecolor
                 {codeborder}{RGB}{200, 200, 200} % Bordo grigio più scuro
The control sequence at the end of the top line
of your error message was never \def'ed. If you have
misspelled it (e.g., `\hobx'), type `I' and the correct
spelling (e.g., `I\hbox'). Otherwise just continue,
and I'll forget about whatever was undefined.

Missing character: There is no c in font nullfont!
Missing character: There is no o in font nullfont!
Missing character: There is no d in font nullfont!
Missing character: There is no e in font nullfont!
Missing character: There is no b in font nullfont!
Missing character: There is no o in font nullfont!
Missing character: There is no r in font nullfont!
Missing character: There is no d in font nullfont!
Missing character: There is no e in font nullfont!
Missing character: There is no r in font nullfont!
Missing character: There is no R in font nullfont!
Missing character: There is no G in font nullfont!
Missing character: There is no B in font nullfont!
Missing character: There is no 2 in font nullfont!
Missing character: There is no 0 in font nullfont!
Missing character: There is no 0 in font nullfont!
Missing character: There is no , in font nullfont!
Missing character: There is no 2 in font nullfont!
Missing character: There is no 0 in font nullfont!
Missing character: There is no 0 in font nullfont!
Missing character: There is no , in font nullfont!
Missing character: There is no 2 in font nullfont!
Missing character: There is no 0 in font nullfont!
Missing character: There is no 0 in font nullfont!
c:/Users/dany2/OneDrive/Desktop/UniSassari/Appunti_latex/Appunti_Algoritmi_Strutture_Dati/packages/packages.tex:46: Undefined control sequence.
l.46 \definecolor
                 {keywordcolor}{RGB}{0, 102, 204} % Blu per le parole chiave
The control sequence at the end of the top line
of your error message was never \def'ed. If you have
misspelled it (e.g., `\hobx'), type `I' and the correct
spelling (e.g., `I\hbox'). Otherwise just continue,
and I'll forget about whatever was undefined.

Missing character: There is no k in font nullfont!
Missing character: There is no e in font nullfont!
Missing character: There is no y in font nullfont!
Missing character: There is no w in font nullfont!
Missing character: There is no o in font nullfont!
Missing character: There is no r in font nullfont!
Missing character: There is no d in font nullfont!
Missing character: There is no c in font nullfont!
Missing character: There is no o in font nullfont!
Missing character: There is no l in font nullfont!
Missing character: There is no o in font nullfont!
Missing character: There is no r in font nullfont!
Missing character: There is no R in font nullfont!
Missing character: There is no G in font nullfont!
Missing character: There is no B in font nullfont!
Missing character: There is no 0 in font nullfont!
Missing character: There is no , in font nullfont!
Missing character: There is no 1 in font nullfont!
Missing character: There is no 0 in font nullfont!
Missing character: There is no 2 in font nullfont!
Missing character: There is no , in font nullfont!
Missing character: There is no 2 in font nullfont!
Missing character: There is no 0 in font nullfont!
Missing character: There is no 4 in font nullfont!
c:/Users/dany2/OneDrive/Desktop/UniSassari/Appunti_latex/Appunti_Algoritmi_Strutture_Dati/packages/packages.tex:47: Undefined control sequence.
l.47 \definecolor
                 {commentcolor}{RGB}{0, 153, 0} % Verde per i commenti
The control sequence at the end of the top line
of your error message was never \def'ed. If you have
misspelled it (e.g., `\hobx'), type `I' and the correct
spelling (e.g., `I\hbox'). Otherwise just continue,
and I'll forget about whatever was undefined.

Missing character: There is no c in font nullfont!
Missing character: There is no o in font nullfont!
Missing character: There is no m in font nullfont!
Missing character: There is no m in font nullfont!
Missing character: There is no e in font nullfont!
Missing character: There is no n in font nullfont!
Missing character: There is no t in font nullfont!
Missing character: There is no c in font nullfont!
Missing character: There is no o in font nullfont!
Missing character: There is no l in font nullfont!
Missing character: There is no o in font nullfont!
Missing character: There is no r in font nullfont!
Missing character: There is no R in font nullfont!
Missing character: There is no G in font nullfont!
Missing character: There is no B in font nullfont!
Missing character: There is no 0 in font nullfont!
Missing character: There is no , in font nullfont!
Missing character: There is no 1 in font nullfont!
Missing character: There is no 5 in font nullfont!
Missing character: There is no 3 in font nullfont!
Missing character: There is no , in font nullfont!
Missing character: There is no 0 in font nullfont!
c:/Users/dany2/OneDrive/Desktop/UniSassari/Appunti_latex/Appunti_Algoritmi_Strutture_Dati/packages/packages.tex:48: Undefined control sequence.
l.48 \definecolor
                 {stringcolor}{RGB}{204, 51, 0} % Rosso per le stringhe
The control sequence at the end of the top line
of your error message was never \def'ed. If you have
misspelled it (e.g., `\hobx'), type `I' and the correct
spelling (e.g., `I\hbox'). Otherwise just continue,
and I'll forget about whatever was undefined.

Missing character: There is no s in font nullfont!
Missing character: There is no t in font nullfont!
Missing character: There is no r in font nullfont!
Missing character: There is no i in font nullfont!
Missing character: There is no n in font nullfont!
Missing character: There is no g in font nullfont!
Missing character: There is no c in font nullfont!
Missing character: There is no o in font nullfont!
Missing character: There is no l in font nullfont!
Missing character: There is no o in font nullfont!
Missing character: There is no r in font nullfont!
Missing character: There is no R in font nullfont!
Missing character: There is no G in font nullfont!
Missing character: There is no B in font nullfont!
Missing character: There is no 2 in font nullfont!
Missing character: There is no 0 in font nullfont!
Missing character: There is no 4 in font nullfont!
Missing character: There is no , in font nullfont!
Missing character: There is no 5 in font nullfont!
Missing character: There is no 1 in font nullfont!
Missing character: There is no , in font nullfont!
Missing character: There is no 0 in font nullfont!
c:/Users/dany2/OneDrive/Desktop/UniSassari/Appunti_latex/Appunti_Algoritmi_Strutture_Dati/packages/packages.tex:49: Undefined control sequence.
l.49 \definecolor
                 {typenames}{RGB}{128, 0, 128} % Viola per i tipi di dato
The control sequence at the end of the top line
of your error message was never \def'ed. If you have
misspelled it (e.g., `\hobx'), type `I' and the correct
spelling (e.g., `I\hbox'). Otherwise just continue,
and I'll forget about whatever was undefined.

Missing character: There is no t in font nullfont!
Missing character: There is no y in font nullfont!
Missing character: There is no p in font nullfont!
Missing character: There is no e in font nullfont!
Missing character: There is no n in font nullfont!
Missing character: There is no a in font nullfont!
Missing character: There is no m in font nullfont!
Missing character: There is no e in font nullfont!
Missing character: There is no s in font nullfont!
Missing character: There is no R in font nullfont!
Missing character: There is no G in font nullfont!
Missing character: There is no B in font nullfont!
Missing character: There is no 1 in font nullfont!
Missing character: There is no 2 in font nullfont!
Missing character: There is no 8 in font nullfont!
Missing character: There is no , in font nullfont!
Missing character: There is no 0 in font nullfont!
Missing character: There is no , in font nullfont!
Missing character: There is no 1 in font nullfont!
Missing character: There is no 2 in font nullfont!
Missing character: There is no 8 in font nullfont!

Overfull \hbox (20.0pt too wide) in paragraph at lines 44--50
[]
 []

c:/Users/dany2/OneDrive/Desktop/UniSassari/Appunti_latex/Appunti_Algoritmi_Strutture_Dati/packages/packages.tex:51: Undefined control sequence.
l.51 \lstdefinestyle
                    {mystyle}{
The control sequence at the end of the top line
of your error message was never \def'ed. If you have
misspelled it (e.g., `\hobx'), type `I' and the correct
spelling (e.g., `I\hbox'). Otherwise just continue,
and I'll forget about whatever was undefined.


c:/Users/dany2/OneDrive/Desktop/UniSassari/Appunti_latex/Appunti_Algoritmi_Strutture_Dati/packages/packages.tex:51: LaTeX Error: Missing \begin{document}.

See the LaTeX manual or LaTeX Companion for explanation.
Type  H <return>  for immediate help.
 ...                                              
                                                  
l.51 \lstdefinestyle{m
                      ystyle}{
You're in trouble here.  Try typing  <return>  to proceed.
If that doesn't work, type  X <return>  to quit.

Missing character: There is no m in font nullfont!
Missing character: There is no y in font nullfont!
Missing character: There is no s in font nullfont!
Missing character: There is no t in font nullfont!
Missing character: There is no y in font nullfont!
Missing character: There is no l in font nullfont!
Missing character: There is no e in font nullfont!
Missing character: There is no b in font nullfont!
Missing character: There is no a in font nullfont!
Missing character: There is no c in font nullfont!
Missing character: There is no k in font nullfont!
Missing character: There is no g in font nullfont!
Missing character: There is no r in font nullfont!
Missing character: There is no o in font nullfont!
Missing character: There is no u in font nullfont!
Missing character: There is no n in font nullfont!
Missing character: There is no d in font nullfont!
Missing character: There is no c in font nullfont!
Missing character: There is no o in font nullfont!
Missing character: There is no l in font nullfont!
Missing character: There is no o in font nullfont!
Missing character: There is no r in font nullfont!
Missing character: There is no = in font nullfont!
c:/Users/dany2/OneDrive/Desktop/UniSassari/Appunti_latex/Appunti_Algoritmi_Strutture_Dati/packages/packages.tex:52: Undefined control sequence.
l.52     backgroundcolor=\color
                               {codebg}, % Sfondo grigio chiaro
The control sequence at the end of the top line
of your error message was never \def'ed. If you have
misspelled it (e.g., `\hobx'), type `I' and the correct
spelling (e.g., `I\hbox'). Otherwise just continue,
and I'll forget about whatever was undefined.

Missing character: There is no c in font nullfont!
Missing character: There is no o in font nullfont!
Missing character: There is no d in font nullfont!
Missing character: There is no e in font nullfont!
Missing character: There is no b in font nullfont!
Missing character: There is no g in font nullfont!
Missing character: There is no , in font nullfont!
Missing character: There is no f in font nullfont!
Missing character: There is no r in font nullfont!
Missing character: There is no a in font nullfont!
Missing character: There is no m in font nullfont!
Missing character: There is no e in font nullfont!
Missing character: There is no = in font nullfont!
Missing character: There is no s in font nullfont!
Missing character: There is no i in font nullfont!
Missing character: There is no n in font nullfont!
Missing character: There is no g in font nullfont!
Missing character: There is no l in font nullfont!
Missing character: There is no e in font nullfont!
Missing character: There is no , in font nullfont!
Missing character: There is no r in font nullfont!
Missing character: There is no u in font nullfont!
Missing character: There is no l in font nullfont!
Missing character: There is no e in font nullfont!
Missing character: There is no c in font nullfont!
Missing character: There is no o in font nullfont!
Missing character: There is no l in font nullfont!
Missing character: There is no o in font nullfont!
Missing character: There is no r in font nullfont!
Missing character: There is no = in font nullfont!
c:/Users/dany2/OneDrive/Desktop/UniSassari/Appunti_latex/Appunti_Algoritmi_Strutture_Dati/packages/packages.tex:54: Undefined control sequence.
l.54     rulecolor=\color
                         {codeborder}, % Colore del bordo
The control sequence at the end of the top line
of your error message was never \def'ed. If you have
misspelled it (e.g., `\hobx'), type `I' and the correct
spelling (e.g., `I\hbox'). Otherwise just continue,
and I'll forget about whatever was undefined.

Missing character: There is no c in font nullfont!
Missing character: There is no o in font nullfont!
Missing character: There is no d in font nullfont!
Missing character: There is no e in font nullfont!
Missing character: There is no b in font nullfont!
Missing character: There is no o in font nullfont!
Missing character: There is no r in font nullfont!
Missing character: There is no d in font nullfont!
Missing character: There is no e in font nullfont!
Missing character: There is no r in font nullfont!
Missing character: There is no , in font nullfont!
Missing character: There is no b in font nullfont!
Missing character: There is no a in font nullfont!
Missing character: There is no s in font nullfont!
Missing character: There is no i in font nullfont!
Missing character: There is no c in font nullfont!
Missing character: There is no s in font nullfont!
Missing character: There is no t in font nullfont!
Missing character: There is no y in font nullfont!
Missing character: There is no l in font nullfont!
Missing character: There is no e in font nullfont!
Missing character: There is no = in font nullfont!
LaTeX Font Info:    Trying to load font information for OT1+pcr on input line 55.
(C:\Users\dany2\AppData\Local\Programs\MiKTeX\tex/latex/psnfss\ot1pcr.fd
File: ot1pcr.fd 2001/06/04 font definitions for OT1/pcr.
)
c:/Users/dany2/OneDrive/Desktop/UniSassari/Appunti_latex/Appunti_Algoritmi_Strutture_Dati/packages/packages.tex:55: Undefined control sequence.
l.55 ...sicstyle=\fontfamily{pcr}\selectfont\small
                                                  , % Usa il font Courier ch...
The control sequence at the end of the top line
of your error message was never \def'ed. If you have
misspelled it (e.g., `\hobx'), type `I' and the correct
spelling (e.g., `I\hbox'). Otherwise just continue,
and I'll forget about whatever was undefined.

c:/Users/dany2/OneDrive/Desktop/UniSassari/Appunti_latex/Appunti_Algoritmi_Strutture_Dati/packages/packages.tex:56: Undefined control sequence.
l.56     keywordstyle=\color
                            {keywordcolor}\bfseries, % Parole chiave in blu ...
The control sequence at the end of the top line
of your error message was never \def'ed. If you have
misspelled it (e.g., `\hobx'), type `I' and the correct
spelling (e.g., `I\hbox'). Otherwise just continue,
and I'll forget about whatever was undefined.

c:/Users/dany2/OneDrive/Desktop/UniSassari/Appunti_latex/Appunti_Algoritmi_Strutture_Dati/packages/packages.tex:57: Undefined control sequence.
l.57     commentstyle=\color
                            {commentcolor}\itshape, % Commenti in verde e it...
The control sequence at the end of the top line
of your error message was never \def'ed. If you have
misspelled it (e.g., `\hobx'), type `I' and the correct
spelling (e.g., `I\hbox'). Otherwise just continue,
and I'll forget about whatever was undefined.

LaTeX Font Info:    Font shape `OT1/pcr/b/it' in size <10> not available
(Font)              Font shape `OT1/pcr/b/sl' tried instead on input line 57.
c:/Users/dany2/OneDrive/Desktop/UniSassari/Appunti_latex/Appunti_Algoritmi_Strutture_Dati/packages/packages.tex:58: Undefined control sequence.
l.58     stringstyle=\color
                           {stringcolor}, % Stringhe in rosso
The control sequence at the end of the top line
of your error message was never \def'ed. If you have
misspelled it (e.g., `\hobx'), type `I' and the correct
spelling (e.g., `I\hbox'). Otherwise just continue,
and I'll forget about whatever was undefined.

c:/Users/dany2/OneDrive/Desktop/UniSassari/Appunti_latex/Appunti_Algoritmi_Strutture_Dati/packages/packages.tex:59: Undefined control sequence.
l.59     identifierstyle=\color
                               {black}, % Identificatori normali in nero
The control sequence at the end of the top line
of your error message was never \def'ed. If you have
misspelled it (e.g., `\hobx'), type `I' and the correct
spelling (e.g., `I\hbox'). Otherwise just continue,
and I'll forget about whatever was undefined.

c:/Users/dany2/OneDrive/Desktop/UniSassari/Appunti_latex/Appunti_Algoritmi_Strutture_Dati/packages/packages.tex:60: Undefined control sequence.
l.60     numberstyle=\tiny
                          \color{gray}, % Numeri di riga in grigio
The control sequence at the end of the top line
of your error message was never \def'ed. If you have
misspelled it (e.g., `\hobx'), type `I' and the correct
spelling (e.g., `I\hbox'). Otherwise just continue,
and I'll forget about whatever was undefined.

c:/Users/dany2/OneDrive/Desktop/UniSassari/Appunti_latex/Appunti_Algoritmi_Strutture_Dati/packages/packages.tex:60: Undefined control sequence.
l.60     numberstyle=\tiny\color
                                {gray}, % Numeri di riga in grigio
The control sequence at the end of the top line
of your error message was never \def'ed. If you have
misspelled it (e.g., `\hobx'), type `I' and the correct
spelling (e.g., `I\hbox'). Otherwise just continue,
and I'll forget about whatever was undefined.

c:/Users/dany2/OneDrive/Desktop/UniSassari/Appunti_latex/Appunti_Algoritmi_Strutture_Dati/packages/packages.tex:64: Missing $ inserted.
<inserted text> 
                $
l.64     morekeywords={uint8_
                             t, uint16_t, uint32_t, size_t}, % Aggiunta di t...
I've inserted a begin-math/end-math symbol since I think
you left one out. Proceed, with fingers crossed.

LaTeX Font Info:    External font `cmex10' loaded for size
(Font)              <7> on input line 64.
LaTeX Font Info:    External font `cmex10' loaded for size
(Font)              <5> on input line 64.
c:/Users/dany2/OneDrive/Desktop/UniSassari/Appunti_latex/Appunti_Algoritmi_Strutture_Dati/packages/packages.tex:64: Extra }, or forgotten $.
l.64 ...ords={uint8_t, uint16_t, uint32_t, size_t}
                                                  , % Aggiunta di tipi stand...
I've deleted a group-closing symbol because it seems to be
spurious, as in `$x}$'. But perhaps the } is legitimate and
you forgot something else, as in `\hbox{$x}'. In such cases
the way to recover is to insert both the forgotten and the
deleted material, e.g., by typing `I$}'.

c:/Users/dany2/OneDrive/Desktop/UniSassari/Appunti_latex/Appunti_Algoritmi_Strutture_Dati/packages/packages.tex:66: Extra }, or forgotten $.
l.66 }
      
I've deleted a group-closing symbol because it seems to be
spurious, as in `$x}$'. But perhaps the } is legitimate and
you forgot something else, as in `\hbox{$x}'. In such cases
the way to recover is to insert both the forgotten and the
deleted material, e.g., by typing `I$}'.

)
! Emergency stop.
<*> ...oritmi_Strutture_Dati/packages/packages.tex
                                                  
*** (job aborted, no legal \end found)

 
Here is how much of TeX's memory you used:
 67 strings out of 474486
 1488 string characters out of 5743756
 1924542 words of memory out of 5000000
 22445 multiletter control sequences out of 15000+600000
 558770 words of font info for 39 fonts, out of 8000000 for 9000
 1141 hyphenation exceptions out of 8191
 21i,2n,23p,286b,104s stack positions out of 10000i,1000n,20000p,200000b,200000s
!  ==> Fatal error occurred, no output PDF file produced!
